#
# A fatal error has been detected by the Java Runtime Environment:
#
#  SIGBUS (0xa) at pc=0x000000010c0994f0, pid=11626, tid=30983
#
# JRE version: OpenJDK Runtime Environment Corretto-17.0.5.8.1 (17.0.5+8) (build 17.0.5+8-LTS)
# Java VM: OpenJDK 64-Bit Server VM Corretto-17.0.5.8.1 (17.0.5+8-LTS, mixed mode, sharing, tiered, compressed oops, compressed class ptrs, g1 gc, bsd-aarch64)
# Problematic frame:
# v  ~StubRoutines::SafeFetchN
#
# No core dump will be written. Core dumps have been disabled. To enable core dumping, try "ulimit -c unlimited" before starting Java again
#
# If you would like to submit a bug report, please visit:
#   https://github.com/corretto/corretto-17/issues/
# The crash happened outside the Java Virtual Machine in native code.
# See problematic frame for where to report the bug.
#

---------------  S U M M A R Y ------------

Command Line: -Dfile.encoding=UTF-8 -Duser.country=DE -Duser.language=en -Duser.variant de.tum.in.ase.pse.dispatcher.DispatcherMain

Host: "MacBookPro18,3" arm64, 8 cores, 16G, Darwin 21.6.0, macOS 12.6.1 (21G217)
Time: Mon Nov 21 23:54:22 2022 CET elapsed time: 0.881876 seconds (0d 0h 0m 0s)

---------------  T H R E A D  ---------------

Current thread (0x00000001439bf600):  JavaThread "InvokeLaterDispatcher" daemon [_thread_in_native, id=30983, stack(0x00000001704d0000,0x00000001706d3000)]

Stack: [0x00000001704d0000,0x00000001706d3000],  sp=0x00000001706d2790,  free space=2057k
Native frames: (J=compiled Java code, j=interpreted, Vv=VM code, C=native code)
v  ~StubRoutines::SafeFetchN
V  [libjvm.dylib+0x7b8570]  _ZN10OopStorage7releaseEPKP7oopDesc+0x20
V  [libjvm.dylib+0x4c9420]  jni_DeleteGlobalRef+0xd8
C  [libglass.dylib+0xab08]  -[GlassRunnable dealloc]+0x34
C  [Foundation+0x852b8]  -[_NSThreadPerformInfo dealloc]+0x30
C  [Foundation+0x51824]  -[NSObject(NSThreadPerformAdditions) performSelectorOnMainThread:withObject:waitUntilDone:]+0x88
C  0x893c80010c0a18ac
j  com.sun.glass.ui.mac.MacApplication.submitForLaterInvocation(Ljava/lang/Runnable;)V+2
j  com.sun.glass.ui.InvokeLaterDispatcher.run()V+82
v  ~StubRoutines::call_stub
V  [libjvm.dylib+0x46e5bc]  _ZN9JavaCalls11call_helperEP9JavaValueRK12methodHandleP17JavaCallArgumentsP10JavaThread+0x390
V  [libjvm.dylib+0x46d628]  _ZN9JavaCalls12call_virtualEP9JavaValueP5KlassP6SymbolS5_P17JavaCallArgumentsP10JavaThread+0xf8
V  [libjvm.dylib+0x46d6f0]  _ZN9JavaCalls12call_virtualEP9JavaValue6HandleP5KlassP6SymbolS6_P10JavaThread+0x64
V  [libjvm.dylib+0x521e68]  _ZL12thread_entryP10JavaThreadS0_+0xc4
V  [libjvm.dylib+0x9a3620]  _ZN10JavaThread17thread_main_innerEv+0x14c
V  [libjvm.dylib+0x9a1c8c]  _ZN6Thread8call_runEv+0xe0
V  [libjvm.dylib+0x7bf354]  _ZL19thread_native_entryP6Thread+0x158
C  [libsystem_pthread.dylib+0x726c]  _pthread_start+0x94

Java frames: (J=compiled Java code, j=interpreted, Vv=VM code)
j  com.sun.glass.ui.mac.MacApplication._submitForLaterInvocation(Ljava/lang/Runnable;)V+0
j  com.sun.glass.ui.mac.MacApplication.submitForLaterInvocation(Ljava/lang/Runnable;)V+2
j  com.sun.glass.ui.InvokeLaterDispatcher.run()V+82
v  ~StubRoutines::call_stub

siginfo: si_signo: 10 (SIGBUS), si_code: 1 (BUS_ADRALN), si_addr: 0x000000010c0994f0

Register to memory mapping:

 x0=0x0000000142f0c0c8 points into unknown readable memory: 0x0000000000000000 | 00 00 00 00 00 00 00 00
 x1=0x0 is NULL
 x2=0x000000070f2c3910 is an oop: com.sun.glass.ui.InvokeLaterDispatcher$Future 
{0x000000070f2c3910} - klass: 'com/sun/glass/ui/InvokeLaterDispatcher$Future'
 - ---- fields (total size 3 words):
 - private 'done' 'Z' @12  true
 - private final 'runnable' 'Ljava/lang/Runnable;' @16  a 'com/sun/javafx/tk/quantum/QuantumToolkit$$Lambda$84+0x0000000800c3b5f8'{0x000000070e82eca0} (e1d05d94)
 - final synthetic 'this$0' 'Lcom/sun/glass/ui/InvokeLaterDispatcher;' @20  a 'com/sun/glass/ui/InvokeLaterDispatcher'{0x000000070e80acc0} (e1d01598)
 x3=0x0 is NULL
 x4=0x00000000000130a8 is an unknown value
 x5=0x0 is NULL
 x6=0x0 is NULL
 x7=0x0 is NULL
 x8=0x000000010c0994ec is at begin+0 in a stub
StubRoutines::SafeFetchN [0x000000010c0994ec, 0x000000010c0994f8] (12 bytes)
 x9=0x0 is NULL
x10=0x2010000030300000 is an unknown value
x11=0x0000000000000007 is an unknown value
x12=0x0 is NULL
x13=0x0000600002ba9d70 points into unknown readable memory: 0x0000000000000000 | 00 00 00 00 00 00 00 00
x14=0x0000040000000000 is an unknown value
x15=0x00000001035a1f98: OBJC_CLASS_$_GlassRunnable+0 in /Users/umer/.openjfx/cache/17/libglass.dylib at 0x000000010355c000
x16=0x0000000180d070fc: pthread_getspecific+0 in /usr/lib/system/libsystem_pthread.dylib at 0x0000000180d05000
x17=0x0000600002eb4310 points into unknown readable memory: 0xfffffffffffffffe | fe ff ff ff ff ff ff ff
x18=0x0 is NULL
x19=0x0000600002ea8380 points into unknown readable memory: 0x00006000007b4690 | 90 46 7b 00 00 60 00 00
x20=0x0000000142f0bec0 points into unknown readable memory: 0x0000000000000000 | 00 00 00 00 00 00 00 00
x21=0x0000000142f0c0c8 points into unknown readable memory: 0x0000000000000000 | 00 00 00 00 00 00 00 00
x22=0x00000001439bf600 is a thread
x23=0x0000000000000001 is an unknown value
x24=0x0000000142f0c080 is a global jni handle
x25=0x000000010426ca98: _ZN12StubRoutines17_safefetchN_entryE+0 in /Users/umer/Library/Java/JavaVirtualMachines/corretto-17.0.5/Contents/Home/lib/server/libjvm.dylib at 0x0000000103608000
x26=0x000000012691e978 is pointing into metadata
x27=0x0 is NULL
x28=0x00000001439bf600 is a thread


Registers:
 x0=0x0000000142f0c0c8  x1=0x0000000000000000  x2=0x000000070f2c3910  x3=0x0000000000000000
 x4=0x00000000000130a8  x5=0x0000000000000000  x6=0x0000000000000000  x7=0x0000000000000000
 x8=0x000000010c0994ec  x9=0x0000000000000000 x10=0x2010000030300000 x11=0x0000000000000007
x12=0x0000000000000000 x13=0x0000600002ba9d70 x14=0x0000040000000000 x15=0x00000001035a1f98
x16=0x0000000180d070fc x17=0x0000600002eb4310 x18=0x0000000000000000 x19=0x0000600002ea8380
x20=0x0000000142f0bec0 x21=0x0000000142f0c0c8 x22=0x00000001439bf600 x23=0x0000000000000001
x24=0x0000000142f0c080 x25=0x000000010426ca98 x26=0x000000012691e978 x27=0x0000000000000000
x28=0x00000001439bf600  fp=0x00000001706d27d0  lr=0x0000000103dbf370  sp=0x00000001706d2790
pc=0x000000010c0994f0 cpsr=0x0000000060001000
Top of Stack: (sp=0x00000001706d2790)
0x00000001706d2790:   000000012691e978 0000000000000001
0x00000001706d27a0:   0000000144816138 0000000000000000
0x00000001706d27b0:   00000001448160a8 0000000142f0c080
0x00000001706d27c0:   0000000142f0c080 0000600002ea8380
0x00000001706d27d0:   00000001706d2810 0000000103dc0570
0x00000001706d27e0:   0000000000000001 0000000142f0c080
0x00000001706d27f0:   00000001448160a8 0000000142f0c080
0x00000001706d2800:   0000000000000001 0000000144815e00
0x00000001706d2810:   00000001706d2850 0000000103ad1420
0x00000001706d2820:   00000001706d2998 000060000070e910
0x00000001706d2830:   000060000070e8d0 00000001cb0488e4
0x00000001706d2840:   0000000000000000 000060000070e8d0
0x00000001706d2850:   00000001706d2880 0000000103566b08
0x00000001706d2860:   cdf9be642ecf0041 0000000000000000
0x00000001706d2870:   0000000000000000 0000600001021b00
0x00000001706d2880:   00000001706d28c0 0000000181cdd2b8
0x00000001706d2890:   00000001706d2998 000060000070e910
0x00000001706d28a0:   000060000070e8d0 cdf9be642ecf0041
0x00000001706d28b0:   0000000000000000 0000000000000000
0x00000001706d28c0:   00000001706d2900 1328000181ca9824
0x00000001706d28d0:   00000001706d2998 000000010c0a07c0
0x00000001706d28e0:   0000000000000000 0000000104274458
0x00000001706d28f0:   00000001706d2910 000000010c09f730
0x00000001706d2900:   00000001706d2970 893c80010c0a18ac
0x00000001706d2910:   00000001706d2910 000000080098f26d
0x00000001706d2920:   00000001706d2920 0000000000000000
0x00000001706d2930:   00000001706d2998 000000012691e978
0x00000001706d2940:   000000070e82bf30 0000000000000000
0x00000001706d2950:   0000000000000000 00000001268fb138
0x00000001706d2960:   0000000000000000 00000001706d2970
0x00000001706d2970:   00000001706d29f0 000000010c09dfc8
0x00000001706d2980:   0000000000000000 0000000000000000 

Instructions: (pc=0x000000010c0994f0)
0x000000010c0993f0:   f2a08469 f2c00029 6d425935 1e640886
0x000000010c099400:   0c402d31 1e6408c7 1f5654d0 1e6c1017
0x000000010c099410:   1f5050d0 1f504cd0 1f5048d0 1e650af6
0x000000010c099420:   1f50d8f6 1f5694d6 1f5158f6 1e762880
0x000000010c099430:   36000501 1e614000 14000026 2e251ca5
0x000000010c099440:   d2923009 f2a08469 f2c00029 6d425d36
0x000000010c099450:   1e600806 0c402d32 1f5758c7 1e6c101a
0x000000010c099460:   1f4754c7 1e650805 1f4750c7 d2866668
0x000000010c099470:   f2a7fa68 1f474cc7 1e6608c0 1f4748c7
0x000000010c099480:   1e6e1019 eb08007f 540000ac 1f479400
0x000000010c099490:   1f460340 1e603b20 1400000e d2a7fd29
0x000000010c0994a0:   eb09007f 540000ac 51480069 d3607d29
0x000000010c0994b0:   9e670121 14000002 1e6a5001 1f679417
0x000000010c0994c0:   1f668742 1e613b23 1e773857 1e773860
0x000000010c0994d0:   a8c17ff3 910003bf a8c17bfd d65f03c0
0x000000010c0994e0:   b9400001 aa0103e0 d65f03c0 f9400001
0x000000010c0994f0:   aa0103e0 d65f03c0 00000000 00000000
0x000000010c099500:   00000000 00000000 00000000 00000000
0x000000010c099510:   00000000 00000000 00000000 00000000
0x000000010c099520:   00000000 00000000 00000000 00000000
0x000000010c099530:   00000000 00000000 00000000 00000000
0x000000010c099540:   00000000 00000000 00000000 00000000
0x000000010c099550:   00000000 00000000 00000000 00000000
0x000000010c099560:   00000000 00000000 00000000 00000000
0x000000010c099570:   00000000 00000000 00000000 00000000
0x000000010c099580:   00000000 00000000 00000000 00000000
0x000000010c099590:   00000000 00000000 00000000 00000000
0x000000010c0995a0:   00000000 00000000 00000000 00000000
0x000000010c0995b0:   00000000 00000000 00000000 00000000
0x000000010c0995c0:   00000000 00000000 00000000 00000000
0x000000010c0995d0:   00000000 00000000 00000000 00000000
0x000000010c0995e0:   00000000 00000000 00000000 00000000 


Stack slot to memory mapping:
stack at sp + 0 slots: 0x000000012691e978 is pointing into metadata
stack at sp + 1 slots: 0x0000000000000001 is an unknown value
stack at sp + 2 slots: 0x0000000144816138 points into unknown readable memory: 0x0000000000000006 | 06 00 00 00 00 00 00 00
stack at sp + 3 slots: 0x0 is NULL
stack at sp + 4 slots: 0x00000001448160a8 points into unknown readable memory: 0x00000001042268d0 | d0 68 22 04 01 00 00 00
stack at sp + 5 slots: 0x0000000142f0c080 is a global jni handle
stack at sp + 6 slots: 0x0000000142f0c080 is a global jni handle
stack at sp + 7 slots: 0x0000600002ea8380 points into unknown readable memory: 0x00006000007b4690 | 90 46 7b 00 00 60 00 00

StubRoutines::SafeFetchN [0x000000010c0994ec, 0x000000010c0994f8] (12 bytes)
[MachCode]
  0x000000010c0994ec: 0100 40f9 | e003 01aa | c003 5fd6 
[/MachCode]

---------------  P R O C E S S  ---------------

Threads class SMR info:
_java_thread_list=0x00006000005614a0, length=19, elements={
0x000000014380a200, 0x0000000145026200, 0x0000000145028a00, 0x00000001438e5000,
0x000000014502a800, 0x000000014481b200, 0x000000014481b800, 0x0000000144818c00,
0x0000000144819200, 0x00000001438e4800, 0x00000001438e9c00, 0x000000014300d000,
0x0000000145028400, 0x00000001439bf600, 0x0000000144815e00, 0x0000000144a54400,
0x0000000129808200, 0x000000014533f000, 0x0000000129275600
}

Java Threads: ( => current thread )
  0x000000014380a200 JavaThread "main" [_thread_blocked, id=9731, stack(0x000000016dac8000,0x000000016dccb000)]
  0x0000000145026200 JavaThread "Reference Handler" daemon [_thread_blocked, id=14083, stack(0x000000016e91c000,0x000000016eb1f000)]
  0x0000000145028a00 JavaThread "Finalizer" daemon [_thread_blocked, id=14339, stack(0x000000016eb28000,0x000000016ed2b000)]
  0x00000001438e5000 JavaThread "Signal Dispatcher" daemon [_thread_blocked, id=23299, stack(0x000000016ee4c000,0x000000016f04f000)]
  0x000000014502a800 JavaThread "Service Thread" daemon [_thread_blocked, id=42755, stack(0x000000016f058000,0x000000016f25b000)]
  0x000000014481b200 JavaThread "Monitor Deflation Thread" daemon [_thread_blocked, id=42243, stack(0x000000016f264000,0x000000016f467000)]
  0x000000014481b800 JavaThread "C2 CompilerThread0" daemon [_thread_blocked, id=41987, stack(0x000000016f470000,0x000000016f673000)]
  0x0000000144818c00 JavaThread "C1 CompilerThread0" daemon [_thread_blocked, id=41475, stack(0x000000016f67c000,0x000000016f87f000)]
  0x0000000144819200 JavaThread "Sweeper thread" daemon [_thread_blocked, id=24067, stack(0x000000016f888000,0x000000016fa8b000)]
  0x00000001438e4800 JavaThread "Notification Thread" daemon [_thread_blocked, id=24579, stack(0x000000016fa94000,0x000000016fc97000)]
  0x00000001438e9c00 JavaThread "Common-Cleaner" daemon [_thread_blocked, id=40195, stack(0x000000016feac000,0x00000001700af000)]
  0x000000014300d000 JavaThread "JavaFX-Launcher" [_thread_blocked, id=24835, stack(0x00000001700b8000,0x00000001702bb000)]
  0x0000000145028400 JavaThread "QuantumRenderer-0" daemon [_thread_blocked, id=25347, stack(0x00000001702c4000,0x00000001704c7000)]
=>0x00000001439bf600 JavaThread "InvokeLaterDispatcher" daemon [_thread_in_native, id=30983, stack(0x00000001704d0000,0x00000001706d3000)]
  0x0000000144815e00 JavaThread "JavaFX Application Thread" [_thread_in_vm, id=259, stack(0x000000016d240000,0x000000016da3c000)]
  0x0000000144a54400 JavaThread "PulseTimer-CVDisplayLink thread" daemon [_thread_in_native, id=79107, stack(0x00000001706dc000,0x000000017075f000)]
  0x0000000129808200 JavaThread "Prism Font Disposer" daemon [_thread_blocked, id=55051, stack(0x00000001714c8000,0x00000001716cb000)]
  0x000000014533f000 JavaThread "Thread-4" daemon [_thread_in_native, id=74243, stack(0x00000001716d4000,0x00000001718d7000)]
  0x0000000129275600 JavaThread "Cleaner-0" daemon [_thread_blocked, id=67087, stack(0x00000001718e0000,0x0000000171ae3000)]

Other Threads:
  0x00000001441077b0 VMThread "VM Thread" [stack: 0x000000016e710000,0x000000016e913000] [id=16131]
  0x0000000142e054c0 WatcherThread [stack: 0x000000016fca0000,0x000000016fea3000] [id=40707]
  0x0000000142f07930 GCTaskThread "GC Thread#0" [stack: 0x000000016dcd4000,0x000000016ded7000] [id=19715]
  0x0000000142f42780 GCTaskThread "GC Thread#1" [stack: 0x0000000170a8c000,0x0000000170c8f000] [id=52483]
  0x0000000142f42c00 GCTaskThread "GC Thread#2" [stack: 0x0000000170c98000,0x0000000170e9b000] [id=77571]
  0x0000000142f43080 GCTaskThread "GC Thread#3" [stack: 0x0000000170ea4000,0x00000001710a7000] [id=77059]
  0x0000000142f43500 GCTaskThread "GC Thread#4" [stack: 0x00000001710b0000,0x00000001712b3000] [id=52995]
  0x0000000142f43980 GCTaskThread "GC Thread#5" [stack: 0x00000001712bc000,0x00000001714bf000] [id=53507]
  0x0000000142f07fe0 ConcurrentGCThread "G1 Main Marker" [stack: 0x000000016dee0000,0x000000016e0e3000] [id=19203]
  0x0000000142f08860 ConcurrentGCThread "G1 Conc#0" [stack: 0x000000016e0ec000,0x000000016e2ef000] [id=12547]
  0x0000000142f0a6d0 ConcurrentGCThread "G1 Refine#0" [stack: 0x000000016e2f8000,0x000000016e4fb000] [id=12803]
  0x0000000142f0af70 ConcurrentGCThread "G1 Service" [stack: 0x000000016e504000,0x000000016e707000] [id=17667]

Threads with active compile tasks:

VM state: not at safepoint (normal execution)

VM Mutex/Monitor currently owned by a thread: None

Heap address: 0x0000000700000000, size: 4096 MB, Compressed Oops mode: Zero based, Oop shift amount: 3

CDS archive(s) mapped at: [0x0000000800000000-0x0000000800bd8000-0x0000000800bd8000), size 12419072, SharedBaseAddress: 0x0000000800000000, ArchiveRelocationMode: 0.
Compressed class space mapped at: 0x0000000800c00000-0x0000000840c00000, reserved size: 1073741824
Narrow klass base: 0x0000000800000000, Narrow klass shift: 0, Narrow klass range: 0x100000000

GC Precious Log:
 CPUs: 8 total, 8 available
 Memory: 16384M
 Large Page Support: Disabled
 NUMA Support: Disabled
 Compressed Oops: Enabled (Zero based)
 Heap Region Size: 2M
 Heap Min Capacity: 8M
 Heap Initial Capacity: 256M
 Heap Max Capacity: 4G
 Pre-touch: Disabled
 Parallel Workers: 8
 Concurrent Workers: 2
 Concurrent Refinement Workers: 8
 Periodic GC: Disabled

Heap:
 garbage-first heap   total 266240K, used 24597K [0x0000000700000000, 0x0000000800000000)
  region size 2048K, 12 young (24576K), 2 survivors (4096K)
 Metaspace       used 12818K, committed 12992K, reserved 1064960K
  class space    used 1884K, committed 1984K, reserved 1048576K

Heap Regions: E=young(eden), S=young(survivor), O=old, HS=humongous(starts), HC=humongous(continues), CS=collection set, F=free, OA=open archive, CA=closed archive, TAMS=top-at-mark-start (previous, next)
|   0|0x0000000700000000, 0x000000070000d600, 0x0000000700200000|  2%| O|  |TAMS 0x0000000700000000, 0x0000000700000000| Untracked 
|   1|0x0000000700200000, 0x0000000700400000, 0x0000000700400000|100%|HS|  |TAMS 0x0000000700200000, 0x0000000700200000| Complete 
|   2|0x0000000700400000, 0x0000000700400000, 0x0000000700600000|  0%| F|  |TAMS 0x0000000700400000, 0x0000000700400000| Untracked 
|   3|0x0000000700600000, 0x0000000700600000, 0x0000000700800000|  0%| F|  |TAMS 0x0000000700600000, 0x0000000700600000| Untracked 
|   4|0x0000000700800000, 0x0000000700800000, 0x0000000700a00000|  0%| F|  |TAMS 0x0000000700800000, 0x0000000700800000| Untracked 
|   5|0x0000000700a00000, 0x0000000700a00000, 0x0000000700c00000|  0%| F|  |TAMS 0x0000000700a00000, 0x0000000700a00000| Untracked 
|   6|0x0000000700c00000, 0x0000000700c00000, 0x0000000700e00000|  0%| F|  |TAMS 0x0000000700c00000, 0x0000000700c00000| Untracked 
|   7|0x0000000700e00000, 0x0000000700e00000, 0x0000000701000000|  0%| F|  |TAMS 0x0000000700e00000, 0x0000000700e00000| Untracked 
|   8|0x0000000701000000, 0x0000000701000000, 0x0000000701200000|  0%| F|  |TAMS 0x0000000701000000, 0x0000000701000000| Untracked 
|   9|0x0000000701200000, 0x0000000701200000, 0x0000000701400000|  0%| F|  |TAMS 0x0000000701200000, 0x0000000701200000| Untracked 
|  10|0x0000000701400000, 0x0000000701400000, 0x0000000701600000|  0%| F|  |TAMS 0x0000000701400000, 0x0000000701400000| Untracked 
|  11|0x0000000701600000, 0x0000000701600000, 0x0000000701800000|  0%| F|  |TAMS 0x0000000701600000, 0x0000000701600000| Untracked 
|  12|0x0000000701800000, 0x0000000701800000, 0x0000000701a00000|  0%| F|  |TAMS 0x0000000701800000, 0x0000000701800000| Untracked 
|  13|0x0000000701a00000, 0x0000000701a00000, 0x0000000701c00000|  0%| F|  |TAMS 0x0000000701a00000, 0x0000000701a00000| Untracked 
|  14|0x0000000701c00000, 0x0000000701c00000, 0x0000000701e00000|  0%| F|  |TAMS 0x0000000701c00000, 0x0000000701c00000| Untracked 
|  15|0x0000000701e00000, 0x0000000701e00000, 0x0000000702000000|  0%| F|  |TAMS 0x0000000701e00000, 0x0000000701e00000| Untracked 
|  16|0x0000000702000000, 0x0000000702000000, 0x0000000702200000|  0%| F|  |TAMS 0x0000000702000000, 0x0000000702000000| Untracked 
|  17|0x0000000702200000, 0x0000000702200000, 0x0000000702400000|  0%| F|  |TAMS 0x0000000702200000, 0x0000000702200000| Untracked 
|  18|0x0000000702400000, 0x0000000702400000, 0x0000000702600000|  0%| F|  |TAMS 0x0000000702400000, 0x0000000702400000| Untracked 
|  19|0x0000000702600000, 0x0000000702600000, 0x0000000702800000|  0%| F|  |TAMS 0x0000000702600000, 0x0000000702600000| Untracked 
|  20|0x0000000702800000, 0x0000000702800000, 0x0000000702a00000|  0%| F|  |TAMS 0x0000000702800000, 0x0000000702800000| Untracked 
|  21|0x0000000702a00000, 0x0000000702a00000, 0x0000000702c00000|  0%| F|  |TAMS 0x0000000702a00000, 0x0000000702a00000| Untracked 
|  22|0x0000000702c00000, 0x0000000702c00000, 0x0000000702e00000|  0%| F|  |TAMS 0x0000000702c00000, 0x0000000702c00000| Untracked 
|  23|0x0000000702e00000, 0x0000000702e00000, 0x0000000703000000|  0%| F|  |TAMS 0x0000000702e00000, 0x0000000702e00000| Untracked 
|  24|0x0000000703000000, 0x0000000703000000, 0x0000000703200000|  0%| F|  |TAMS 0x0000000703000000, 0x0000000703000000| Untracked 
|  25|0x0000000703200000, 0x0000000703200000, 0x0000000703400000|  0%| F|  |TAMS 0x0000000703200000, 0x0000000703200000| Untracked 
|  26|0x0000000703400000, 0x0000000703400000, 0x0000000703600000|  0%| F|  |TAMS 0x0000000703400000, 0x0000000703400000| Untracked 
|  27|0x0000000703600000, 0x0000000703600000, 0x0000000703800000|  0%| F|  |TAMS 0x0000000703600000, 0x0000000703600000| Untracked 
|  28|0x0000000703800000, 0x0000000703800000, 0x0000000703a00000|  0%| F|  |TAMS 0x0000000703800000, 0x0000000703800000| Untracked 
|  29|0x0000000703a00000, 0x0000000703a00000, 0x0000000703c00000|  0%| F|  |TAMS 0x0000000703a00000, 0x0000000703a00000| Untracked 
|  30|0x0000000703c00000, 0x0000000703c00000, 0x0000000703e00000|  0%| F|  |TAMS 0x0000000703c00000, 0x0000000703c00000| Untracked 
|  31|0x0000000703e00000, 0x0000000703e00000, 0x0000000704000000|  0%| F|  |TAMS 0x0000000703e00000, 0x0000000703e00000| Untracked 
|  32|0x0000000704000000, 0x0000000704000000, 0x0000000704200000|  0%| F|  |TAMS 0x0000000704000000, 0x0000000704000000| Untracked 
|  33|0x0000000704200000, 0x0000000704200000, 0x0000000704400000|  0%| F|  |TAMS 0x0000000704200000, 0x0000000704200000| Untracked 
|  34|0x0000000704400000, 0x0000000704400000, 0x0000000704600000|  0%| F|  |TAMS 0x0000000704400000, 0x0000000704400000| Untracked 
|  35|0x0000000704600000, 0x0000000704600000, 0x0000000704800000|  0%| F|  |TAMS 0x0000000704600000, 0x0000000704600000| Untracked 
|  36|0x0000000704800000, 0x0000000704800000, 0x0000000704a00000|  0%| F|  |TAMS 0x0000000704800000, 0x0000000704800000| Untracked 
|  37|0x0000000704a00000, 0x0000000704a00000, 0x0000000704c00000|  0%| F|  |TAMS 0x0000000704a00000, 0x0000000704a00000| Untracked 
|  38|0x0000000704c00000, 0x0000000704c00000, 0x0000000704e00000|  0%| F|  |TAMS 0x0000000704c00000, 0x0000000704c00000| Untracked 
|  39|0x0000000704e00000, 0x0000000704e00000, 0x0000000705000000|  0%| F|  |TAMS 0x0000000704e00000, 0x0000000704e00000| Untracked 
|  40|0x0000000705000000, 0x0000000705000000, 0x0000000705200000|  0%| F|  |TAMS 0x0000000705000000, 0x0000000705000000| Untracked 
|  41|0x0000000705200000, 0x0000000705200000, 0x0000000705400000|  0%| F|  |TAMS 0x0000000705200000, 0x0000000705200000| Untracked 
|  42|0x0000000705400000, 0x0000000705400000, 0x0000000705600000|  0%| F|  |TAMS 0x0000000705400000, 0x0000000705400000| Untracked 
|  43|0x0000000705600000, 0x0000000705600000, 0x0000000705800000|  0%| F|  |TAMS 0x0000000705600000, 0x0000000705600000| Untracked 
|  44|0x0000000705800000, 0x0000000705800000, 0x0000000705a00000|  0%| F|  |TAMS 0x0000000705800000, 0x0000000705800000| Untracked 
|  45|0x0000000705a00000, 0x0000000705a00000, 0x0000000705c00000|  0%| F|  |TAMS 0x0000000705a00000, 0x0000000705a00000| Untracked 
|  46|0x0000000705c00000, 0x0000000705c00000, 0x0000000705e00000|  0%| F|  |TAMS 0x0000000705c00000, 0x0000000705c00000| Untracked 
|  47|0x0000000705e00000, 0x0000000705e00000, 0x0000000706000000|  0%| F|  |TAMS 0x0000000705e00000, 0x0000000705e00000| Untracked 
|  48|0x0000000706000000, 0x0000000706000000, 0x0000000706200000|  0%| F|  |TAMS 0x0000000706000000, 0x0000000706000000| Untracked 
|  49|0x0000000706200000, 0x0000000706200000, 0x0000000706400000|  0%| F|  |TAMS 0x0000000706200000, 0x0000000706200000| Untracked 
|  50|0x0000000706400000, 0x0000000706400000, 0x0000000706600000|  0%| F|  |TAMS 0x0000000706400000, 0x0000000706400000| Untracked 
|  51|0x0000000706600000, 0x0000000706600000, 0x0000000706800000|  0%| F|  |TAMS 0x0000000706600000, 0x0000000706600000| Untracked 
|  52|0x0000000706800000, 0x0000000706800000, 0x0000000706a00000|  0%| F|  |TAMS 0x0000000706800000, 0x0000000706800000| Untracked 
|  53|0x0000000706a00000, 0x0000000706a00000, 0x0000000706c00000|  0%| F|  |TAMS 0x0000000706a00000, 0x0000000706a00000| Untracked 
|  54|0x0000000706c00000, 0x0000000706c00000, 0x0000000706e00000|  0%| F|  |TAMS 0x0000000706c00000, 0x0000000706c00000| Untracked 
|  55|0x0000000706e00000, 0x0000000706e00000, 0x0000000707000000|  0%| F|  |TAMS 0x0000000706e00000, 0x0000000706e00000| Untracked 
|  56|0x0000000707000000, 0x0000000707000000, 0x0000000707200000|  0%| F|  |TAMS 0x0000000707000000, 0x0000000707000000| Untracked 
|  57|0x0000000707200000, 0x0000000707200000, 0x0000000707400000|  0%| F|  |TAMS 0x0000000707200000, 0x0000000707200000| Untracked 
|  58|0x0000000707400000, 0x0000000707400000, 0x0000000707600000|  0%| F|  |TAMS 0x0000000707400000, 0x0000000707400000| Untracked 
|  59|0x0000000707600000, 0x0000000707600000, 0x0000000707800000|  0%| F|  |TAMS 0x0000000707600000, 0x0000000707600000| Untracked 
|  60|0x0000000707800000, 0x0000000707800000, 0x0000000707a00000|  0%| F|  |TAMS 0x0000000707800000, 0x0000000707800000| Untracked 
|  61|0x0000000707a00000, 0x0000000707a00000, 0x0000000707c00000|  0%| F|  |TAMS 0x0000000707a00000, 0x0000000707a00000| Untracked 
|  62|0x0000000707c00000, 0x0000000707c00000, 0x0000000707e00000|  0%| F|  |TAMS 0x0000000707c00000, 0x0000000707c00000| Untracked 
|  63|0x0000000707e00000, 0x0000000707e00000, 0x0000000708000000|  0%| F|  |TAMS 0x0000000707e00000, 0x0000000707e00000| Untracked 
|  64|0x0000000708000000, 0x0000000708000000, 0x0000000708200000|  0%| F|  |TAMS 0x0000000708000000, 0x0000000708000000| Untracked 
|  65|0x0000000708200000, 0x0000000708200000, 0x0000000708400000|  0%| F|  |TAMS 0x0000000708200000, 0x0000000708200000| Untracked 
|  66|0x0000000708400000, 0x0000000708400000, 0x0000000708600000|  0%| F|  |TAMS 0x0000000708400000, 0x0000000708400000| Untracked 
|  67|0x0000000708600000, 0x0000000708600000, 0x0000000708800000|  0%| F|  |TAMS 0x0000000708600000, 0x0000000708600000| Untracked 
|  68|0x0000000708800000, 0x0000000708800000, 0x0000000708a00000|  0%| F|  |TAMS 0x0000000708800000, 0x0000000708800000| Untracked 
|  69|0x0000000708a00000, 0x0000000708a00000, 0x0000000708c00000|  0%| F|  |TAMS 0x0000000708a00000, 0x0000000708a00000| Untracked 
|  70|0x0000000708c00000, 0x0000000708c00000, 0x0000000708e00000|  0%| F|  |TAMS 0x0000000708c00000, 0x0000000708c00000| Untracked 
|  71|0x0000000708e00000, 0x0000000708e00000, 0x0000000709000000|  0%| F|  |TAMS 0x0000000708e00000, 0x0000000708e00000| Untracked 
|  72|0x0000000709000000, 0x0000000709000000, 0x0000000709200000|  0%| F|  |TAMS 0x0000000709000000, 0x0000000709000000| Untracked 
|  73|0x0000000709200000, 0x0000000709200000, 0x0000000709400000|  0%| F|  |TAMS 0x0000000709200000, 0x0000000709200000| Untracked 
|  74|0x0000000709400000, 0x0000000709400000, 0x0000000709600000|  0%| F|  |TAMS 0x0000000709400000, 0x0000000709400000| Untracked 
|  75|0x0000000709600000, 0x0000000709600000, 0x0000000709800000|  0%| F|  |TAMS 0x0000000709600000, 0x0000000709600000| Untracked 
|  76|0x0000000709800000, 0x0000000709800000, 0x0000000709a00000|  0%| F|  |TAMS 0x0000000709800000, 0x0000000709800000| Untracked 
|  77|0x0000000709a00000, 0x0000000709a00000, 0x0000000709c00000|  0%| F|  |TAMS 0x0000000709a00000, 0x0000000709a00000| Untracked 
|  78|0x0000000709c00000, 0x0000000709c00000, 0x0000000709e00000|  0%| F|  |TAMS 0x0000000709c00000, 0x0000000709c00000| Untracked 
|  79|0x0000000709e00000, 0x0000000709e00000, 0x000000070a000000|  0%| F|  |TAMS 0x0000000709e00000, 0x0000000709e00000| Untracked 
|  80|0x000000070a000000, 0x000000070a000000, 0x000000070a200000|  0%| F|  |TAMS 0x000000070a000000, 0x000000070a000000| Untracked 
|  81|0x000000070a200000, 0x000000070a200000, 0x000000070a400000|  0%| F|  |TAMS 0x000000070a200000, 0x000000070a200000| Untracked 
|  82|0x000000070a400000, 0x000000070a400000, 0x000000070a600000|  0%| F|  |TAMS 0x000000070a400000, 0x000000070a400000| Untracked 
|  83|0x000000070a600000, 0x000000070a600000, 0x000000070a800000|  0%| F|  |TAMS 0x000000070a600000, 0x000000070a600000| Untracked 
|  84|0x000000070a800000, 0x000000070a800000, 0x000000070aa00000|  0%| F|  |TAMS 0x000000070a800000, 0x000000070a800000| Untracked 
|  85|0x000000070aa00000, 0x000000070aa00000, 0x000000070ac00000|  0%| F|  |TAMS 0x000000070aa00000, 0x000000070aa00000| Untracked 
|  86|0x000000070ac00000, 0x000000070ac00000, 0x000000070ae00000|  0%| F|  |TAMS 0x000000070ac00000, 0x000000070ac00000| Untracked 
|  87|0x000000070ae00000, 0x000000070ae00000, 0x000000070b000000|  0%| F|  |TAMS 0x000000070ae00000, 0x000000070ae00000| Untracked 
|  88|0x000000070b000000, 0x000000070b000000, 0x000000070b200000|  0%| F|  |TAMS 0x000000070b000000, 0x000000070b000000| Untracked 
|  89|0x000000070b200000, 0x000000070b200000, 0x000000070b400000|  0%| F|  |TAMS 0x000000070b200000, 0x000000070b200000| Untracked 
|  90|0x000000070b400000, 0x000000070b400000, 0x000000070b600000|  0%| F|  |TAMS 0x000000070b400000, 0x000000070b400000| Untracked 
|  91|0x000000070b600000, 0x000000070b600000, 0x000000070b800000|  0%| F|  |TAMS 0x000000070b600000, 0x000000070b600000| Untracked 
|  92|0x000000070b800000, 0x000000070b800000, 0x000000070ba00000|  0%| F|  |TAMS 0x000000070b800000, 0x000000070b800000| Untracked 
|  93|0x000000070ba00000, 0x000000070ba00000, 0x000000070bc00000|  0%| F|  |TAMS 0x000000070ba00000, 0x000000070ba00000| Untracked 
|  94|0x000000070bc00000, 0x000000070bc00000, 0x000000070be00000|  0%| F|  |TAMS 0x000000070bc00000, 0x000000070bc00000| Untracked 
|  95|0x000000070be00000, 0x000000070be00000, 0x000000070c000000|  0%| F|  |TAMS 0x000000070be00000, 0x000000070be00000| Untracked 
|  96|0x000000070c000000, 0x000000070c000000, 0x000000070c200000|  0%| F|  |TAMS 0x000000070c000000, 0x000000070c000000| Untracked 
|  97|0x000000070c200000, 0x000000070c200000, 0x000000070c400000|  0%| F|  |TAMS 0x000000070c200000, 0x000000070c200000| Untracked 
|  98|0x000000070c400000, 0x000000070c400000, 0x000000070c600000|  0%| F|  |TAMS 0x000000070c400000, 0x000000070c400000| Untracked 
|  99|0x000000070c600000, 0x000000070c600000, 0x000000070c800000|  0%| F|  |TAMS 0x000000070c600000, 0x000000070c600000| Untracked 
| 100|0x000000070c800000, 0x000000070c800000, 0x000000070ca00000|  0%| F|  |TAMS 0x000000070c800000, 0x000000070c800000| Untracked 
| 101|0x000000070ca00000, 0x000000070ca00000, 0x000000070cc00000|  0%| F|  |TAMS 0x000000070ca00000, 0x000000070ca00000| Untracked 
| 102|0x000000070cc00000, 0x000000070cc00000, 0x000000070ce00000|  0%| F|  |TAMS 0x000000070cc00000, 0x000000070cc00000| Untracked 
| 103|0x000000070ce00000, 0x000000070ce00000, 0x000000070d000000|  0%| F|  |TAMS 0x000000070ce00000, 0x000000070ce00000| Untracked 
| 104|0x000000070d000000, 0x000000070d000000, 0x000000070d200000|  0%| F|  |TAMS 0x000000070d000000, 0x000000070d000000| Untracked 
| 105|0x000000070d200000, 0x000000070d200000, 0x000000070d400000|  0%| F|  |TAMS 0x000000070d200000, 0x000000070d200000| Untracked 
| 106|0x000000070d400000, 0x000000070d400000, 0x000000070d600000|  0%| F|  |TAMS 0x000000070d400000, 0x000000070d400000| Untracked 
| 107|0x000000070d600000, 0x000000070d600000, 0x000000070d800000|  0%| F|  |TAMS 0x000000070d600000, 0x000000070d600000| Untracked 
| 108|0x000000070d800000, 0x000000070d800000, 0x000000070da00000|  0%| F|  |TAMS 0x000000070d800000, 0x000000070d800000| Untracked 
| 109|0x000000070da00000, 0x000000070da00000, 0x000000070dc00000|  0%| F|  |TAMS 0x000000070da00000, 0x000000070da00000| Untracked 
| 110|0x000000070dc00000, 0x000000070dc00000, 0x000000070de00000|  0%| F|  |TAMS 0x000000070dc00000, 0x000000070dc00000| Untracked 
| 111|0x000000070de00000, 0x000000070de00000, 0x000000070e000000|  0%| F|  |TAMS 0x000000070de00000, 0x000000070de00000| Untracked 
| 112|0x000000070e000000, 0x000000070e000000, 0x000000070e200000|  0%| F|  |TAMS 0x000000070e000000, 0x000000070e000000| Untracked 
| 113|0x000000070e200000, 0x000000070e200000, 0x000000070e400000|  0%| F|  |TAMS 0x000000070e200000, 0x000000070e200000| Untracked 
| 114|0x000000070e400000, 0x000000070e400000, 0x000000070e600000|  0%| F|  |TAMS 0x000000070e400000, 0x000000070e400000| Untracked 
| 115|0x000000070e600000, 0x000000070e800000, 0x000000070e800000|100%| S|CS|TAMS 0x000000070e600000, 0x000000070e600000| Complete 
| 116|0x000000070e800000, 0x000000070ea00000, 0x000000070ea00000|100%| S|CS|TAMS 0x000000070e800000, 0x000000070e800000| Complete 
| 117|0x000000070ea00000, 0x000000070ea00000, 0x000000070ec00000|  0%| F|  |TAMS 0x000000070ea00000, 0x000000070ea00000| Untracked 
| 118|0x000000070ec00000, 0x000000070edcc350, 0x000000070ee00000| 89%| E|  |TAMS 0x000000070ec00000, 0x000000070ec00000| Complete 
| 119|0x000000070ee00000, 0x000000070f000000, 0x000000070f000000|100%| E|  |TAMS 0x000000070ee00000, 0x000000070ee00000| Complete 
| 120|0x000000070f000000, 0x000000070f200000, 0x000000070f200000|100%| E|CS|TAMS 0x000000070f000000, 0x000000070f000000| Complete 
| 121|0x000000070f200000, 0x000000070f400000, 0x000000070f400000|100%| E|CS|TAMS 0x000000070f200000, 0x000000070f200000| Complete 
| 122|0x000000070f400000, 0x000000070f600000, 0x000000070f600000|100%| E|CS|TAMS 0x000000070f400000, 0x000000070f400000| Complete 
| 123|0x000000070f600000, 0x000000070f800000, 0x000000070f800000|100%| E|CS|TAMS 0x000000070f600000, 0x000000070f600000| Complete 
| 124|0x000000070f800000, 0x000000070fa00000, 0x000000070fa00000|100%| E|CS|TAMS 0x000000070f800000, 0x000000070f800000| Complete 
| 125|0x000000070fa00000, 0x000000070fc00000, 0x000000070fc00000|100%| E|CS|TAMS 0x000000070fa00000, 0x000000070fa00000| Complete 
| 126|0x000000070fc00000, 0x000000070fe00000, 0x000000070fe00000|100%| E|CS|TAMS 0x000000070fc00000, 0x000000070fc00000| Complete 
| 127|0x000000070fe00000, 0x0000000710000000, 0x0000000710000000|100%| E|CS|TAMS 0x000000070fe00000, 0x000000070fe00000| Complete 
|2046|0x00000007ffc00000, 0x00000007ffd78000, 0x00000007ffe00000| 73%|OA|  |TAMS 0x00000007ffc00000, 0x00000007ffc00000| Untracked 
|2047|0x00000007ffe00000, 0x00000007ffe80000, 0x0000000800000000| 25%|CA|  |TAMS 0x00000007ffe00000, 0x00000007ffe00000| Untracked 

Card table byte_map: [0x000000011b098000,0x000000011b898000] _byte_map_base: 0x0000000117898000

Marking Bits (Prev, Next): (CMBitMap*) 0x0000000143833610, (CMBitMap*) 0x0000000143833650
 Prev Bits: [0x000000011c098000, 0x0000000120098000)
 Next Bits: [0x0000000120098000, 0x0000000124098000)

Polling page: 0x0000000102604000

Metaspace:

Usage:
  Non-class:     10.68 MB used.
      Class:      1.84 MB used.
       Both:     12.52 MB used.

Virtual space:
  Non-class space:       16.00 MB reserved,      10.75 MB ( 67%) committed,  2 nodes.
      Class space:        1.00 GB reserved,       1.94 MB ( <1%) committed,  1 nodes.
             Both:        1.02 GB reserved,      12.69 MB (  1%) committed. 

Chunk freelists:
   Non-Class:  208.00 KB
       Class:  1.91 MB
        Both:  2.11 MB

MaxMetaspaceSize: unlimited
CompressedClassSpaceSize: 1.00 GB
Initial GC threshold: 21.00 MB
Current GC threshold: 21.00 MB
CDS: on
MetaspaceReclaimPolicy: balanced
 - commit_granule_bytes: 65536.
 - commit_granule_words: 8192.
 - virtual_space_node_default_size: 1048576.
 - enlarge_chunks_in_place: 1.
 - new_chunks_are_fully_committed: 0.
 - uncommit_free_chunks: 1.
 - use_allocation_guard: 0.
 - handle_deallocations: 1.


Internal statistics:

num_allocs_failed_limit: 0.
num_arena_births: 154.
num_arena_deaths: 0.
num_vsnodes_births: 3.
num_vsnodes_deaths: 0.
num_space_committed: 203.
num_space_uncommitted: 0.
num_chunks_returned_to_freelist: 0.
num_chunks_taken_from_freelist: 544.
num_chunk_merges: 0.
num_chunk_splits: 405.
num_chunks_enlarged: 335.
num_purges: 0.
num_inconsistent_stats: 0.

CodeHeap 'non-profiled nmethods': size=120032Kb used=610Kb max_used=610Kb free=119422Kb
 bounds [0x0000000113b60000, 0x0000000113dd0000, 0x000000011b098000]
CodeHeap 'profiled nmethods': size=120016Kb used=3377Kb max_used=3377Kb free=116638Kb
 bounds [0x000000010c62c000, 0x000000010c97c000, 0x0000000113b60000]
CodeHeap 'non-nmethods': size=5712Kb used=1388Kb max_used=1445Kb free=4323Kb
 bounds [0x000000010c098000, 0x000000010c308000, 0x000000010c62c000]
 total_blobs=2361 nmethods=1597 adapters=680
 compilation: enabled
              stopped_count=0, restarted_count=0
 full_count=0

Compilation events (20 events):
Event: 0.842 Thread 0x000000014481b800 1612 %     4       java.util.Arrays::fill @ 10 (28 bytes)
Event: 0.844 Thread 0x000000014481b800 nmethod 1612% 0x0000000113bf6010 code [0x0000000113bf61c0, 0x0000000113bf6410]
Event: 0.844 Thread 0x000000014481b800 1571       4       com.sun.marlin.MaskMarlinAlphaConsumer::setAndClearRelativeAlphas (263 bytes)
Event: 0.847 Thread 0x000000014481b800 nmethod 1571 0x0000000113bf6510 code [0x0000000113bf6700, 0x0000000113bf6c10]
Event: 0.847 Thread 0x000000014481b800 1519       4       sun.misc.Unsafe::getInt (8 bytes)
Event: 0.847 Thread 0x000000014481b800 nmethod 1519 0x0000000113bf7010 code [0x0000000113bf7180, 0x0000000113bf7220]
Event: 0.847 Thread 0x000000014481b800 1522       4       sun.misc.Unsafe::putInt (9 bytes)
Event: 0.847 Thread 0x000000014481b800 nmethod 1522 0x0000000113bf7310 code [0x0000000113bf7480, 0x0000000113bf7520]
Event: 0.847 Thread 0x000000014481b800 1568       4       sun.misc.Unsafe::getByte (8 bytes)
Event: 0.847 Thread 0x000000014481b800 nmethod 1568 0x0000000113bf7610 code [0x0000000113bf7780, 0x0000000113bf7820]
Event: 0.847 Thread 0x000000014481b800 1615       4       java.nio.DirectFloatBufferU::ix (10 bytes)
Event: 0.847 Thread 0x000000014481b800 nmethod 1615 0x0000000113bf7910 code [0x0000000113bf7a80, 0x0000000113bf7b20]
Event: 0.847 Thread 0x000000014481b800 1609       4       com.sun.marlin.FloatMath::max (11 bytes)
Event: 0.848 Thread 0x000000014481b800 nmethod 1609 0x0000000113bf7c10 code [0x0000000113bf7d80, 0x0000000113bf7e20]
Event: 0.848 Thread 0x000000014481b800 1611       4       com.sun.marlin.FloatMath::min (11 bytes)
Event: 0.848 Thread 0x000000014481b800 nmethod 1611 0x0000000113bf7f10 code [0x0000000113bf8080, 0x0000000113bf80e0]
Event: 0.848 Thread 0x000000014481b800 1509       4       jdk.internal.misc.Unsafe::putByte (8 bytes)
Event: 0.848 Thread 0x000000014481b800 nmethod 1509 0x0000000113bf8210 code [0x0000000113bf8380, 0x0000000113bf8420]
Event: 0.855 Thread 0x0000000144818c00 1635       1       java.util.concurrent.locks.AbstractQueuedSynchronizer::setState (6 bytes)
Event: 0.855 Thread 0x0000000144818c00 nmethod 1635 0x0000000113bf8510 code [0x0000000113bf8680, 0x0000000113bf8768]

GC Heap History (2 events):
Event: 0.366 GC heap before
{Heap before GC invocations=0 (full 0):
 garbage-first heap   total 266240K, used 24544K [0x0000000700000000, 0x0000000800000000)
  region size 2048K, 11 young (22528K), 0 survivors (0K)
 Metaspace       used 7242K, committed 7424K, reserved 1064960K
  class space    used 991K, committed 1088K, reserved 1048576K
}
Event: 0.368 GC heap after
{Heap after GC invocations=1 (full 0):
 garbage-first heap   total 266240K, used 6165K [0x0000000700000000, 0x0000000800000000)
  region size 2048K, 2 young (4096K), 2 survivors (4096K)
 Metaspace       used 7242K, committed 7424K, reserved 1064960K
  class space    used 991K, committed 1088K, reserved 1048576K
}

Dll operation events (12 events):
Event: 0.003 Loaded shared library /Users/umer/Library/Java/JavaVirtualMachines/corretto-17.0.5/Contents/Home/lib/libjava.dylib
Event: 0.017 Loaded shared library /Users/umer/Library/Java/JavaVirtualMachines/corretto-17.0.5/Contents/Home/lib/libnio.dylib
Event: 0.019 Loaded shared library /Users/umer/Library/Java/JavaVirtualMachines/corretto-17.0.5/Contents/Home/lib/libzip.dylib
Event: 0.042 Loaded shared library /Users/umer/Library/Java/JavaVirtualMachines/corretto-17.0.5/Contents/Home/lib/libjimage.dylib
Event: 0.091 Loading shared library /Users/umer/.gradle/caches/modules-2/files-2.1/org.openjfx/javafx-graphics/17/b6326f61f7e0effbf733d62e83b8317eb8e768b4/libprism_es2.dylib failed, dlopen(/Users/umer/.gradle/caches/modules-2/files-2.1/org.openjfx/javafx-graphics/17/b
Event: 0.108 Loaded shared library /Users/umer/.openjfx/cache/17/libprism_es2.dylib
Event: 0.150 Loading shared library /Users/umer/.gradle/caches/modules-2/files-2.1/org.openjfx/javafx-graphics/17/b6326f61f7e0effbf733d62e83b8317eb8e768b4/libglass.dylib failed, dlopen(/Users/umer/.gradle/caches/modules-2/files-2.1/org.openjfx/javafx-graphics/17/b6326
Event: 0.156 Loaded shared library /Users/umer/.openjfx/cache/17/libglass.dylib
Event: 0.324 Loading shared library /Users/umer/.gradle/caches/modules-2/files-2.1/org.openjfx/javafx-graphics/17/b6326f61f7e0effbf733d62e83b8317eb8e768b4/libjavafx_font.dylib failed, dlopen(/Users/umer/.gradle/caches/modules-2/files-2.1/org.openjfx/javafx-graphics/17
Event: 0.326 Loaded shared library /Users/umer/.openjfx/cache/17/libjavafx_font.dylib
Event: 0.657 Loaded shared library /Users/umer/Library/Java/JavaVirtualMachines/corretto-17.0.5/Contents/Home/lib/libnet.dylib
Event: 0.659 Loaded shared library /Users/umer/Library/Java/JavaVirtualMachines/corretto-17.0.5/Contents/Home/lib/libextnet.dylib

Deoptimization events (20 events):
Event: 0.750 Thread 0x0000000145028400 DEOPT PACKING pc=0x000000010c93dda0 sp=0x00000001704c3910
Event: 0.750 Thread 0x0000000145028400 DEOPT UNPACKING pc=0x000000010c0d6b7c sp=0x00000001704c3570 mode 0
Event: 0.750 Thread 0x0000000145028400 DEOPT PACKING pc=0x000000010c93dda0 sp=0x00000001704c3910
Event: 0.750 Thread 0x0000000145028400 DEOPT UNPACKING pc=0x000000010c0d6b7c sp=0x00000001704c3570 mode 0
Event: 0.750 Thread 0x0000000145028400 DEOPT PACKING pc=0x000000010c93dda0 sp=0x00000001704c3910
Event: 0.750 Thread 0x0000000145028400 DEOPT UNPACKING pc=0x000000010c0d6b7c sp=0x00000001704c3570 mode 0
Event: 0.750 Thread 0x0000000145028400 DEOPT PACKING pc=0x000000010c93dda0 sp=0x00000001704c3910
Event: 0.750 Thread 0x0000000145028400 DEOPT UNPACKING pc=0x000000010c0d6b7c sp=0x00000001704c3570 mode 0
Event: 0.750 Thread 0x0000000145028400 DEOPT PACKING pc=0x000000010c93dda0 sp=0x00000001704c3910
Event: 0.750 Thread 0x0000000145028400 DEOPT UNPACKING pc=0x000000010c0d6b7c sp=0x00000001704c3570 mode 0
Event: 0.750 Thread 0x0000000145028400 DEOPT PACKING pc=0x000000010c93dda0 sp=0x00000001704c3910
Event: 0.750 Thread 0x0000000145028400 DEOPT UNPACKING pc=0x000000010c0d6b7c sp=0x00000001704c3570 mode 0
Event: 0.783 Thread 0x0000000145028400 DEOPT PACKING pc=0x000000010c93dda0 sp=0x00000001704c4fa0
Event: 0.783 Thread 0x0000000145028400 DEOPT UNPACKING pc=0x000000010c0d6b7c sp=0x00000001704c4c00 mode 0
Event: 0.783 Thread 0x0000000145028400 DEOPT PACKING pc=0x000000010c93dda0 sp=0x00000001704c4fa0
Event: 0.783 Thread 0x0000000145028400 DEOPT UNPACKING pc=0x000000010c0d6b7c sp=0x00000001704c4c00 mode 0
Event: 0.783 Thread 0x0000000145028400 DEOPT PACKING pc=0x000000010c93dda0 sp=0x00000001704c4fa0
Event: 0.783 Thread 0x0000000145028400 DEOPT UNPACKING pc=0x000000010c0d6b7c sp=0x00000001704c4c00 mode 0
Event: 0.793 Thread 0x0000000145028400 DEOPT PACKING pc=0x000000010c93dda0 sp=0x00000001704c4fa0
Event: 0.793 Thread 0x0000000145028400 DEOPT UNPACKING pc=0x000000010c0d6b7c sp=0x00000001704c4c00 mode 0

Classes unloaded (0 events):
No events

Classes redefined (0 events):
No events

Internal exceptions (20 events):
Event: 0.278 Thread 0x0000000144815e00 Exception <a 'java/lang/NoSuchMethodError'{0x000000070f5041b0}: 'void java.lang.invoke.DirectMethodHandle$Holder.invokeStaticInit(java.lang.Object)'> (0x000000070f5041b0) 
thrown [src/hotspot/share/interpreter/linkResolver.cpp, line 759]
Event: 0.279 Thread 0x000000014300d000 Exception <a 'java/lang/NoSuchMethodError'{0x000000070f9e85c0}: 'void java.lang.invoke.DirectMethodHandle$Holder.invokeStatic(java.lang.Object, java.lang.Object, java.lang.Object, java.lang.Object)'> (0x000000070f9e85c0) 
thrown [src/hotspot/share/interpreter/linkResolver.cpp, line 759]
Event: 0.305 Thread 0x0000000144815e00 Exception <a 'java/lang/NoSuchMethodError'{0x000000070f05a428}: 'java.lang.Object java.lang.invoke.DirectMethodHandle$Holder.invokeStaticInit(java.lang.Object, java.lang.Object, java.lang.Object, java.lang.Object)'> (0x000000070f05a428) 
thrown [src/hotspot/share/interpreter/linkResolver.cpp, line 759]
Event: 0.306 Thread 0x0000000144815e00 Exception <a 'java/lang/NullPointerException'{0x000000070f064f40}> (0x000000070f064f40) 
thrown [src/hotspot/share/interpreter/linkResolver.cpp, line 1350]
Event: 0.350 Thread 0x0000000144815e00 Exception <a 'java/lang/NoSuchMethodError'{0x000000070ea1d698}: 'void java.lang.invoke.DirectMethodHandle$Holder.invokeStaticInit(java.lang.Object, java.lang.Object)'> (0x000000070ea1d698) 
thrown [src/hotspot/share/interpreter/linkResolver.cpp, line 759]
Event: 0.355 Thread 0x0000000144815e00 Exception <a 'java/lang/NoSuchMethodError'{0x000000070ea9d460}: 'void java.lang.invoke.DirectMethodHandle$Holder.invokeSpecial(java.lang.Object, java.lang.Object, java.lang.Object, java.lang.Object, java.lang.Object)'> (0x000000070ea9d460) 
thrown [src/hotspot/share/interpreter/linkResolver.cpp, line 759]
Event: 0.380 Thread 0x0000000144815e00 Exception <a 'java/lang/NoSuchMethodError'{0x000000070ffa6670}: 'java.lang.Object java.lang.invoke.DirectMethodHandle$Holder.invokeInterface(java.lang.Object, java.lang.Object)'> (0x000000070ffa6670) 
thrown [src/hotspot/share/interpreter/linkResolver.cpp, line 759]
Event: 0.409 Thread 0x0000000144815e00 Implicit null exception at 0x0000000113ba2094 to 0x0000000113ba2458
Event: 0.409 Thread 0x0000000144815e00 Implicit null exception at 0x0000000113ba0fd4 to 0x0000000113ba1320
Event: 0.425 Thread 0x0000000144815e00 Exception <a 'java/lang/NoSuchMethodError'{0x000000070fb0f320}: 'java.lang.Object java.lang.invoke.DirectMethodHandle$Holder.invokeInterface(java.lang.Object, java.lang.Object, java.lang.Object)'> (0x000000070fb0f320) 
thrown [src/hotspot/share/interpreter/linkResolver.cpp, line 759]
Event: 0.425 Thread 0x0000000144815e00 Exception <a 'java/lang/IncompatibleClassChangeError'{0x000000070fb12ca8}: Found class java.lang.Object, but interface was expected> (0x000000070fb12ca8) 
thrown [src/hotspot/share/interpreter/linkResolver.cpp, line 826]
Event: 0.649 Thread 0x0000000144815e00 Exception <a 'java/lang/NoSuchMethodError'{0x000000070f237398}: 'java.lang.Object java.lang.invoke.DirectMethodHandle$Holder.newInvokeSpecial(java.lang.Object, java.lang.Object, int, int)'> (0x000000070f237398) 
thrown [src/hotspot/share/interpreter/linkResolver.cpp, line 759]
Event: 0.653 Thread 0x0000000144815e00 Exception <a 'java/lang/NoSuchMethodError'{0x000000070f24bd08}: 'java.lang.Object java.lang.invoke.DirectMethodHandle$Holder.newInvokeSpecial(java.lang.Object, java.lang.Object, int)'> (0x000000070f24bd08) 
thrown [src/hotspot/share/interpreter/linkResolver.cpp, line 759]
Event: 0.656 Thread 0x0000000144815e00 Exception <a 'java/lang/NoSuchMethodError'{0x000000070f2535a8}: 'void java.lang.invoke.DirectMethodHandle$Holder.invokeVirtual(java.lang.Object, java.lang.Object)'> (0x000000070f2535a8) 
thrown [src/hotspot/share/interpreter/linkResolver.cpp, line 759]
Event: 0.691 Thread 0x0000000145028400 Exception <a 'java/lang/NoSuchMethodError'{0x000000070f055da0}: 'int java.lang.invoke.DirectMethodHandle$Holder.invokeStaticInit(java.lang.Object, java.lang.Object)'> (0x000000070f055da0) 
thrown [src/hotspot/share/interpreter/linkResolver.cpp, line 759]
Event: 0.695 Thread 0x0000000144815e00 Exception <a 'java/lang/NoSuchMethodError'{0x000000070f3d7ab8}: 'long java.lang.invoke.DirectMethodHandle$Holder.invokeStatic(java.lang.Object, java.lang.Object, java.lang.Object)'> (0x000000070f3d7ab8) 
thrown [src/hotspot/share/interpreter/linkResolver.cpp, line 759]
Event: 0.695 Thread 0x0000000144815e00 Exception <a 'java/lang/NoSuchMethodError'{0x000000070f3db260}: 'long java.lang.invoke.DirectMethodHandle$Holder.invokeStaticInit(java.lang.Object, java.lang.Object, java.lang.Object)'> (0x000000070f3db260) 
thrown [src/hotspot/share/interpreter/linkResolver.cpp, line 759]
Event: 0.696 Thread 0x0000000144815e00 Exception <a 'java/lang/NoSuchMethodError'{0x000000070f3f2e68}: 'java.lang.Object java.lang.invoke.DirectMethodHandle$Holder.newInvokeSpecial(java.lang.Object, java.lang.Object, long)'> (0x000000070f3f2e68) 
thrown [src/hotspot/share/interpreter/linkResolver.cpp, line 759]
Event: 0.696 Thread 0x0000000144815e00 Exception <a 'java/lang/NoSuchMethodError'{0x000000070f3f6730}: 'java.lang.Object java.lang.invoke.Invokers$Holder.linkToTargetMethod(java.lang.Object, long, java.lang.Object)'> (0x000000070f3f6730) 
thrown [src/hotspot/share/interpreter/linkResolver.cpp, line 759]
Event: 0.770 Thread 0x0000000145028400 Exception <a 'java/lang/NoSuchMethodError'{0x000000070efe7c10}: 'java.lang.Object java.lang.invoke.DirectMethodHandle$Holder.invokeStaticInit(java.lang.Object, int)'> (0x000000070efe7c10) 
thrown [src/hotspot/share/interpreter/linkResolver.cpp, line 759]

VM Operations (14 events):
Event: 0.092 Executing VM operation: HandshakeAllThreads
Event: 0.092 Executing VM operation: HandshakeAllThreads done
Event: 0.293 Executing VM operation: ICBufferFull
Event: 0.294 Executing VM operation: ICBufferFull done
Event: 0.357 Executing VM operation: ICBufferFull
Event: 0.357 Executing VM operation: ICBufferFull done
Event: 0.366 Executing VM operation: G1CollectForAllocation
Event: 0.368 Executing VM operation: G1CollectForAllocation done
Event: 0.627 Executing VM operation: ICBufferFull
Event: 0.627 Executing VM operation: ICBufferFull done
Event: 0.658 Executing VM operation: HandshakeAllThreads
Event: 0.658 Executing VM operation: HandshakeAllThreads done
Event: 0.678 Executing VM operation: ICBufferFull
Event: 0.678 Executing VM operation: ICBufferFull done

Events (20 events):
Event: 0.708 loading class jdk/internal/reflect/UnsafeQualifiedStaticFieldAccessorImpl done
Event: 0.708 loading class jdk/internal/reflect/UnsafeQualifiedStaticObjectFieldAccessorImpl done
Event: 0.721 loading class java/nio/DirectByteBuffer$Deallocator
Event: 0.721 loading class java/nio/DirectByteBuffer$Deallocator done
Event: 0.721 loading class java/nio/DirectShortBufferU
Event: 0.721 loading class java/nio/ShortBuffer
Event: 0.721 loading class java/nio/ShortBuffer done
Event: 0.721 loading class java/nio/DirectShortBufferU done
Event: 0.738 loading class java/nio/FloatBuffer
Event: 0.738 loading class java/nio/FloatBuffer done
Event: 0.738 loading class java/nio/DoubleBuffer
Event: 0.738 loading class java/nio/DoubleBuffer done
Event: 0.738 loading class java/nio/DirectFloatBufferU
Event: 0.738 loading class java/nio/DirectFloatBufferU done
Event: 0.793 loading class java/util/EnumMap$Values
Event: 0.793 loading class java/util/EnumMap$Values done
Event: 0.793 loading class java/util/EnumMap$ValueIterator
Event: 0.793 loading class java/util/EnumMap$EnumMapIterator
Event: 0.793 loading class java/util/EnumMap$EnumMapIterator done
Event: 0.793 loading class java/util/EnumMap$ValueIterator done


Dynamic libraries:
0x00000001025c0000 	/Users/umer/Library/Java/JavaVirtualMachines/corretto-17.0.5/Contents/Home/lib/libjli.dylib
0x00000001976f5000 	/System/Library/Frameworks/Cocoa.framework/Versions/A/Cocoa
0x00000001838fd000 	/System/Library/Frameworks/AppKit.framework/Versions/C/AppKit
0x0000000186e14000 	/System/Library/Frameworks/CoreData.framework/Versions/A/CoreData
0x0000000181c58000 	/System/Library/Frameworks/Foundation.framework/Versions/C/Foundation
0x000000018b875000 	/usr/lib/libSystem.B.dylib
0x00000001847b6000 	/System/Library/PrivateFrameworks/UIFoundation.framework/Versions/A/UIFoundation
0x00000001918c3000 	/System/Library/PrivateFrameworks/RemoteViewServices.framework/Versions/A/RemoteViewServices
0x0000000189d34000 	/System/Library/PrivateFrameworks/XCTTargetBootstrap.framework/Versions/A/XCTTargetBootstrap
0x000000018d5b7000 	/System/Library/PrivateFrameworks/InternationalSupport.framework/Versions/A/InternationalSupport
0x000000018d640000 	/System/Library/PrivateFrameworks/UserActivity.framework/Versions/A/UserActivity
0x000000018caac000 	/usr/lib/libspindump.dylib
0x0000000184a27000 	/System/Library/Frameworks/UniformTypeIdentifiers.framework/Versions/A/UniformTypeIdentifiers
0x000000018827c000 	/usr/lib/libapp_launch_measurement.dylib
0x00000001877a0000 	/System/Library/PrivateFrameworks/CoreAnalytics.framework/Versions/A/CoreAnalytics
0x000000018827f000 	/System/Library/PrivateFrameworks/CoreAutoLayout.framework/Versions/A/CoreAutoLayout
0x0000000189623000 	/System/Library/Frameworks/Metal.framework/Versions/A/Metal
0x000000018a39d000 	/usr/lib/liblangid.dylib
0x0000000189d39000 	/System/Library/PrivateFrameworks/CoreSVG.framework/Versions/A/CoreSVG
0x0000000185ebe000 	/System/Library/PrivateFrameworks/SkyLight.framework/Versions/A/SkyLight
0x000000018629a000 	/System/Library/Frameworks/CoreGraphics.framework/Versions/A/CoreGraphics
0x0000000191f8f000 	/System/Library/Frameworks/Accelerate.framework/Versions/A/Accelerate
0x000000018c523000 	/System/Library/PrivateFrameworks/IconServices.framework/Versions/A/IconServices
0x0000000189605000 	/System/Library/Frameworks/IOSurface.framework/Versions/A/IOSurface
0x00000001877d1000 	/usr/lib/libDiagnosticMessagesClient.dylib
0x000000018b7be000 	/usr/lib/libz.1.dylib
0x0000000195495000 	/System/Library/Frameworks/ApplicationServices.framework/Versions/A/ApplicationServices
0x0000000189d1c000 	/System/Library/PrivateFrameworks/DFRFoundation.framework/Versions/A/DFRFoundation
0x000000018318d000 	/usr/lib/libicucore.A.dylib
0x000000018e465000 	/System/Library/Frameworks/AudioToolbox.framework/Versions/A/AudioToolbox
0x000000018d5c3000 	/System/Library/PrivateFrameworks/DataDetectorsCore.framework/Versions/A/DataDetectorsCore
0x00000001a3fe2000 	/System/Library/PrivateFrameworks/TextInput.framework/Versions/A/TextInput
0x0000000185e33000 	/usr/lib/libMobileGestalt.dylib
0x00000001899e8000 	/System/Library/Frameworks/Carbon.framework/Versions/A/Frameworks/HIToolbox.framework/Versions/A/HIToolbox
0x0000000187c55000 	/System/Library/Frameworks/QuartzCore.framework/Versions/A/QuartzCore
0x0000000182e0e000 	/System/Library/Frameworks/Security.framework/Versions/A/Security
0x0000000191903000 	/System/Library/Frameworks/Carbon.framework/Versions/A/Frameworks/SpeechRecognition.framework/Versions/A/SpeechRecognition
0x0000000187fd1000 	/System/Library/PrivateFrameworks/CoreUI.framework/Versions/A/CoreUI
0x00000001826ea000 	/System/Library/Frameworks/CoreAudio.framework/Versions/A/CoreAudio
0x00000001878c5000 	/System/Library/Frameworks/DiskArbitration.framework/Versions/A/DiskArbitration
0x000000018ceb6000 	/System/Library/PrivateFrameworks/MultitouchSupport.framework/Versions/A/MultitouchSupport
0x0000000185e31000 	/usr/lib/libenergytrace.dylib
0x00000001837c5000 	/System/Library/Frameworks/IOKit.framework/Versions/A/IOKit
0x0000000191cf2000 	/System/Library/Frameworks/CoreServices.framework/Versions/A/CoreServices
0x000000018820c000 	/System/Library/PrivateFrameworks/PerformanceAnalysis.framework/Versions/A/PerformanceAnalysis
0x00000001e2487000 	/System/Library/Frameworks/OpenGL.framework/Versions/A/OpenGL
0x000000018ae10000 	/System/Library/PrivateFrameworks/MobileKeyBag.framework/Versions/A/MobileKeyBag
0x0000000180b8b000 	/usr/lib/libobjc.A.dylib
0x00000001868a8000 	/System/Library/Frameworks/ColorSync.framework/Versions/A/ColorSync
0x0000000180d54000 	/System/Library/Frameworks/CoreFoundation.framework/Versions/A/CoreFoundation
0x0000000189fb9000 	/System/Library/Frameworks/CoreImage.framework/Versions/A/CoreImage
0x000000018250e000 	/System/Library/Frameworks/CoreText.framework/Versions/A/CoreText
0x0000000189d69000 	/System/Library/Frameworks/ImageIO.framework/Versions/A/ImageIO
0x000000018b87b000 	/System/Library/PrivateFrameworks/SoftLinking.framework/Versions/A/SoftLinking
0x00000001882ca000 	/usr/lib/libxml2.2.dylib
0x0000000180c4e000 	/usr/lib/libc++.1.dylib
0x000000018bb14000 	/usr/lib/libcompression.dylib
0x000000018d513000 	/System/Library/PrivateFrameworks/TextureIO.framework/Versions/A/TextureIO
0x000000018c23c000 	/usr/lib/libate.dylib
0x000000018b86f000 	/usr/lib/system/libcache.dylib
0x000000018b82d000 	/usr/lib/system/libcommonCrypto.dylib
0x000000018b856000 	/usr/lib/system/libcompiler_rt.dylib
0x000000018b84d000 	/usr/lib/system/libcopyfile.dylib
0x0000000180a8f000 	/usr/lib/system/libcorecrypto.dylib
0x0000000180b44000 	/usr/lib/system/libdispatch.dylib
0x0000000180d12000 	/usr/lib/system/libdyld.dylib
0x000000018b865000 	/usr/lib/system/libkeymgr.dylib
0x000000018b808000 	/usr/lib/system/libmacho.dylib
0x000000018aef8000 	/usr/lib/system/libquarantine.dylib
0x000000018b862000 	/usr/lib/system/libremovefile.dylib
0x0000000185e8a000 	/usr/lib/system/libsystem_asl.dylib
0x0000000180a31000 	/usr/lib/system/libsystem_blocks.dylib
0x0000000180bcc000 	/usr/lib/system/libsystem_c.dylib
0x000000018b85a000 	/usr/lib/system/libsystem_collections.dylib
0x000000018a38d000 	/usr/lib/system/libsystem_configuration.dylib
0x00000001895e6000 	/usr/lib/system/libsystem_containermanager.dylib
0x000000018b565000 	/usr/lib/system/libsystem_coreservices.dylib
0x0000000183443000 	/usr/lib/system/libsystem_darwin.dylib
0x000000018b866000 	/usr/lib/system/libsystem_dnssd.dylib
0x0000000180bc9000 	/usr/lib/system/libsystem_featureflags.dylib
0x0000000180d27000 	/usr/lib/system/libsystem_info.dylib
0x000000018b7d0000 	/usr/lib/system/libsystem_m.dylib
0x0000000180b19000 	/usr/lib/system/libsystem_malloc.dylib
0x0000000185e18000 	/usr/lib/system/libsystem_networkextension.dylib
0x000000018389c000 	/usr/lib/system/libsystem_notify.dylib
0x0000000191bc9000 	/usr/lib/system/libsystem_product_info_filter.dylib
0x000000018a392000 	/usr/lib/system/libsystem_sandbox.dylib
0x000000018b85f000 	/usr/lib/system/libsystem_secinit.dylib
0x0000000180ccd000 	/usr/lib/system/libsystem_kernel.dylib
0x0000000180d1f000 	/usr/lib/system/libsystem_platform.dylib
0x0000000180d05000 	/usr/lib/system/libsystem_pthread.dylib
0x00000001875ee000 	/usr/lib/system/libsystem_symptoms.dylib
0x0000000180a75000 	/usr/lib/system/libsystem_trace.dylib
0x000000018b83a000 	/usr/lib/system/libunwind.dylib
0x0000000180a33000 	/usr/lib/system/libxpc.dylib
0x0000000180cb5000 	/usr/lib/libc++abi.dylib
0x000000018b845000 	/usr/lib/liboah.dylib
0x000000018c101000 	/usr/lib/liblzma.5.dylib
0x000000018194b000 	/System/Library/Frameworks/SystemConfiguration.framework/Versions/A/SystemConfiguration
0x000000018b877000 	/usr/lib/libfakelink.dylib
0x0000000185963000 	/System/Library/Frameworks/CFNetwork.framework/Versions/A/CFNetwork
0x000000018b9bd000 	/usr/lib/libarchive.2.dylib
0x000000018a399000 	/System/Library/PrivateFrameworks/AppleSystemInfo.framework/Versions/A/AppleSystemInfo
0x000000018af23000 	/usr/lib/libbsm.0.dylib
0x0000000184ed0000 	/usr/lib/libnetwork.dylib
0x000000018b811000 	/usr/lib/system/libkxld.dylib
0x000000018ab3d000 	/System/Library/PrivateFrameworks/IOMobileFramebuffer.framework/Versions/A/IOMobileFramebuffer
0x0000000200873000 	/usr/lib/libCoreEntitlements.dylib
0x000000018b547000 	/System/Library/PrivateFrameworks/AppleFSCompression.framework/Versions/A/AppleFSCompression
0x000000018af0b000 	/usr/lib/libcoretls.dylib
0x000000018c11a000 	/usr/lib/libcoretls_cfhelpers.dylib
0x000000018bb0f000 	/usr/lib/libpam.2.dylib
0x0000000187204000 	/usr/lib/libsqlite3.dylib
0x000000018c183000 	/usr/lib/libxar.1.dylib
0x000000018b558000 	/usr/lib/libbz2.1.0.dylib
0x000000018b87c000 	/usr/lib/libpcap.A.dylib
0x00000001875e5000 	/usr/lib/libdns_services.dylib
0x000000018bae2000 	/usr/lib/libapple_nghttp2.dylib
0x000000018b8b9000 	/usr/lib/libiconv.2.dylib
0x000000018b807000 	/usr/lib/libcharset.1.dylib
0x0000000188248000 	/System/Library/Frameworks/CoreServices.framework/Versions/A/Frameworks/FSEvents.framework/Versions/A/FSEvents
0x000000018344e000 	/System/Library/Frameworks/CoreServices.framework/Versions/A/Frameworks/CarbonCore.framework/Versions/A/CarbonCore
0x0000000187825000 	/System/Library/Frameworks/CoreServices.framework/Versions/A/Frameworks/Metadata.framework/Versions/A/Metadata
0x000000018b56b000 	/System/Library/Frameworks/CoreServices.framework/Versions/A/Frameworks/OSServices.framework/Versions/A/OSServices
0x000000018ba43000 	/System/Library/Frameworks/CoreServices.framework/Versions/A/Frameworks/SearchKit.framework/Versions/A/SearchKit
0x0000000187573000 	/System/Library/Frameworks/CoreServices.framework/Versions/A/Frameworks/AE.framework/Versions/A/AE
0x000000018129b000 	/System/Library/Frameworks/CoreServices.framework/Versions/A/Frameworks/LaunchServices.framework/Versions/A/LaunchServices
0x000000018c0aa000 	/System/Library/Frameworks/CoreServices.framework/Versions/A/Frameworks/DictionaryServices.framework/Versions/A/DictionaryServices
0x0000000188255000 	/System/Library/Frameworks/CoreServices.framework/Versions/A/Frameworks/SharedFileList.framework/Versions/A/SharedFileList
0x000000018aefb000 	/usr/lib/libCheckFix.dylib
0x0000000185ea2000 	/System/Library/PrivateFrameworks/TCC.framework/Versions/A/TCC
0x000000018a39f000 	/System/Library/PrivateFrameworks/CoreNLP.framework/Versions/A/CoreNLP
0x00000001877d4000 	/System/Library/PrivateFrameworks/MetadataUtilities.framework/Versions/A/MetadataUtilities
0x0000000181a05000 	/usr/lib/libmecabra.dylib
0x000000018af34000 	/usr/lib/libmecab.dylib
0x00000001819d1000 	/usr/lib/libCRFSuite.dylib
0x000000018af91000 	/usr/lib/libgermantok.dylib
0x000000018babb000 	/usr/lib/libThaiTokenizer.dylib
0x00000001878cd000 	/System/Library/Frameworks/Accelerate.framework/Versions/A/Frameworks/vImage.framework/Versions/A/vImage
0x0000000191cc9000 	/System/Library/Frameworks/Accelerate.framework/Versions/A/Frameworks/vecLib.framework/Versions/A/vecLib
0x000000018c1c8000 	/System/Library/Frameworks/Accelerate.framework/Versions/A/Frameworks/vecLib.framework/Versions/A/libvMisc.dylib
0x000000018aa44000 	/System/Library/Frameworks/Accelerate.framework/Versions/A/Frameworks/vecLib.framework/Versions/A/libvDSP.dylib
0x0000000181626000 	/System/Library/Frameworks/Accelerate.framework/Versions/A/Frameworks/vecLib.framework/Versions/A/libBLAS.dylib
0x000000018bbe5000 	/System/Library/Frameworks/Accelerate.framework/Versions/A/Frameworks/vecLib.framework/Versions/A/libLAPACK.dylib
0x000000018af94000 	/System/Library/Frameworks/Accelerate.framework/Versions/A/Frameworks/vecLib.framework/Versions/A/libLinearAlgebra.dylib
0x000000018bafa000 	/System/Library/Frameworks/Accelerate.framework/Versions/A/Frameworks/vecLib.framework/Versions/A/libSparseBLAS.dylib
0x000000018bbe0000 	/System/Library/Frameworks/Accelerate.framework/Versions/A/Frameworks/vecLib.framework/Versions/A/libQuadrature.dylib
0x000000018a498000 	/System/Library/Frameworks/Accelerate.framework/Versions/A/Frameworks/vecLib.framework/Versions/A/libBNNS.dylib
0x00000001818e4000 	/System/Library/Frameworks/Accelerate.framework/Versions/A/Frameworks/vecLib.framework/Versions/A/libSparse.dylib
0x000000018a490000 	/System/Library/PrivateFrameworks/LinguisticData.framework/Versions/A/LinguisticData
0x000000018189c000 	/System/Library/PrivateFrameworks/Lexicon.framework/Versions/A/Lexicon
0x000000018c1c0000 	/usr/lib/libChineseTokenizer.dylib
0x000000018204a000 	/System/Library/PrivateFrameworks/LanguageModeling.framework/Versions/A/LanguageModeling
0x000000018babd000 	/System/Library/PrivateFrameworks/AppleSauce.framework/Versions/A/AppleSauce
0x000000018ab2a000 	/System/Library/PrivateFrameworks/CoreEmoji.framework/Versions/A/CoreEmoji
0x000000018b9ab000 	/usr/lib/libcmph.dylib
0x0000000188228000 	/System/Library/Frameworks/OpenDirectory.framework/Versions/A/Frameworks/CFOpenDirectory.framework/Versions/A/CFOpenDirectory
0x0000000188218000 	/System/Library/Frameworks/OpenDirectory.framework/Versions/A/OpenDirectory
0x000000018c11c000 	/System/Library/PrivateFrameworks/APFS.framework/Versions/A/APFS
0x000000018ae4b000 	/System/Library/Frameworks/SecurityFoundation.framework/Versions/A/SecurityFoundation
0x000000018c192000 	/usr/lib/libutil.dylib
0x0000000183787000 	/System/Library/PrivateFrameworks/CoreServicesStore.framework/Versions/A/CoreServicesStore
0x000000018c196000 	/usr/lib/libxslt.1.dylib
0x000000018aedf000 	/System/Library/PrivateFrameworks/BackgroundTaskManagement.framework/Versions/A/BackgroundTaskManagement
0x000000018d434000 	/System/Library/Frameworks/ImageIO.framework/Versions/A/Resources/libRadiance.dylib
0x000000018d43d000 	/System/Library/Frameworks/ImageIO.framework/Versions/A/Resources/libJPEG.dylib
0x000000018d38e000 	/System/Library/Frameworks/ImageIO.framework/Versions/A/Resources/libPng.dylib
0x000000018d3b0000 	/System/Library/Frameworks/ImageIO.framework/Versions/A/Resources/libTIFF.dylib
0x000000018d498000 	/System/Library/Frameworks/ImageIO.framework/Versions/A/Resources/libGIF.dylib
0x000000018cdc6000 	/System/Library/Frameworks/ImageIO.framework/Versions/A/Resources/libJP2.dylib
0x000000018c4e8000 	/usr/lib/libexpat.1.dylib
0x000000018cd81000 	/System/Library/PrivateFrameworks/AppleJPEG.framework/Versions/A/AppleJPEG
0x00000001898a4000 	/System/Library/PrivateFrameworks/FontServices.framework/libFontParser.dylib
0x0000000187518000 	/System/Library/PrivateFrameworks/RunningBoardServices.framework/Versions/A/RunningBoardServices
0x0000000197dcc000 	/System/Library/PrivateFrameworks/IOSurfaceAccelerator.framework/Versions/A/IOSurfaceAccelerator
0x000000018ceb2000 	/System/Library/PrivateFrameworks/WatchdogClient.framework/Versions/A/WatchdogClient
0x000000018214a000 	/System/Library/Frameworks/CoreDisplay.framework/Versions/A/CoreDisplay
0x000000018978e000 	/System/Library/Frameworks/CoreMedia.framework/Versions/A/CoreMedia
0x0000000189619000 	/System/Library/PrivateFrameworks/IOAccelerator.framework/Versions/A/IOAccelerator
0x00000001883b8000 	/System/Library/Frameworks/CoreVideo.framework/Versions/A/CoreVideo
0x000000018bb0d000 	/System/Library/Frameworks/MetalPerformanceShaders.framework/Versions/A/MetalPerformanceShaders
0x000000018cef1000 	/System/Library/Frameworks/VideoToolbox.framework/Versions/A/VideoToolbox
0x000000018745c000 	/System/Library/PrivateFrameworks/BaseBoard.framework/Versions/A/BaseBoard
0x00000001871ea000 	/System/Library/PrivateFrameworks/ProtocolBuffer.framework/Versions/A/ProtocolBuffer
0x000000018d42f000 	/System/Library/PrivateFrameworks/GPUWrangler.framework/Versions/A/GPUWrangler
0x000000018d40f000 	/System/Library/PrivateFrameworks/IOPresentment.framework/Versions/A/IOPresentment
0x000000018d437000 	/System/Library/PrivateFrameworks/DSExternalDisplay.framework/Versions/A/DSExternalDisplay
0x00000001e247a000 	/System/Library/Frameworks/OpenGL.framework/Versions/A/Libraries/libCoreFSCache.dylib
0x00000001ed344000 	/System/Library/PrivateFrameworks/GPUCompiler.framework/Versions/31001/Libraries/libGPUCompilerUtils.dylib
0x000000018d49d000 	/System/Library/PrivateFrameworks/CMCaptureCore.framework/Versions/A/CMCaptureCore
0x000000018ca99000 	/System/Library/PrivateFrameworks/AppServerSupport.framework/Versions/A/AppServerSupport
0x000000018ed23000 	/System/Library/PrivateFrameworks/perfdata.framework/Versions/A/perfdata
0x000000018226a000 	/System/Library/PrivateFrameworks/AudioToolboxCore.framework/Versions/A/AudioToolboxCore
0x0000000189767000 	/System/Library/PrivateFrameworks/caulk.framework/Versions/A/caulk
0x000000018e618000 	/usr/lib/libAudioStatistics.dylib
0x00000001a0631000 	/System/Library/PrivateFrameworks/SystemPolicy.framework/Versions/A/SystemPolicy
0x000000018e884000 	/usr/lib/libSMC.dylib
0x00000001975d3000 	/System/Library/Frameworks/CoreMIDI.framework/Versions/A/CoreMIDI
0x000000018d35c000 	/usr/lib/libAudioToolboxUtility.dylib
0x000000019c794000 	/System/Library/PrivateFrameworks/OSAServicesClient.framework/Versions/A/OSAServicesClient
0x000000018ed30000 	/usr/lib/libperfcheck.dylib
0x00000001a1154000 	/usr/lib/libmis.dylib
0x00000001e24dc000 	/System/Library/Frameworks/OpenGL.framework/Versions/A/Libraries/libGLU.dylib
0x00000001e249b000 	/System/Library/Frameworks/OpenGL.framework/Versions/A/Libraries/libGFXShared.dylib
0x00000001e2688000 	/System/Library/Frameworks/OpenGL.framework/Versions/A/Libraries/libGL.dylib
0x00000001e24a4000 	/System/Library/Frameworks/OpenGL.framework/Versions/A/Libraries/libGLImage.dylib
0x00000001e2498000 	/System/Library/Frameworks/OpenGL.framework/Versions/A/Libraries/libCVMSPluginSupport.dylib
0x00000001e2481000 	/System/Library/Frameworks/OpenGL.framework/Versions/A/Libraries/libCoreVMClient.dylib
0x000000018a319000 	/System/Library/Frameworks/MetalPerformanceShaders.framework/Versions/A/Frameworks/MPSCore.framework/Versions/A/MPSCore
0x000000018b4ba000 	/System/Library/Frameworks/MetalPerformanceShaders.framework/Versions/A/Frameworks/MPSImage.framework/Versions/A/MPSImage
0x000000018afa9000 	/System/Library/Frameworks/MetalPerformanceShaders.framework/Versions/A/Frameworks/MPSNeuralNetwork.framework/Versions/A/MPSNeuralNetwork
0x000000018b3e2000 	/System/Library/Frameworks/MetalPerformanceShaders.framework/Versions/A/Frameworks/MPSMatrix.framework/Versions/A/MPSMatrix
0x000000018b1bb000 	/System/Library/Frameworks/MetalPerformanceShaders.framework/Versions/A/Frameworks/MPSRayIntersector.framework/Versions/A/MPSRayIntersector
0x000000018b413000 	/System/Library/Frameworks/MetalPerformanceShaders.framework/Versions/A/Frameworks/MPSNDArray.framework/Versions/A/MPSNDArray
0x00000001e4f83000 	/System/Library/Frameworks/MetalPerformanceShaders.framework/Versions/A/Frameworks/MPSFunctions.framework/Versions/A/MPSFunctions
0x00000001814fc000 	/System/Library/PrivateFrameworks/MetalTools.framework/Versions/A/MetalTools
0x000000018a397000 	/System/Library/PrivateFrameworks/AggregateDictionary.framework/Versions/A/AggregateDictionary
0x000000018c2cd000 	/usr/lib/libIOReport.dylib
0x00000001965ef000 	/System/Library/PrivateFrameworks/ASEProcessing.framework/Versions/A/ASEProcessing
0x000000018c642000 	/System/Library/PrivateFrameworks/FaceCore.framework/Versions/A/FaceCore
0x000000018c634000 	/System/Library/PrivateFrameworks/GraphVisualizer.framework/Versions/A/GraphVisualizer
0x00000001ed25b000 	/System/Library/PrivateFrameworks/FontServices.framework/Versions/A/FontServices
0x000000018ca55000 	/System/Library/PrivateFrameworks/OTSVG.framework/Versions/A/OTSVG
0x0000000187f81000 	/System/Library/Frameworks/ApplicationServices.framework/Versions/A/Frameworks/ATS.framework/Versions/A/Resources/libFontRegistry.dylib
0x000000018caa2000 	/System/Library/PrivateFrameworks/FontServices.framework/libhvf.dylib
0x00000001ed25c000 	/System/Library/PrivateFrameworks/FontServices.framework/libXTFontStaticRegistryData.dylib
0x00000001e2829000 	/System/Library/Frameworks/OpenCL.framework/Versions/A/OpenCL
0x000000018c49c000 	/System/Library/PrivateFrameworks/AppleVA.framework/Versions/A/AppleVA
0x000000018e640000 	/System/Library/Frameworks/ApplicationServices.framework/Versions/A/Frameworks/ATS.framework/Versions/A/ATS
0x00000001869a7000 	/System/Library/Frameworks/ApplicationServices.framework/Versions/A/Frameworks/HIServices.framework/Versions/A/HIServices
0x000000018d4a7000 	/System/Library/Frameworks/ApplicationServices.framework/Versions/A/Frameworks/PrintCore.framework/Versions/A/PrintCore
0x000000018e9d7000 	/System/Library/Frameworks/ApplicationServices.framework/Versions/A/Frameworks/QD.framework/Versions/A/QD
0x000000018e9cf000 	/System/Library/Frameworks/ApplicationServices.framework/Versions/A/Frameworks/ColorSyncLegacy.framework/Versions/A/ColorSyncLegacy
0x000000018e62c000 	/System/Library/Frameworks/ApplicationServices.framework/Versions/A/Frameworks/SpeechSynthesis.framework/Versions/A/SpeechSynthesis
0x000000018d468000 	/System/Library/Frameworks/ApplicationServices.framework/Versions/A/Frameworks/ATSUI.framework/Versions/A/ATSUI
0x000000018e964000 	/usr/lib/libcups.2.dylib
0x000000018ed3e000 	/System/Library/Frameworks/Kerberos.framework/Versions/A/Kerberos
0x000000018ed4f000 	/System/Library/Frameworks/GSS.framework/Versions/A/GSS
0x000000018e6b0000 	/usr/lib/libresolv.9.dylib
0x000000018cab1000 	/System/Library/PrivateFrameworks/Heimdal.framework/Versions/A/Heimdal
0x0000000195825000 	/System/Library/Frameworks/Kerberos.framework/Versions/A/Libraries/libHeimdalProxy.dylib
0x00000001875f7000 	/System/Library/Frameworks/Network.framework/Versions/A/Network
0x000000018c503000 	/usr/lib/libheimdal-asn1.dylib
0x000000018ed9f000 	/System/Library/PrivateFrameworks/CommonAuth.framework/Versions/A/CommonAuth
0x000000018e5a6000 	/System/Library/PrivateFrameworks/AudioSession.framework/Versions/A/AudioSession
0x000000018c595000 	/System/Library/PrivateFrameworks/MediaExperience.framework/Versions/A/MediaExperience
0x000000018e42b000 	/System/Library/PrivateFrameworks/AudioSession.framework/libSessionUtility.dylib
0x000000018e9e3000 	/System/Library/PrivateFrameworks/AudioResourceArbitration.framework/Versions/A/AudioResourceArbitration
0x0000000192ba6000 	/System/Library/PrivateFrameworks/PowerLog.framework/Versions/A/PowerLog
0x000000018c50d000 	/System/Library/PrivateFrameworks/IconFoundation.framework/Versions/A/IconFoundation
0x00000001918ef000 	/System/Library/PrivateFrameworks/SpeechRecognitionCore.framework/Versions/A/SpeechRecognitionCore
0x0000000103608000 	/Users/umer/Library/Java/JavaVirtualMachines/corretto-17.0.5/Contents/Home/lib/server/libjvm.dylib
0x0000000102618000 	/Users/umer/Library/Java/JavaVirtualMachines/corretto-17.0.5/Contents/Home/lib/libjimage.dylib
0x00000001026a0000 	/Users/umer/Library/Java/JavaVirtualMachines/corretto-17.0.5/Contents/Home/lib/libjava.dylib
0x0000000103134000 	/Users/umer/Library/Java/JavaVirtualMachines/corretto-17.0.5/Contents/Home/lib/libnio.dylib
0x0000000103178000 	/Users/umer/Library/Java/JavaVirtualMachines/corretto-17.0.5/Contents/Home/lib/libnet.dylib
0x00000001031c4000 	/Users/umer/Library/Java/JavaVirtualMachines/corretto-17.0.5/Contents/Home/lib/libzip.dylib
0x0000000103114000 	/Users/umer/.openjfx/cache/17/libprism_es2.dylib
0x000000018374a000 	/System/Library/PrivateFrameworks/CoreServicesInternal.framework/Versions/A/CoreServicesInternal
0x00000001e2692000 	/System/Library/Frameworks/OpenGL.framework/Versions/A/Resources/GLEngine.bundle/GLEngine
0x00000001e251a000 	/System/Library/Frameworks/OpenGL.framework/Versions/A/Libraries/libGLProgrammability.dylib
0x00000001034c0000 	/System/Library/Extensions/AppleMetalOpenGLRenderer.bundle/Contents/MacOS/AppleMetalOpenGLRenderer
0x00000001e2801000 	/System/Library/Frameworks/OpenGL.framework/Versions/A/Resources/GLRendererFloat.bundle/GLRendererFloat
0x00000001c772b000 	/System/Library/Extensions/AGXMetalG13X.bundle/Contents/MacOS/AGXMetalG13X
0x00000001a1170000 	/System/Library/PrivateFrameworks/GPURawCounter.framework/Versions/A/GPURawCounter
0x000000019b8fd000 	/System/Library/PrivateFrameworks/IOGPU.framework/Versions/A/IOGPU
0x000000010355c000 	/Users/umer/.openjfx/cache/17/libglass.dylib
0x0000000192dfe000 	/System/Library/Frameworks/FileProvider.framework/Versions/A/FileProvider
0x00000001873c4000 	/System/Library/Frameworks/Accounts.framework/Versions/A/Accounts
0x0000000192f82000 	/System/Library/PrivateFrameworks/GenerationalStorage.framework/Versions/A/GenerationalStorage
0x0000000193b45000 	/System/Library/PrivateFrameworks/CoreSymbolication.framework/Versions/A/CoreSymbolication
0x0000000192b9a000 	/System/Library/PrivateFrameworks/SymptomDiagnosticReporter.framework/Versions/A/SymptomDiagnosticReporter
0x0000000184a3b000 	/System/Library/PrivateFrameworks/DesktopServicesPriv.framework/Versions/A/DesktopServicesPriv
0x00000001838ac000 	/usr/lib/libsandbox.1.dylib
0x0000000188446000 	/System/Library/PrivateFrameworks/UserManagement.framework/Versions/A/UserManagement
0x0000000193b02000 	/System/Library/PrivateFrameworks/DebugSymbols.framework/Versions/A/DebugSymbols
0x000000018e9c2000 	/System/Library/PrivateFrameworks/NetAuth.framework/Versions/A/NetAuth
0x000000018f8e0000 	/System/Library/PrivateFrameworks/Sharing.framework/Versions/A/Sharing
0x0000000188416000 	/System/Library/PrivateFrameworks/login.framework/Versions/A/Frameworks/loginsupport.framework/Versions/A/loginsupport
0x0000000194d39000 	/System/Library/PrivateFrameworks/Apple80211.framework/Versions/A/Apple80211
0x000000018b59e000 	/System/Library/PrivateFrameworks/AuthKit.framework/Versions/A/AuthKit
0x000000018ac26000 	/System/Library/PrivateFrameworks/CoreUtils.framework/Versions/A/CoreUtils
0x000000018ab49000 	/System/Library/Frameworks/CoreWLAN.framework/Versions/A/CoreWLAN
0x000000018fa50000 	/System/Library/Frameworks/IOBluetooth.framework/Versions/A/IOBluetooth
0x0000000194d99000 	/System/Library/PrivateFrameworks/CoreWiFi.framework/Versions/A/CoreWiFi
0x00000001936e2000 	/System/Library/PrivateFrameworks/FrontBoardServices.framework/Versions/A/FrontBoardServices
0x000000019377a000 	/System/Library/PrivateFrameworks/BoardServices.framework/Versions/A/BoardServices
0x000000018ae39000 	/System/Library/PrivateFrameworks/AssertionServices.framework/Versions/A/AssertionServices
0x0000000194f16000 	/System/Library/PrivateFrameworks/BackBoardServices.framework/Versions/A/BackBoardServices
0x000000018ee36000 	/System/Library/PrivateFrameworks/CorePhoneNumbers.framework/Versions/A/CorePhoneNumbers
0x000000018e6dd000 	/System/Library/PrivateFrameworks/MultiverseSupport.framework/Versions/A/MultiverseSupport
0x0000000195198000 	/System/Library/PrivateFrameworks/RemoteServiceDiscovery.framework/Versions/A/RemoteServiceDiscovery
0x0000000192cca000 	/System/Library/PrivateFrameworks/DiskManagement.framework/Versions/A/DiskManagement
0x0000000192bcd000 	/System/Library/PrivateFrameworks/AppleIDAuthSupport.framework/Versions/A/AppleIDAuthSupport
0x00000001e77c0000 	/System/Library/PrivateFrameworks/AAAFoundation.framework/Versions/A/AAAFoundation
0x000000018ee15000 	/System/Library/PrivateFrameworks/KeychainCircle.framework/Versions/A/KeychainCircle
0x00000001951a8000 	/System/Library/PrivateFrameworks/RemoteXPC.framework/Versions/A/RemoteXPC
0x0000000192c96000 	/System/Library/PrivateFrameworks/MediaKit.framework/Versions/A/MediaKit
0x0000000192bda000 	/System/Library/Frameworks/DiscRecording.framework/Versions/A/DiscRecording
0x000000018c418000 	/usr/lib/libCoreStorage.dylib
0x0000000195214000 	/usr/lib/libcsfde.dylib
0x000000018fb25000 	/System/Library/PrivateFrameworks/ProtectedCloudStorage.framework/Versions/A/ProtectedCloudStorage
0x000000019520c000 	/System/Library/PrivateFrameworks/EFILogin.framework/Versions/A/EFILogin
0x0000000192fa9000 	/System/Library/PrivateFrameworks/OctagonTrust.framework/Versions/A/OctagonTrust
0x00000001ec3e2000 	/System/Library/PrivateFrameworks/CoreUtilsExtras.framework/Versions/A/CoreUtilsExtras
0x0000000192aff000 	/System/Library/Frameworks/CoreBluetooth.framework/Versions/A/CoreBluetooth
0x00000001958aa000 	/System/Library/Frameworks/AudioUnit.framework/Versions/A/AudioUnit
0x000000018c410000 	/usr/lib/libMatch.1.dylib
0x00000001a5658000 	/System/Library/Frameworks/Accelerate.framework/Versions/A/Frameworks/vImage.framework/Versions/A/Libraries/libCGInterfaces.dylib
0x000000012b11c000 	/usr/lib/libobjc-trampolines.dylib
0x0000000188110000 	/System/Library/PrivateFrameworks/ViewBridge.framework/Versions/A/ViewBridge
0x000000018c2d6000 	/System/Library/PrivateFrameworks/CrashReporterSupport.framework/Versions/A/CrashReporterSupport
0x00000001ad10e000 	/System/Library/PrivateFrameworks/OSAnalytics.framework/Versions/A/OSAnalytics
0x00000001b8478000 	/System/Library/PrivateFrameworks/Symbolication.framework/Versions/A/Symbolication
0x00000001a1131000 	/System/Library/PrivateFrameworks/MallocStackLogging.framework/Versions/A/MallocStackLogging
0x000000012c6e4000 	/Users/umer/.openjfx/cache/17/libjavafx_font.dylib
0x000000018cb74000 	/System/Library/PrivateFrameworks/login.framework/Versions/A/login
0x000000012e930000 	/Users/umer/Library/Java/JavaVirtualMachines/corretto-17.0.5/Contents/Home/lib/libextnet.dylib


VM Arguments:
jvm_args: -Dfile.encoding=UTF-8 -Duser.country=DE -Duser.language=en -Duser.variant 
java_command: de.tum.in.ase.pse.dispatcher.DispatcherMain
java_class_path (initial): /Users/umer/Desktop/TUM/Semester 3/PSE/L04/pse22l04e03-ge95hoq/build/classes/java/main:/Users/umer/Desktop/TUM/Semester 3/PSE/L04/pse22l04e03-ge95hoq/build/resources/main:/Users/umer/.gradle/caches/modules-2/files-2.1/org.openjfx/javafx-controls/17/2254b351c1e6ce2ac9adcd3480fed883cebbb08b/javafx-controls-17-mac-aarch64.jar:/Users/umer/.gradle/caches/modules-2/files-2.1/org.openjfx/javafx-graphics/17/b6326f61f7e0effbf733d62e83b8317eb8e768b4/javafx-graphics-17-mac-aarch64.jar:/Users/umer/.gradle/caches/modules-2/files-2.1/org.openjfx/javafx-graphics/17/616d987ba02a86196d7feca443677fff908d5737/javafx-graphics-17.jar:/Users/umer/.gradle/caches/modules-2/files-2.1/org.openjfx/javafx-base/17/d77b645fa3e1a6270783178541944e4b4a457cd2/javafx-base-17-mac-aarch64.jar:/Users/umer/.gradle/caches/modules-2/files-2.1/org.openjfx/javafx-base/17/1e6732190939254735dc2a88eca88c5c7ccc719d/javafx-base-17.jar
Launcher Type: SUN_STANDARD

[Global flags]
     intx CICompilerCount                          = 4                                         {product} {ergonomic}
     uint ConcGCThreads                            = 2                                         {product} {ergonomic}
     uint G1ConcRefinementThreads                  = 8                                         {product} {ergonomic}
   size_t G1HeapRegionSize                         = 2097152                                   {product} {ergonomic}
    uintx GCDrainStackTargetSize                   = 64                                        {product} {ergonomic}
   size_t InitialHeapSize                          = 268435456                                 {product} {ergonomic}
   size_t MarkStackSize                            = 4194304                                   {product} {ergonomic}
   size_t MaxHeapSize                              = 4294967296                                {product} {ergonomic}
   size_t MaxNewSize                               = 2575302656                                {product} {ergonomic}
   size_t MinHeapDeltaBytes                        = 2097152                                   {product} {ergonomic}
   size_t MinHeapSize                              = 8388608                                   {product} {ergonomic}
    uintx NonNMethodCodeHeapSize                   = 5839564                                {pd product} {ergonomic}
    uintx NonProfiledCodeHeapSize                  = 122909338                              {pd product} {ergonomic}
    uintx ProfiledCodeHeapSize                     = 122909338                              {pd product} {ergonomic}
    uintx ReservedCodeCacheSize                    = 251658240                              {pd product} {ergonomic}
     bool SegmentedCodeCache                       = true                                      {product} {ergonomic}
   size_t SoftMaxHeapSize                          = 4294967296                             {manageable} {ergonomic}
     bool UseCompressedClassPointers               = true                           {product lp64_product} {ergonomic}
     bool UseCompressedOops                        = true                           {product lp64_product} {ergonomic}
     bool UseG1GC                                  = true                                      {product} {ergonomic}
     bool UseNUMA                                  = false                                     {product} {ergonomic}
     bool UseNUMAInterleaving                      = false                                     {product} {ergonomic}

Logging:
Log output configuration:
 #0: stdout all=warning uptime,level,tags
 #1: stderr all=off uptime,level,tags

Environment Variables:
PATH=/opt/homebrew/bin:/opt/homebrew/sbin:/usr/local/bin:/usr/bin:/bin:/usr/sbin:/sbin
SHELL=/bin/zsh
LC_CTYPE=en_DE.UTF-8
TMPDIR=/var/folders/ml/v5zzx4yn3tvdp6dmy08h1fsw0000gn/T/

Signal Handlers:
   SIGSEGV: _ZL13crash_handleriP9__siginfoPv in libjvm.dylib, mask=11100110000111110111111111111111, flags=SA_RESTART|SA_SIGINFO
    SIGBUS: _ZL13crash_handleriP9__siginfoPv in libjvm.dylib, mask=11100110000111110111111111111111, flags=SA_RESTART|SA_SIGINFO
    SIGFPE: _ZL13crash_handleriP9__siginfoPv in libjvm.dylib, mask=11100110000111110111111111111111, flags=SA_RESTART|SA_SIGINFO
   SIGPIPE: _ZL17javaSignalHandleriP9__siginfoPv in libjvm.dylib, mask=11100110000111110111111111111111, flags=SA_RESTART|SA_SIGINFO
   SIGXFSZ: _ZL17javaSignalHandleriP9__siginfoPv in libjvm.dylib, mask=11100110000111110111111111111111, flags=SA_RESTART|SA_SIGINFO
    SIGILL: _ZL13crash_handleriP9__siginfoPv in libjvm.dylib, mask=11100110000111110111111111111111, flags=SA_RESTART|SA_SIGINFO
   SIGUSR2: _ZL10SR_handleriP9__siginfoP17__darwin_ucontext in libjvm.dylib, mask=00100000000000000000000000000000, flags=SA_RESTART|SA_SIGINFO
    SIGHUP: _ZL11UserHandleriPvS_ in libjvm.dylib, mask=11100110000111110111111111111111, flags=SA_RESTART|SA_SIGINFO
    SIGINT: _ZL11UserHandleriPvS_ in libjvm.dylib, mask=11100110000111110111111111111111, flags=SA_RESTART|SA_SIGINFO
   SIGTERM: _ZL11UserHandleriPvS_ in libjvm.dylib, mask=11100110000111110111111111111111, flags=SA_RESTART|SA_SIGINFO
   SIGQUIT: _ZL11UserHandleriPvS_ in libjvm.dylib, mask=11100110000111110111111111111111, flags=SA_RESTART|SA_SIGINFO
  *** Handler was modified!
  *** Expected: _ZL17javaSignalHandleriP9__siginfoPv in libjvm.dylib, mask=11100110100111111111111111111111, flags=SA_RESTART|SA_SIGINFO
   SIGTRAP: _ZL13crash_handleriP9__siginfoPv in libjvm.dylib, mask=11100110000111110111111111111111, flags=SA_RESTART|SA_SIGINFO


---------------  S Y S T E M  ---------------

OS:
uname: Darwin 21.6.0 Darwin Kernel Version 21.6.0: Thu Sep 29 20:13:56 PDT 2022; root:xnu-8020.240.7~1/RELEASE_ARM64_T6000 arm64
OS uptime: 27 days 14:27 hours
rlimit (soft/hard): STACK 8176k/65520k , CORE 0k/infinity , NPROC 2666/4000 , NOFILE 10240/infinity , AS infinity/infinity , CPU infinity/infinity , DATA infinity/infinity , FSIZE infinity/infinity , MEMLOCK infinity/infinity , RSS infinity/infinity
load average: 5.31 4.42 4.21

CPU: total 8 (initial active 8) 0x61:0x0:0x1b588bb3:0, fp, simd, crc, lse

Memory: 16k page, physical 16777216k(80192k free), swap 1048576k(813184k free)

vm_info: OpenJDK 64-Bit Server VM (17.0.5+8-LTS) for bsd-aarch64 JRE (17.0.5+8-LTS), built on Oct 13 2022 05:06:05 by "ec2user" with clang Apple LLVM 13.0.0 (clang-1300.0.29.30)

END.
