#
# A fatal error has been detected by the Java Runtime Environment:
#
#  SIGBUS (0xa) at pc=0x0000000115fbcaac, pid=4963, tid=35339
#
# JRE version: OpenJDK Runtime Environment (19.0.1+10) (build 19.0.1+10-21)
# Java VM: OpenJDK 64-Bit Server VM (19.0.1+10-21, mixed mode, sharing, tiered, compressed oops, compressed class ptrs, g1 gc, bsd-aarch64)
# Problematic frame:
# j  com.sun.glass.ui.mac.MacApplication._submitForLaterInvocation(Ljava/lang/Runnable;)V+0
#
# No core dump will be written. Core dumps have been disabled. To enable core dumping, try "ulimit -c unlimited" before starting Java again
#
# If you would like to submit a bug report, please visit:
#   https://bugreport.java.com/bugreport/crash.jsp
# The crash happened outside the Java Virtual Machine in native code.
# See problematic frame for where to report the bug.
#

---------------  S U M M A R Y ------------

Command Line: -Dfile.encoding=UTF-8 -Duser.country=DE -Duser.language=en -Duser.variant de.tum.in.ase.pse.server.ServerMain

Host: "MacBookPro18,3" arm64, 8 cores, 16G, Darwin 21.6.0, macOS 12.6.1 (21G217)
Time: Wed Nov 23 20:50:21 2022 CET elapsed time: 3.510198 seconds (0d 0h 0m 3s)

---------------  T H R E A D  ---------------

Current thread (0x000000012f00c000):  JavaThread "InvokeLaterDispatcher" daemon [_thread_in_native, id=35339, stack(0x000000016e1e8000,0x000000016e3eb000)]

Stack: [0x000000016e1e8000,0x000000016e3eb000],  sp=0x000000016e3ea920,  free space=2058k
Native frames: (J=compiled Java code, j=interpreted, Vv=VM code, C=native code)
j  com.sun.glass.ui.mac.MacApplication._submitForLaterInvocation(Ljava/lang/Runnable;)V+0
j  com.sun.glass.ui.mac.MacApplication.submitForLaterInvocation(Ljava/lang/Runnable;)V+2
j  com.sun.glass.ui.InvokeLaterDispatcher.run()V+82
v  ~StubRoutines::call_stub 0x0000000115fa8140
V  [libjvm.dylib+0x4e3ab8]  _ZN9JavaCalls11call_helperEP9JavaValueRK12methodHandleP17JavaCallArgumentsP10JavaThread+0x38c
V  [libjvm.dylib+0x4e2ad4]  _ZN9JavaCalls12call_virtualEP9JavaValueP5KlassP6SymbolS5_P17JavaCallArgumentsP10JavaThread+0x11c
V  [libjvm.dylib+0x4e2ba0]  _ZN9JavaCalls12call_virtualEP9JavaValue6HandleP5KlassP6SymbolS6_P10JavaThread+0x64
V  [libjvm.dylib+0x59958c]  _ZL12thread_entryP10JavaThreadS0_+0x9c
V  [libjvm.dylib+0x991d34]  _ZN10JavaThread17thread_main_innerEv+0x110
V  [libjvm.dylib+0x990288]  _ZN6Thread8call_runEv+0xe0
V  [libjvm.dylib+0x83b5fc]  _ZL19thread_native_entryP6Thread+0x158
C  [libsystem_pthread.dylib+0x726c]  _pthread_start+0x94

Java frames: (J=compiled Java code, j=interpreted, Vv=VM code)
j  com.sun.glass.ui.mac.MacApplication._submitForLaterInvocation(Ljava/lang/Runnable;)V+0
j  com.sun.glass.ui.mac.MacApplication.submitForLaterInvocation(Ljava/lang/Runnable;)V+2
j  com.sun.glass.ui.InvokeLaterDispatcher.run()V+82
v  ~StubRoutines::call_stub 0x0000000115fa8140

siginfo: si_signo: 10 (SIGBUS), si_code: 1 (BUS_ADRALN), si_addr: 0x0000000115fbcaac

Registers:
 x0=0x000000010482c000  x1=0x0000600001f40010  x2=0x0000000000000000  x3=0x00000001b1f4b04c
 x4=0x00000000000130a8  x5=0x0000000000000000  x6=0x0000000000000000  x7=0x0000000000000000
 x8=0x1883f857612d001c  x9=0x1883f857612d001c x10=0x00000000000007fb x11=0x00000000000007fd
x12=0x0000000000000002 x13=0x00000000823fe004 x14=0x00000000825fe800 x15=0x00000000000003fd
x16=0x0000000080000000 x17=0x0000000002400000 x18=0x0000000000000000 x19=0x0000000115fbac30
x20=0x000000016e3ea920 x21=0x00000001067c2348 x22=0x0000000000000000 x23=0x0000000115fbbc00
x24=0x000000016e3ea9a8 x25=0x0000000000000001 x26=0x000000012912b1d8 x27=0x0000000000000000
x28=0x000000012f00c000  fp=0x000000016e3ea980  lr=0x7a02000115fbcaac  sp=0x000000016e3ea920
pc=0x0000000115fbcaac cpsr=0x0000000060001000

Register to memory mapping:

 x0=0x000000010482c000 points into unknown readable memory: 0x0000000000000000 | 00 00 00 00 00 00 00 00
 x1=0x0000600001f40010 points into unknown readable memory: 0x00002e93c97b0010 | 10 00 7b c9 93 2e 00 00
 x2=0x0 is NULL
 x3=0x00000001b1f4b04c: nanov2_free_definite_size+0 in /usr/lib/system/libsystem_malloc.dylib at 0x00000001b1f49000
 x4=0x00000000000130a8 is an unknown value
 x5=0x0 is NULL
 x6=0x0 is NULL
 x7=0x0 is NULL
 x8=0x1883f857612d001c is an unknown value
 x9=0x1883f857612d001c is an unknown value
x10=0x00000000000007fb is an unknown value
x11=0x00000000000007fd is an unknown value
x12=0x0000000000000002 is an unknown value
x13=0x00000000823fe004 is an unknown value
x14=0x00000000825fe800 is an unknown value
x15=0x00000000000003fd is an unknown value
x16=0x0000000080000000 is an unknown value
x17=0x0000000002400000 is an unknown value
x18=0x0 is NULL
x19=0x0000000115fbac30 is at code_begin+48 in an Interpreter codelet
result handlers for native calls  [0x0000000115fbac00, 0x0000000115fbac48]  72 bytes
x20=0x000000016e3ea920 is pointing into the stack for thread: 0x000000012f00c000
x21=0x00000001067c2348: _ZN19TemplateInterpreter13_active_tableE+0 in /Users/umer/Library/Java/JavaVirtualMachines/openjdk-19.0.1/Contents/Home/lib/server/libjvm.dylib at 0x0000000105b48000
x22=0x0 is NULL
x23=0x0000000115fbbc00 is at code_begin+0 in an Interpreter codelet
method entry point (kind = zerolocals)  [0x0000000115fbbc00, 0x0000000115fbbf08]  776 bytes
x24=0x000000016e3ea9a8 is pointing into the stack for thread: 0x000000012f00c000
x25=0x0000000000000001 is an unknown value
x26=0x000000012912b1d8 is pointing into metadata
x27=0x0 is NULL
x28=0x000000012f00c000 is a thread


Top of Stack: (sp=0x000000016e3ea920)
0x000000016e3ea920:   000000012912d8c8 0000000000000001
0x000000016e3ea930:   000000016e3ea930 0000000000000000
0x000000016e3ea940:   000000016e3ea9a8 000000012912b1d8
0x000000016e3ea950:   000000070e8008e8 0000000000000000
0x000000016e3ea960:   0000000000000000 0000000129103628
0x000000016e3ea970:   0000000000000000 000000016e3ea980
0x000000016e3ea980:   000000016e3eaa00 0000000115fb9548
0x000000016e3ea990:   0000000000000000 0000000000000000
0x000000016e3ea9a0:   000000070f1946e8 000000070e800960
0x000000016e3ea9b0:   000000016e3ea9b0 00000001291036ca
0x000000016e3ea9c0:   000000016e3eaa18 000000012912b1d8
0x000000016e3ea9d0:   000000070e8008e8 0000000000000000
0x000000016e3ea9e0:   00000001298b5190 00000001291036d8
0x000000016e3ea9f0:   000000016e3ea9a0 000000016e3ea9e0
0x000000016e3eaa00:   000000016e3eaa80 0000000115fb9a88
0x000000016e3eaa10:   000000070f1946e8 000000070e800960
0x000000016e3eaa20:   0000000000000003 0000000000000000
0x000000016e3eaa30:   000000016e3eaa20 000000012912d2da
0x000000016e3eaa40:   000000016e3eaab8 000000012912d8c8
0x000000016e3eaa50:   000000070e80abf8 0000000000000000
0x000000016e3eaa60:   0000000000000000 000000012912d378
0x000000016e3eaa70:   000000016e3eaa10 000000016e3eaab0
0x000000016e3eaa80:   000000016e3eab90 0000000115fa8140
0x000000016e3eaa90:   0000000000000000 0000000000000000
0x000000016e3eaaa0:   000000070e80abe0 000000070f1946e8
0x000000016e3eaab0:   000000070e80f1f0 000000070e80ab60
0x000000016e3eaac0:   0000000000000000 0000000000000000
0x000000016e3eaad0:   0000000000000000 0000000000000000
0x000000016e3eaae0:   0000000000000000 0000000000000000
0x000000016e3eaaf0:   0000000000000000 0000000000000000
0x000000016e3eab00:   0000000000000001 000000000000000f
0x000000016e3eab10:   000000016e3ead70 0000000000000001 

Instructions: (pc=0x0000000115fbcaac)
0x0000000115fbc9ac:   f9016b9f f901679f f9400788 b40000a8
0x0000000115fbc9bc:   d2901008 f2a2bf48 f2c00028 d61f0100
0x0000000115fbc9cc:   a97be3b6 f9403191 d63f0220 f85e83ac
0x0000000115fbc9dc:   aa0003f3 b9402991 36180111 f9400591
0x0000000115fbc9ec:   f9400631 f9400e31 f9403a31 f9400231
0x0000000115fbc9fc:   f9000fb1 910063a1 f9402d8a d2846b89
0x0000000115fbca0c:   f2a0c829 f2c00029 f9400129 eb09015f
0x0000000115fbca1c:   54000361 aa0c03e1 f81b83b6 aa1c03e0
0x0000000115fbca2c:   10000128 f9016788 f9016394 f9016b9d
0x0000000115fbca3c:   a9bf33e8 d28be308 f2a0c048 f2c00028
0x0000000115fbca4c:   d63f0100 a8c133e8 10fffffe f901639f
0x0000000115fbca5c:   f9016b9f f901679f f9400788 b40000a8
0x0000000115fbca6c:   d2901008 f2a2bf48 f2c00028 d61f0100
0x0000000115fbca7c:   a97be3b6 f85e83ac f9402d8a 910b8380
0x0000000115fbca8c:   10000108 f9016788 f9016394 f9016b9d
0x0000000115fbca9c:   b27e03e8 910dd389 889ffd28 d63f0140
0x0000000115fbcaac:   f85e83ac d1008288 927ced1f fc1f0e80
0x0000000115fbcabc:   f81f8e9f f81f8e80 d28000a8 910dd389
0x0000000115fbcacc:   889ffd28 d5033bbf 910de388 c8dffd08
0x0000000115fbcadc:   eb0803bf 54000068 b9437389 b4000169
0x0000000115fbcaec:   aa1c03e0 d296d509 f2a0c9a9 f2c00029
0x0000000115fbcafc:   d63f0120 f85e83ac d29eed1b f2a0cedb
0x0000000115fbcb0c:   f2c0003b f940037b b27d03e8 910dd389
0x0000000115fbcb1c:   889ffd28 f901639f f9016b9f f901679f
0x0000000115fbcb2c:   f941ab91 f900823f 10ff0851 eb13023f
0x0000000115fbcb3c:   540007c1 f8410680 b4000720 360006e0
0x0000000115fbcb4c:   f85ff000 a9bf7bfd 910003fd 39410391
0x0000000115fbcb5c:   340005f1 b40005c0 f9401791 b40000f1
0x0000000115fbcb6c:   d1002231 f9001791 f9401f88 8b080231
0x0000000115fbcb7c:   f9000220 14000026 a9b807e0 a9010fe2
0x0000000115fbcb8c:   a90217e4 a9031fe6 a9042fea a90537ec
0x0000000115fbcb9c:   a9063fee a90747f0 d10083ff b27bebe8 


Stack slot to memory mapping:
stack at sp + 0 slots: 0x000000012912d8c8 is pointing into metadata
stack at sp + 1 slots: 0x0000000000000001 is an unknown value
stack at sp + 2 slots: 0x000000016e3ea930 is pointing into the stack for thread: 0x000000012f00c000
stack at sp + 3 slots: 0x0 is NULL
stack at sp + 4 slots: 0x000000016e3ea9a8 is pointing into the stack for thread: 0x000000012f00c000
stack at sp + 5 slots: 0x000000012912b1d8 is pointing into metadata
stack at sp + 6 slots: 0x000000070e8008e8 is an oop: java.lang.Class 
{0x000000070e8008e8} - klass: 'java/lang/Class'
 - ---- fields (total size 15 words):
 - private volatile transient 'classRedefinedCount' 'I' @12  0
 - abstract internal 'klass' 'J' @16  34376693872 (102b870 8)
 - abstract internal 'array_klass' 'J' @24  0 (0 0)
 - abstract internal 'oop_size' 'I' @32  15 (f)
 - abstract internal 'static_oop_field_count' 'I' @36  0
 - private volatile transient 'cachedConstructor' 'Ljava/lang/reflect/Constructor;' @40  NULL (0)
 - private transient 'name' 'Ljava/lang/String;' @44  "com.sun.glass.ui.mac.MacApplication"{0x000000070e8ffc30} (e1d1ff86)
 - private transient 'module' 'Ljava/lang/Module;' @48  a 'java/lang/Module'{0x00000007ffd576e8} (fffaaedd)
 - private final 'classLoader' 'Ljava/lang/ClassLoader;' @52  a 'jdk/internal/loader/ClassLoaders$AppClassLoader'{0x00000007ffd57680} (fffaaed0)
 - private transient 'classData' 'Ljava/lang/Object;' @56  NULL (0)
 - private transient 'packageName' 'Ljava/lang/String;' @60  "com.sun.glass.ui.mac"{0x000000070e8ffc80} (e1d1ff90)
 - private final 'componentType' 'Ljava/lang/Class;' @64  NULL (0)
 - private volatile transient 'reflectionData' 'Ljava/lang/ref/SoftReference;' @68  NULL (0)
 - private volatile transient 'genericInfo' 'Lsun/reflect/generics/repository/ClassRepository;' @72  NULL (0)
 - private volatile transient 'enumConstants' '[Ljava/lang/Object;' @76  NULL (0)
 - private volatile transient 'enumConstantDirectory' 'Ljava/util/Map;' @80  NULL (0)
 - private volatile transient 'annotationData' 'Ljava/lang/Class$AnnotationData;' @84  NULL (0)
 - private volatile transient 'annotationType' 'Lsun/reflect/annotation/AnnotationType;' @88  NULL (0)
 - transient 'classValueMap' 'Ljava/lang/ClassValue$ClassValueMap;' @92  NULL (0)
 - abstract internal 'protection_domain' 'Ljava/lang/Object;' @96  a 'java/security/ProtectionDomain'{0x000000070e80ac98} (e1d01593)
 - abstract internal 'signers_name' 'Ljava/lang/Object;' @100  NULL (0)
 - abstract internal 'source_file' 'Ljava/lang/Object;' @104  NULL (0)
 - signature: Lcom/sun/glass/ui/mac/MacApplication;
 - ---- static fields (0):
 - static final 'BROWSER_PARENT_ID' 'J' @112  -1 (ffffffff ffffffff)
stack at sp + 7 slots: 0x0 is NULL

method entry point (kind = native)  [0x0000000115fbc7c0, 0x0000000115fbcec8]  1800 bytes
[MachCode]
  0x0000000115fbc7c0: 8205 40f9 | 4258 4079 | 986e 228b | 1823 00d1 | 9fee 7c92 | f4c3 01d1 | f603 1faa | f47f b9a9 
  0x0000000115fbc7e0: ff7f 06a9 | 8809 40f9 | 4800 00b4 | 08a1 0391 | e833 03a9 | 8a05 40f9 | 4a05 40f9 | 4a0d 40f9 
  0x0000000115fbc800: 4a39 40f9 | 4a01 40f9 | ea7f 02a9 | 9a05 40f9 | 5a07 40f9 | 5a0b 40f9 | f86b 01a9 | fd7b 05a9 
  0x0000000115fbc820: fd43 0191 | ff37 04a9 | e903 40b2 | 8987 0e39 | 8009 40f9 | 0001 00b4 | 08ac 40b9 | 0809 0091 
  0x0000000115fbc840: 08ac 00b9 | 09c0 40b9 | 0801 09ea | c030 0054 | 2300 0014 | 890d 40f9 | 6903 00b5 | e103 0caa 
  0x0000000115fbc860: b683 1bf8 | e003 1caa | 2801 0010 | 8867 01f9 | 9463 01f9 | 9d6b 01f9 | e833 bfa9 | 0841 89d2 
  0x0000000115fbc880: 48c0 a0f2 | 2800 c0f2 | 0001 3fd6 | e833 c1a8 | feff ff10 | 9f63 01f9 | 9f6b 01f9 | 9f67 01f9 
  0x0000000115fbc8a0: 8807 40f9 | a800 00b4 | 0810 90d2 | 48bf a2f2 | 2800 c0f2 | 0001 1fd6 | b6e3 7ba9 | 890d 40f9 
  0x0000000115fbc8c0: e900 00b4 | 2809 40b9 | 0809 0091 | 2809 00b9 | 2121 40b9 | 0801 01ea | 602c 0054 | 8807 42f9 
  0x0000000115fbc8e0: ff63 28eb | 0802 0054 | e913 40d1 | 3f01 00f9 | e923 40d1 | 3f01 00f9 | e933 40d1 | 3f01 00f9 
  0x0000000115fbc900: e943 40d1 | 3f01 00f9 | e953 40d1 | 3f01 00f9 | 8803 42f9 | ff63 28eb | 6900 0054 | e803 0091 
  0x0000000115fbc920: 8807 02f9 | 9f87 0e39 | 883f f8b0 | 08c9 7d39 | 2801 0034 | a183 5ef8 | e003 1caa | e833 bfa9 
  0x0000000115fbc940: 884a 85d2 | 28c8 a0f2 | 2800 c0f2 | 0001 3fd6 | e833 c1a8 | 9105 40f9 | 315a 4079 | 886e 31cb 
  0x0000000115fbc960: 1fed 7c92 | f403 08aa | 9131 40f9 | 5103 00b5 | e103 0caa | b683 1bf8 | e003 1caa | 2801 0010 
  0x0000000115fbc980: 8867 01f9 | 9463 01f9 | 9d6b 01f9 | e833 bfa9 | 08e3 8bd2 | 48c0 a0f2 | 2800 c0f2 | 0001 3fd6 
  0x0000000115fbc9a0: e833 c1a8 | feff ff10 | 9f63 01f9 | 9f6b 01f9 | 9f67 01f9 | 8807 40f9 | a800 00b4 | 0810 90d2 
  0x0000000115fbc9c0: 48bf a2f2 | 2800 c0f2 | 0001 1fd6 | b6e3 7ba9 | 9131 40f9 | 2002 3fd6 | ac83 5ef8 | f303 00aa 
  0x0000000115fbc9e0: 9129 40b9 | 1101 1836 | 9105 40f9 | 3106 40f9 | 310e 40f9 | 313a 40f9 | 3102 40f9 | b10f 00f9 
  0x0000000115fbca00: a163 0091 | 8a2d 40f9 | 896b 84d2 | 29c8 a0f2 | 2900 c0f2 | 2901 40f9 | 5f01 09eb | 6103 0054 
  0x0000000115fbca20: e103 0caa | b683 1bf8 | e003 1caa | 2801 0010 | 8867 01f9 | 9463 01f9 | 9d6b 01f9 | e833 bfa9 
  0x0000000115fbca40: 08e3 8bd2 | 48c0 a0f2 | 2800 c0f2 | 0001 3fd6 | e833 c1a8 | feff ff10 | 9f63 01f9 | 9f6b 01f9 
  0x0000000115fbca60: 9f67 01f9 | 8807 40f9 | a800 00b4 | 0810 90d2 | 48bf a2f2 | 2800 c0f2 | 0001 1fd6 | b6e3 7ba9 
  0x0000000115fbca80: ac83 5ef8 | 8a2d 40f9 | 8083 0b91 | 0801 0010 | 8867 01f9 | 9463 01f9 | 9d6b 01f9 | e803 7eb2 
  0x0000000115fbcaa0: 89d3 0d91 | 28fd 9f88 | 4001 3fd6 | ac83 5ef8 | 8882 00d1 | 1fed 7c92 | 800e 1ffc | 9f8e 1ff8 
  0x0000000115fbcac0: 808e 1ff8 | a800 80d2 | 89d3 0d91 | 28fd 9f88 | bf3b 03d5 | 88e3 0d91 | 08fd dfc8 | bf03 08eb 
  0x0000000115fbcae0: 6800 0054 | 8973 43b9 | 6901 00b4 | e003 1caa | 09d5 96d2 | a9c9 a0f2 | 2900 c0f2 | 2001 3fd6 
  0x0000000115fbcb00: ac83 5ef8 | 1bed 9ed2 | dbce a0f2 | 3b00 c0f2 | 7b03 40f9 | e803 7db2 | 89d3 0d91 | 28fd 9f88 
  0x0000000115fbcb20: 9f63 01f9 | 9f6b 01f9 | 9f67 01f9 | 91ab 41f9 | 3f82 00f9 | 5108 ff10 | 3f02 13eb | c107 0054 
  0x0000000115fbcb40: 8006 41f8 | 2007 00b4 | e006 0036 | 00f0 5ff8 | fd7b bfa9 | fd03 0091 | 9103 4139 | f105 0034 
  0x0000000115fbcb60: c005 00b4 | 9117 40f9 | f100 00b4 | 3122 00d1 | 9117 00f9 | 881f 40f9 | 3102 088b | 2002 00f9 
  0x0000000115fbcb80: 2600 0014 | e007 b8a9 | e20f 01a9 | e417 02a9 | e61f 03a9 | ea2f 04a9 | ec37 05a9 | ee3f 06a9 
  0x0000000115fbcba0: f047 07a9 | ff83 00d1 | e8eb 7bb2 | fc2f 880c | f82f 880c | f42f 880c | f02f 880c | e42f 880c 
  0x0000000115fbcbc0: e02f 000c | e103 1caa | e833 bfa9 | 08f2 8cd2 | 28be a0f2 | 2800 c0f2 | 0001 3fd6 | e833 c1a8 
  0x0000000115fbcbe0: e02f df0c | e42f df0c | f02f df0c | f42f df0c | f82f df0c | fc2f df0c | e20f 41a9 | e417 42a9 
  0x0000000115fbcc00: e61f 43a9 | ea2f 44a9 | ec37 45a9 | ee3f 46a9 | f047 47a9 | e007 c8a8 | bf03 0091 | fd7b c1a8 
  0x0000000115fbcc20: 0200 0014 | 0000 40f9 | a00f 00f9 | 9f8e 1ff8 | 808e 1ff8 | 88a3 0f91 | 0801 40b9 | 1f09 00f1 
  0x0000000115fbcc40: 8104 0054 | e007 b8a9 | e20f 01a9 | e417 02a9 | e61f 03a9 | ea2f 04a9 | ec37 05a9 | ee3f 06a9 
  0x0000000115fbcc60: f047 07a9 | ff83 00d1 | e8eb 7bb2 | fc2f 880c | f82f 880c | f42f 880c | f02f 880c | e42f 880c 
  0x0000000115fbcc80: e02f 000c | e003 1caa | 0993 89d2 | 29c8 a0f2 | 2900 c0f2 | 2001 3fd6 | e02f df0c | e42f df0c 
  0x0000000115fbcca0: f02f df0c | f42f df0c | f82f df0c | fc2f df0c | e20f 41a9 | e417 42a9 | e61f 43a9 | ea2f 44a9 
  0x0000000115fbccc0: ec37 45a9 | ee3f 46a9 | f047 47a9 | e007 c8a8 | ac83 5ef8 | 9605 40f9 | d6e2 0091 | 8807 40f9 
  0x0000000115fbcce0: 6803 00b4 | b683 1bf8 | e003 1caa | 2801 0010 | 8867 01f9 | 9463 01f9 | 9d6b 01f9 | e833 bfa9 
  0x0000000115fbcd00: 881a 84d2 | 48c0 a0f2 | 2800 c0f2 | 0001 3fd6 | e833 c1a8 | feff ff10 | 9f63 01f9 | 9f6b 01f9 
  0x0000000115fbcd20: 9f67 01f9 | 8807 40f9 | a800 00b4 | 0810 90d2 | 48bf a2f2 | 2800 c0f2 | 0001 1fd6 | b6e3 7ba9 
  0x0000000115fbcd40: c1d5 bbd4 | 2ee1 5e06 | 0100 0000 | 9129 40b9 | 5106 2836 | a183 01d1 | 3104 40f9 | 7103 00b5 
  0x0000000115fbcd60: b683 1bf8 | e003 1caa | 2801 0010 | 8867 01f9 | 9463 01f9 | 9d6b 01f9 | e833 bfa9 | 082a 86d2 
  0x0000000115fbcd80: 48c0 a0f2 | 2800 c0f2 | 0001 3fd6 | e833 c1a8 | feff ff10 | 9f63 01f9 | 9f6b 01f9 | 9f67 01f9 
  0x0000000115fbcda0: 8807 40f9 | a800 00b4 | 0810 90d2 | 48bf a2f2 | 2800 c0f2 | 0001 1fd6 | b6e3 7ba9 | c1d5 bbd4 
  0x0000000115fbcdc0: 2ee1 5e06 | 0100 0000 | b683 1bf8 | 2000 00d1 | 2304 40f9 | 3f04 00f9 | 0200 40f9 | c201 00b4 
  0x0000000115fbcde0: e803 00aa | 62fc e0c8 | 1f01 00eb | 4001 0054 | bf3b 03d5 | 2304 00f9 | e003 01aa | e833 bfa9 
  0x0000000115fbce00: 080b 86d2 | 48c0 a0f2 | 2800 c0f2 | 0001 3fd6 | e833 c1a8 | b683 5bf8 | 883f f8b0 | 08c9 7d39 
  0x0000000115fbce20: 2801 0034 | a183 5ef8 | e003 1caa | e833 bfa9 | 086b 85d2 | 28c8 a0f2 | 2800 c0f2 | 0001 3fd6 
  0x0000000115fbce40: e833 c1a8 | 8006 41f8 | 8006 41fc | 6002 3fd6 | b483 5ff8 | bf03 0091 | fd7b c1a8 | 9f02 0091 
  0x0000000115fbce60: c003 5fd6 | 0100 80d2 | b683 1bf8 | e003 1caa | 2801 0010 | 8867 01f9 | 9463 01f9 | 9d6b 01f9 
  0x0000000115fbce80: e833 bfa9 | 0869 88d2 | 48c0 a0f2 | 2800 c0f2 | 0001 3fd6 | e833 c1a8 | feff ff10 | 9f63 01f9 
  0x0000000115fbcea0: 9f6b 01f9 | 9f67 01f9 | 8807 40f9 | a800 00b4 | 0810 90d2 | 48bf a2f2 | 2800 c0f2 | 0001 1fd6 
  0x0000000115fbcec0: b6e3 7ba9 | 86fe ff17 
[/MachCode]

---------------  P R O C E S S  ---------------

Threads class SMR info:
_java_thread_list=0x0000600001d33220, length=18, elements={
0x000000015800d000, 0x0000000158811600, 0x000000015882cc00, 0x000000015882d200,
0x00000001580b2400, 0x00000001580b1e00, 0x00000001580b3200, 0x00000001580b3800,
0x00000001580b3e00, 0x0000000158812600, 0x0000000158812c00, 0x00000001580aa800,
0x0000000140052000, 0x000000012f00c000, 0x000000014007f800, 0x0000000158254200,
0x00000001582d6000, 0x000000014008de00
}

Java Threads: ( => current thread )
  0x000000015800d000 JavaThread "main" [_thread_blocked, id=10499, stack(0x000000016b7e0000,0x000000016b9e3000)]
  0x0000000158811600 JavaThread "Reference Handler" daemon [_thread_blocked, id=22019, stack(0x000000016c74c000,0x000000016c94f000)]
  0x000000015882cc00 JavaThread "Finalizer" daemon [_thread_blocked, id=22531, stack(0x000000016c958000,0x000000016cb5b000)]
  0x000000015882d200 JavaThread "Signal Dispatcher" daemon [_thread_blocked, id=42755, stack(0x000000016cb64000,0x000000016cd67000)]
  0x00000001580b2400 JavaThread "Service Thread" daemon [_thread_blocked, id=42243, stack(0x000000016cd70000,0x000000016cf73000)]
  0x00000001580b1e00 JavaThread "Monitor Deflation Thread" daemon [_thread_blocked, id=41987, stack(0x000000016cf7c000,0x000000016d17f000)]
  0x00000001580b3200 JavaThread "C2 CompilerThread0" daemon [_thread_blocked, id=41731, stack(0x000000016d188000,0x000000016d38b000)]
  0x00000001580b3800 JavaThread "C1 CompilerThread0" daemon [_thread_blocked, id=23555, stack(0x000000016d394000,0x000000016d597000)]
  0x00000001580b3e00 JavaThread "Sweeper thread" daemon [_thread_blocked, id=24067, stack(0x000000016d5a0000,0x000000016d7a3000)]
  0x0000000158812600 JavaThread "Notification Thread" daemon [_thread_blocked, id=41219, stack(0x000000016d7ac000,0x000000016d9af000)]
  0x0000000158812c00 JavaThread "Common-Cleaner" daemon [_thread_blocked, id=40451, stack(0x000000016dbc4000,0x000000016ddc7000)]
  0x00000001580aa800 JavaThread "JavaFX-Launcher" [_thread_blocked, id=39939, stack(0x000000016ddd0000,0x000000016dfd3000)]
  0x0000000140052000 JavaThread "QuantumRenderer-0" daemon [_thread_blocked, id=39683, stack(0x000000016dfdc000,0x000000016e1df000)]
=>0x000000012f00c000 JavaThread "InvokeLaterDispatcher" daemon [_thread_in_native, id=35339, stack(0x000000016e1e8000,0x000000016e3eb000)]
  0x000000014007f800 JavaThread "JavaFX Application Thread" [_thread_in_native, id=259, stack(0x000000016af58000,0x000000016b754000)]
  0x0000000158254200 JavaThread "PulseTimer-CVDisplayLink thread" daemon [_thread_in_native, id=77827, stack(0x000000016e480000,0x000000016e503000)]
  0x00000001582d6000 JavaThread "Prism Font Disposer" daemon [_thread_blocked, id=72715, stack(0x000000016f0c8000,0x000000016f2cb000)]
  0x000000014008de00 JavaThread "Cleaner-0" daemon [_thread_blocked, id=62991, stack(0x000000016f360000,0x000000016f563000)]

Other Threads:
  0x0000000157f055b0 VMThread "VM Thread" [stack: 0x000000016c428000,0x000000016c62b000] [id=16131]
  0x0000000157f0c090 WatcherThread "VM Periodic Task Thread" [stack: 0x000000016d9b8000,0x000000016dbbb000] [id=40963]
  0x0000000157e07b10 WorkerThread "GC Thread#0" [stack: 0x000000016b9ec000,0x000000016bbef000] [id=11779]
  0x0000000157f63850 WorkerThread "GC Thread#1" [stack: 0x000000016e68c000,0x000000016e88f000] [id=75523]
  0x0000000157f63bb0 WorkerThread "GC Thread#2" [stack: 0x000000016e898000,0x000000016ea9b000] [id=75011]
  0x0000000157f64050 WorkerThread "GC Thread#3" [stack: 0x000000016eaa4000,0x000000016eca7000] [id=74499]
  0x0000000157e3bfe0 WorkerThread "GC Thread#4" [stack: 0x000000016ecb0000,0x000000016eeb3000] [id=55043]
  0x0000000157e3c740 WorkerThread "GC Thread#5" [stack: 0x000000016eebc000,0x000000016f0bf000] [id=55555]
  0x0000000157e081e0 ConcurrentGCThread "G1 Main Marker" [stack: 0x000000016bbf8000,0x000000016bdfb000] [id=12035]
  0x0000000157e08a80 WorkerThread "G1 Conc#0" [stack: 0x000000016be04000,0x000000016c007000] [id=18435]
  0x0000000157e0a910 ConcurrentGCThread "G1 Refine#0" [stack: 0x000000016c010000,0x000000016c213000] [id=12547]
  0x0000000157e0b240 ConcurrentGCThread "G1 Service" [stack: 0x000000016c21c000,0x000000016c41f000] [id=17923]

Threads with active compile tasks:

VM state: not at safepoint (normal execution)

VM Mutex/Monitor currently owned by a thread: None

Heap address: 0x0000000700000000, size: 4096 MB, Compressed Oops mode: Zero based, Oop shift amount: 3

CDS archive(s) mapped at: [0x0000000800000000-0x0000000800c44000-0x0000000800c44000), size 12861440, SharedBaseAddress: 0x0000000800000000, ArchiveRelocationMode: 0.
Compressed class space mapped at: 0x0000000801000000-0x0000000841000000, reserved size: 1073741824
Narrow klass base: 0x0000000800000000, Narrow klass shift: 0, Narrow klass range: 0x100000000

GC Precious Log:
 CardTable entry size: 512
 Card Set container configuration: InlinePtr #cards 4 size 8 Array Of Cards #cards 16 size 48 Howl #buckets 8 coarsen threshold 3686 Howl Bitmap #cards 512 size 80 coarsen threshold 460 Card regions per heap region 1 cards per card region 4096
 CPUs: 8 total, 8 available
 Memory: 16384M
 Large Page Support: Disabled
 NUMA Support: Disabled
 Compressed Oops: Enabled (Zero based)
 Heap Region Size: 2M
 Heap Min Capacity: 8M
 Heap Initial Capacity: 256M
 Heap Max Capacity: 4G
 Pre-touch: Disabled
 Parallel Workers: 8
 Concurrent Workers: 2
 Concurrent Refinement Workers: 8
 Periodic GC: Disabled

Heap:
 garbage-first heap   total 266240K, used 26681K [0x0000000700000000, 0x0000000800000000)
  region size 2048K, 13 young (26624K), 2 survivors (4096K)
 Metaspace       used 13791K, committed 13952K, reserved 1114112K
  class space    used 2037K, committed 2112K, reserved 1048576K

Heap Regions: E=young(eden), S=young(survivor), O=old, HS=humongous(starts), HC=humongous(continues), CS=collection set, F=free, OA=open archive, CA=closed archive, TAMS=top-at-mark-start (previous, next)
|   0|0x0000000700000000, 0x0000000700016600, 0x0000000700200000|  4%| O|  |TAMS 0x0000000700000000, 0x0000000700000000| Untracked 
|   1|0x0000000700200000, 0x0000000700400000, 0x0000000700400000|100%|HS|  |TAMS 0x0000000700200000, 0x0000000700200000| Complete 
|   2|0x0000000700400000, 0x0000000700400000, 0x0000000700600000|  0%| F|  |TAMS 0x0000000700400000, 0x0000000700400000| Untracked 
|   3|0x0000000700600000, 0x0000000700600000, 0x0000000700800000|  0%| F|  |TAMS 0x0000000700600000, 0x0000000700600000| Untracked 
|   4|0x0000000700800000, 0x0000000700800000, 0x0000000700a00000|  0%| F|  |TAMS 0x0000000700800000, 0x0000000700800000| Untracked 
|   5|0x0000000700a00000, 0x0000000700a00000, 0x0000000700c00000|  0%| F|  |TAMS 0x0000000700a00000, 0x0000000700a00000| Untracked 
|   6|0x0000000700c00000, 0x0000000700c00000, 0x0000000700e00000|  0%| F|  |TAMS 0x0000000700c00000, 0x0000000700c00000| Untracked 
|   7|0x0000000700e00000, 0x0000000700e00000, 0x0000000701000000|  0%| F|  |TAMS 0x0000000700e00000, 0x0000000700e00000| Untracked 
|   8|0x0000000701000000, 0x0000000701000000, 0x0000000701200000|  0%| F|  |TAMS 0x0000000701000000, 0x0000000701000000| Untracked 
|   9|0x0000000701200000, 0x0000000701200000, 0x0000000701400000|  0%| F|  |TAMS 0x0000000701200000, 0x0000000701200000| Untracked 
|  10|0x0000000701400000, 0x0000000701400000, 0x0000000701600000|  0%| F|  |TAMS 0x0000000701400000, 0x0000000701400000| Untracked 
|  11|0x0000000701600000, 0x0000000701600000, 0x0000000701800000|  0%| F|  |TAMS 0x0000000701600000, 0x0000000701600000| Untracked 
|  12|0x0000000701800000, 0x0000000701800000, 0x0000000701a00000|  0%| F|  |TAMS 0x0000000701800000, 0x0000000701800000| Untracked 
|  13|0x0000000701a00000, 0x0000000701a00000, 0x0000000701c00000|  0%| F|  |TAMS 0x0000000701a00000, 0x0000000701a00000| Untracked 
|  14|0x0000000701c00000, 0x0000000701c00000, 0x0000000701e00000|  0%| F|  |TAMS 0x0000000701c00000, 0x0000000701c00000| Untracked 
|  15|0x0000000701e00000, 0x0000000701e00000, 0x0000000702000000|  0%| F|  |TAMS 0x0000000701e00000, 0x0000000701e00000| Untracked 
|  16|0x0000000702000000, 0x0000000702000000, 0x0000000702200000|  0%| F|  |TAMS 0x0000000702000000, 0x0000000702000000| Untracked 
|  17|0x0000000702200000, 0x0000000702200000, 0x0000000702400000|  0%| F|  |TAMS 0x0000000702200000, 0x0000000702200000| Untracked 
|  18|0x0000000702400000, 0x0000000702400000, 0x0000000702600000|  0%| F|  |TAMS 0x0000000702400000, 0x0000000702400000| Untracked 
|  19|0x0000000702600000, 0x0000000702600000, 0x0000000702800000|  0%| F|  |TAMS 0x0000000702600000, 0x0000000702600000| Untracked 
|  20|0x0000000702800000, 0x0000000702800000, 0x0000000702a00000|  0%| F|  |TAMS 0x0000000702800000, 0x0000000702800000| Untracked 
|  21|0x0000000702a00000, 0x0000000702a00000, 0x0000000702c00000|  0%| F|  |TAMS 0x0000000702a00000, 0x0000000702a00000| Untracked 
|  22|0x0000000702c00000, 0x0000000702c00000, 0x0000000702e00000|  0%| F|  |TAMS 0x0000000702c00000, 0x0000000702c00000| Untracked 
|  23|0x0000000702e00000, 0x0000000702e00000, 0x0000000703000000|  0%| F|  |TAMS 0x0000000702e00000, 0x0000000702e00000| Untracked 
|  24|0x0000000703000000, 0x0000000703000000, 0x0000000703200000|  0%| F|  |TAMS 0x0000000703000000, 0x0000000703000000| Untracked 
|  25|0x0000000703200000, 0x0000000703200000, 0x0000000703400000|  0%| F|  |TAMS 0x0000000703200000, 0x0000000703200000| Untracked 
|  26|0x0000000703400000, 0x0000000703400000, 0x0000000703600000|  0%| F|  |TAMS 0x0000000703400000, 0x0000000703400000| Untracked 
|  27|0x0000000703600000, 0x0000000703600000, 0x0000000703800000|  0%| F|  |TAMS 0x0000000703600000, 0x0000000703600000| Untracked 
|  28|0x0000000703800000, 0x0000000703800000, 0x0000000703a00000|  0%| F|  |TAMS 0x0000000703800000, 0x0000000703800000| Untracked 
|  29|0x0000000703a00000, 0x0000000703a00000, 0x0000000703c00000|  0%| F|  |TAMS 0x0000000703a00000, 0x0000000703a00000| Untracked 
|  30|0x0000000703c00000, 0x0000000703c00000, 0x0000000703e00000|  0%| F|  |TAMS 0x0000000703c00000, 0x0000000703c00000| Untracked 
|  31|0x0000000703e00000, 0x0000000703e00000, 0x0000000704000000|  0%| F|  |TAMS 0x0000000703e00000, 0x0000000703e00000| Untracked 
|  32|0x0000000704000000, 0x0000000704000000, 0x0000000704200000|  0%| F|  |TAMS 0x0000000704000000, 0x0000000704000000| Untracked 
|  33|0x0000000704200000, 0x0000000704200000, 0x0000000704400000|  0%| F|  |TAMS 0x0000000704200000, 0x0000000704200000| Untracked 
|  34|0x0000000704400000, 0x0000000704400000, 0x0000000704600000|  0%| F|  |TAMS 0x0000000704400000, 0x0000000704400000| Untracked 
|  35|0x0000000704600000, 0x0000000704600000, 0x0000000704800000|  0%| F|  |TAMS 0x0000000704600000, 0x0000000704600000| Untracked 
|  36|0x0000000704800000, 0x0000000704800000, 0x0000000704a00000|  0%| F|  |TAMS 0x0000000704800000, 0x0000000704800000| Untracked 
|  37|0x0000000704a00000, 0x0000000704a00000, 0x0000000704c00000|  0%| F|  |TAMS 0x0000000704a00000, 0x0000000704a00000| Untracked 
|  38|0x0000000704c00000, 0x0000000704c00000, 0x0000000704e00000|  0%| F|  |TAMS 0x0000000704c00000, 0x0000000704c00000| Untracked 
|  39|0x0000000704e00000, 0x0000000704e00000, 0x0000000705000000|  0%| F|  |TAMS 0x0000000704e00000, 0x0000000704e00000| Untracked 
|  40|0x0000000705000000, 0x0000000705000000, 0x0000000705200000|  0%| F|  |TAMS 0x0000000705000000, 0x0000000705000000| Untracked 
|  41|0x0000000705200000, 0x0000000705200000, 0x0000000705400000|  0%| F|  |TAMS 0x0000000705200000, 0x0000000705200000| Untracked 
|  42|0x0000000705400000, 0x0000000705400000, 0x0000000705600000|  0%| F|  |TAMS 0x0000000705400000, 0x0000000705400000| Untracked 
|  43|0x0000000705600000, 0x0000000705600000, 0x0000000705800000|  0%| F|  |TAMS 0x0000000705600000, 0x0000000705600000| Untracked 
|  44|0x0000000705800000, 0x0000000705800000, 0x0000000705a00000|  0%| F|  |TAMS 0x0000000705800000, 0x0000000705800000| Untracked 
|  45|0x0000000705a00000, 0x0000000705a00000, 0x0000000705c00000|  0%| F|  |TAMS 0x0000000705a00000, 0x0000000705a00000| Untracked 
|  46|0x0000000705c00000, 0x0000000705c00000, 0x0000000705e00000|  0%| F|  |TAMS 0x0000000705c00000, 0x0000000705c00000| Untracked 
|  47|0x0000000705e00000, 0x0000000705e00000, 0x0000000706000000|  0%| F|  |TAMS 0x0000000705e00000, 0x0000000705e00000| Untracked 
|  48|0x0000000706000000, 0x0000000706000000, 0x0000000706200000|  0%| F|  |TAMS 0x0000000706000000, 0x0000000706000000| Untracked 
|  49|0x0000000706200000, 0x0000000706200000, 0x0000000706400000|  0%| F|  |TAMS 0x0000000706200000, 0x0000000706200000| Untracked 
|  50|0x0000000706400000, 0x0000000706400000, 0x0000000706600000|  0%| F|  |TAMS 0x0000000706400000, 0x0000000706400000| Untracked 
|  51|0x0000000706600000, 0x0000000706600000, 0x0000000706800000|  0%| F|  |TAMS 0x0000000706600000, 0x0000000706600000| Untracked 
|  52|0x0000000706800000, 0x0000000706800000, 0x0000000706a00000|  0%| F|  |TAMS 0x0000000706800000, 0x0000000706800000| Untracked 
|  53|0x0000000706a00000, 0x0000000706a00000, 0x0000000706c00000|  0%| F|  |TAMS 0x0000000706a00000, 0x0000000706a00000| Untracked 
|  54|0x0000000706c00000, 0x0000000706c00000, 0x0000000706e00000|  0%| F|  |TAMS 0x0000000706c00000, 0x0000000706c00000| Untracked 
|  55|0x0000000706e00000, 0x0000000706e00000, 0x0000000707000000|  0%| F|  |TAMS 0x0000000706e00000, 0x0000000706e00000| Untracked 
|  56|0x0000000707000000, 0x0000000707000000, 0x0000000707200000|  0%| F|  |TAMS 0x0000000707000000, 0x0000000707000000| Untracked 
|  57|0x0000000707200000, 0x0000000707200000, 0x0000000707400000|  0%| F|  |TAMS 0x0000000707200000, 0x0000000707200000| Untracked 
|  58|0x0000000707400000, 0x0000000707400000, 0x0000000707600000|  0%| F|  |TAMS 0x0000000707400000, 0x0000000707400000| Untracked 
|  59|0x0000000707600000, 0x0000000707600000, 0x0000000707800000|  0%| F|  |TAMS 0x0000000707600000, 0x0000000707600000| Untracked 
|  60|0x0000000707800000, 0x0000000707800000, 0x0000000707a00000|  0%| F|  |TAMS 0x0000000707800000, 0x0000000707800000| Untracked 
|  61|0x0000000707a00000, 0x0000000707a00000, 0x0000000707c00000|  0%| F|  |TAMS 0x0000000707a00000, 0x0000000707a00000| Untracked 
|  62|0x0000000707c00000, 0x0000000707c00000, 0x0000000707e00000|  0%| F|  |TAMS 0x0000000707c00000, 0x0000000707c00000| Untracked 
|  63|0x0000000707e00000, 0x0000000707e00000, 0x0000000708000000|  0%| F|  |TAMS 0x0000000707e00000, 0x0000000707e00000| Untracked 
|  64|0x0000000708000000, 0x0000000708000000, 0x0000000708200000|  0%| F|  |TAMS 0x0000000708000000, 0x0000000708000000| Untracked 
|  65|0x0000000708200000, 0x0000000708200000, 0x0000000708400000|  0%| F|  |TAMS 0x0000000708200000, 0x0000000708200000| Untracked 
|  66|0x0000000708400000, 0x0000000708400000, 0x0000000708600000|  0%| F|  |TAMS 0x0000000708400000, 0x0000000708400000| Untracked 
|  67|0x0000000708600000, 0x0000000708600000, 0x0000000708800000|  0%| F|  |TAMS 0x0000000708600000, 0x0000000708600000| Untracked 
|  68|0x0000000708800000, 0x0000000708800000, 0x0000000708a00000|  0%| F|  |TAMS 0x0000000708800000, 0x0000000708800000| Untracked 
|  69|0x0000000708a00000, 0x0000000708a00000, 0x0000000708c00000|  0%| F|  |TAMS 0x0000000708a00000, 0x0000000708a00000| Untracked 
|  70|0x0000000708c00000, 0x0000000708c00000, 0x0000000708e00000|  0%| F|  |TAMS 0x0000000708c00000, 0x0000000708c00000| Untracked 
|  71|0x0000000708e00000, 0x0000000708e00000, 0x0000000709000000|  0%| F|  |TAMS 0x0000000708e00000, 0x0000000708e00000| Untracked 
|  72|0x0000000709000000, 0x0000000709000000, 0x0000000709200000|  0%| F|  |TAMS 0x0000000709000000, 0x0000000709000000| Untracked 
|  73|0x0000000709200000, 0x0000000709200000, 0x0000000709400000|  0%| F|  |TAMS 0x0000000709200000, 0x0000000709200000| Untracked 
|  74|0x0000000709400000, 0x0000000709400000, 0x0000000709600000|  0%| F|  |TAMS 0x0000000709400000, 0x0000000709400000| Untracked 
|  75|0x0000000709600000, 0x0000000709600000, 0x0000000709800000|  0%| F|  |TAMS 0x0000000709600000, 0x0000000709600000| Untracked 
|  76|0x0000000709800000, 0x0000000709800000, 0x0000000709a00000|  0%| F|  |TAMS 0x0000000709800000, 0x0000000709800000| Untracked 
|  77|0x0000000709a00000, 0x0000000709a00000, 0x0000000709c00000|  0%| F|  |TAMS 0x0000000709a00000, 0x0000000709a00000| Untracked 
|  78|0x0000000709c00000, 0x0000000709c00000, 0x0000000709e00000|  0%| F|  |TAMS 0x0000000709c00000, 0x0000000709c00000| Untracked 
|  79|0x0000000709e00000, 0x0000000709e00000, 0x000000070a000000|  0%| F|  |TAMS 0x0000000709e00000, 0x0000000709e00000| Untracked 
|  80|0x000000070a000000, 0x000000070a000000, 0x000000070a200000|  0%| F|  |TAMS 0x000000070a000000, 0x000000070a000000| Untracked 
|  81|0x000000070a200000, 0x000000070a200000, 0x000000070a400000|  0%| F|  |TAMS 0x000000070a200000, 0x000000070a200000| Untracked 
|  82|0x000000070a400000, 0x000000070a400000, 0x000000070a600000|  0%| F|  |TAMS 0x000000070a400000, 0x000000070a400000| Untracked 
|  83|0x000000070a600000, 0x000000070a600000, 0x000000070a800000|  0%| F|  |TAMS 0x000000070a600000, 0x000000070a600000| Untracked 
|  84|0x000000070a800000, 0x000000070a800000, 0x000000070aa00000|  0%| F|  |TAMS 0x000000070a800000, 0x000000070a800000| Untracked 
|  85|0x000000070aa00000, 0x000000070aa00000, 0x000000070ac00000|  0%| F|  |TAMS 0x000000070aa00000, 0x000000070aa00000| Untracked 
|  86|0x000000070ac00000, 0x000000070ac00000, 0x000000070ae00000|  0%| F|  |TAMS 0x000000070ac00000, 0x000000070ac00000| Untracked 
|  87|0x000000070ae00000, 0x000000070ae00000, 0x000000070b000000|  0%| F|  |TAMS 0x000000070ae00000, 0x000000070ae00000| Untracked 
|  88|0x000000070b000000, 0x000000070b000000, 0x000000070b200000|  0%| F|  |TAMS 0x000000070b000000, 0x000000070b000000| Untracked 
|  89|0x000000070b200000, 0x000000070b200000, 0x000000070b400000|  0%| F|  |TAMS 0x000000070b200000, 0x000000070b200000| Untracked 
|  90|0x000000070b400000, 0x000000070b400000, 0x000000070b600000|  0%| F|  |TAMS 0x000000070b400000, 0x000000070b400000| Untracked 
|  91|0x000000070b600000, 0x000000070b600000, 0x000000070b800000|  0%| F|  |TAMS 0x000000070b600000, 0x000000070b600000| Untracked 
|  92|0x000000070b800000, 0x000000070b800000, 0x000000070ba00000|  0%| F|  |TAMS 0x000000070b800000, 0x000000070b800000| Untracked 
|  93|0x000000070ba00000, 0x000000070ba00000, 0x000000070bc00000|  0%| F|  |TAMS 0x000000070ba00000, 0x000000070ba00000| Untracked 
|  94|0x000000070bc00000, 0x000000070bc00000, 0x000000070be00000|  0%| F|  |TAMS 0x000000070bc00000, 0x000000070bc00000| Untracked 
|  95|0x000000070be00000, 0x000000070be00000, 0x000000070c000000|  0%| F|  |TAMS 0x000000070be00000, 0x000000070be00000| Untracked 
|  96|0x000000070c000000, 0x000000070c000000, 0x000000070c200000|  0%| F|  |TAMS 0x000000070c000000, 0x000000070c000000| Untracked 
|  97|0x000000070c200000, 0x000000070c200000, 0x000000070c400000|  0%| F|  |TAMS 0x000000070c200000, 0x000000070c200000| Untracked 
|  98|0x000000070c400000, 0x000000070c400000, 0x000000070c600000|  0%| F|  |TAMS 0x000000070c400000, 0x000000070c400000| Untracked 
|  99|0x000000070c600000, 0x000000070c600000, 0x000000070c800000|  0%| F|  |TAMS 0x000000070c600000, 0x000000070c600000| Untracked 
| 100|0x000000070c800000, 0x000000070c800000, 0x000000070ca00000|  0%| F|  |TAMS 0x000000070c800000, 0x000000070c800000| Untracked 
| 101|0x000000070ca00000, 0x000000070ca00000, 0x000000070cc00000|  0%| F|  |TAMS 0x000000070ca00000, 0x000000070ca00000| Untracked 
| 102|0x000000070cc00000, 0x000000070cc00000, 0x000000070ce00000|  0%| F|  |TAMS 0x000000070cc00000, 0x000000070cc00000| Untracked 
| 103|0x000000070ce00000, 0x000000070ce00000, 0x000000070d000000|  0%| F|  |TAMS 0x000000070ce00000, 0x000000070ce00000| Untracked 
| 104|0x000000070d000000, 0x000000070d000000, 0x000000070d200000|  0%| F|  |TAMS 0x000000070d000000, 0x000000070d000000| Untracked 
| 105|0x000000070d200000, 0x000000070d200000, 0x000000070d400000|  0%| F|  |TAMS 0x000000070d200000, 0x000000070d200000| Untracked 
| 106|0x000000070d400000, 0x000000070d400000, 0x000000070d600000|  0%| F|  |TAMS 0x000000070d400000, 0x000000070d400000| Untracked 
| 107|0x000000070d600000, 0x000000070d600000, 0x000000070d800000|  0%| F|  |TAMS 0x000000070d600000, 0x000000070d600000| Untracked 
| 108|0x000000070d800000, 0x000000070d800000, 0x000000070da00000|  0%| F|  |TAMS 0x000000070d800000, 0x000000070d800000| Untracked 
| 109|0x000000070da00000, 0x000000070da00000, 0x000000070dc00000|  0%| F|  |TAMS 0x000000070da00000, 0x000000070da00000| Untracked 
| 110|0x000000070dc00000, 0x000000070dc00000, 0x000000070de00000|  0%| F|  |TAMS 0x000000070dc00000, 0x000000070dc00000| Untracked 
| 111|0x000000070de00000, 0x000000070de00000, 0x000000070e000000|  0%| F|  |TAMS 0x000000070de00000, 0x000000070de00000| Untracked 
| 112|0x000000070e000000, 0x000000070e000000, 0x000000070e200000|  0%| F|  |TAMS 0x000000070e000000, 0x000000070e000000| Untracked 
| 113|0x000000070e200000, 0x000000070e200000, 0x000000070e400000|  0%| F|  |TAMS 0x000000070e200000, 0x000000070e200000| Untracked 
| 114|0x000000070e400000, 0x000000070e400000, 0x000000070e600000|  0%| F|  |TAMS 0x000000070e400000, 0x000000070e400000| Untracked 
| 115|0x000000070e600000, 0x000000070e800000, 0x000000070e800000|100%| S|CS|TAMS 0x000000070e600000, 0x000000070e600000| Complete 
| 116|0x000000070e800000, 0x000000070ea00000, 0x000000070ea00000|100%| S|CS|TAMS 0x000000070e800000, 0x000000070e800000| Complete 
| 117|0x000000070ea00000, 0x000000070eac7088, 0x000000070ec00000| 38%| E|  |TAMS 0x000000070ea00000, 0x000000070ea00000| Complete 
| 118|0x000000070ec00000, 0x000000070ee00000, 0x000000070ee00000|100%| E|  |TAMS 0x000000070ec00000, 0x000000070ec00000| Complete 
| 119|0x000000070ee00000, 0x000000070f000000, 0x000000070f000000|100%| E|CS|TAMS 0x000000070ee00000, 0x000000070ee00000| Complete 
| 120|0x000000070f000000, 0x000000070f200000, 0x000000070f200000|100%| E|CS|TAMS 0x000000070f000000, 0x000000070f000000| Complete 
| 121|0x000000070f200000, 0x000000070f400000, 0x000000070f400000|100%| E|CS|TAMS 0x000000070f200000, 0x000000070f200000| Complete 
| 122|0x000000070f400000, 0x000000070f600000, 0x000000070f600000|100%| E|CS|TAMS 0x000000070f400000, 0x000000070f400000| Complete 
| 123|0x000000070f600000, 0x000000070f800000, 0x000000070f800000|100%| E|CS|TAMS 0x000000070f600000, 0x000000070f600000| Complete 
| 124|0x000000070f800000, 0x000000070fa00000, 0x000000070fa00000|100%| E|CS|TAMS 0x000000070f800000, 0x000000070f800000| Complete 
| 125|0x000000070fa00000, 0x000000070fc00000, 0x000000070fc00000|100%| E|CS|TAMS 0x000000070fa00000, 0x000000070fa00000| Complete 
| 126|0x000000070fc00000, 0x000000070fe00000, 0x000000070fe00000|100%| E|CS|TAMS 0x000000070fc00000, 0x000000070fc00000| Complete 
| 127|0x000000070fe00000, 0x0000000710000000, 0x0000000710000000|100%| E|CS|TAMS 0x000000070fe00000, 0x000000070fe00000| Complete 
|2046|0x00000007ffc00000, 0x00000007ffd78000, 0x00000007ffe00000| 73%|OA|  |TAMS 0x00000007ffc00000, 0x00000007ffc00000| Untracked 
|2047|0x00000007ffe00000, 0x00000007ffe80000, 0x0000000800000000| 25%|CA|  |TAMS 0x00000007ffe00000, 0x00000007ffe00000| Untracked 

Card table byte_map: [0x000000011da74000,0x000000011e274000] _byte_map_base: 0x000000011a274000

Marking Bits (Prev, Next): (CMBitMap*) 0x0000000158036210, (CMBitMap*) 0x0000000158036250
 Prev Bits: [0x000000011ea74000, 0x0000000122a74000)
 Next Bits: [0x0000000122a74000, 0x0000000126a74000)

Polling page: 0x0000000104838000

Metaspace:

Usage:
  Non-class:     11.48 MB used.
      Class:      1.99 MB used.
       Both:     13.47 MB used.

Virtual space:
  Non-class space:       64.00 MB reserved,      11.56 MB ( 18%) committed,  1 nodes.
      Class space:        1.00 GB reserved,       2.06 MB ( <1%) committed,  1 nodes.
             Both:        1.06 GB reserved,      13.62 MB (  1%) committed. 

Chunk freelists:
   Non-Class:  3.27 MB
       Class:  1.94 MB
        Both:  5.21 MB

MaxMetaspaceSize: unlimited
CompressedClassSpaceSize: 1.00 GB
Initial GC threshold: 21.00 MB
Current GC threshold: 21.00 MB
CDS: on
MetaspaceReclaimPolicy: balanced
 - commit_granule_bytes: 65536.
 - commit_granule_words: 8192.
 - virtual_space_node_default_size: 8388608.
 - enlarge_chunks_in_place: 1.
 - new_chunks_are_fully_committed: 0.
 - uncommit_free_chunks: 1.
 - use_allocation_guard: 0.


Internal statistics:

num_allocs_failed_limit: 0.
num_arena_births: 210.
num_arena_deaths: 0.
num_vsnodes_births: 2.
num_vsnodes_deaths: 0.
num_space_committed: 218.
num_space_uncommitted: 0.
num_chunks_returned_to_freelist: 0.
num_chunks_taken_from_freelist: 643.
num_chunk_merges: 0.
num_chunk_splits: 473.
num_chunks_enlarged: 393.
num_inconsistent_stats: 0.

CodeHeap 'non-profiled nmethods': size=120032Kb used=643Kb max_used=643Kb free=119388Kb
 bounds [0x000000011653c000, 0x00000001167ac000, 0x000000011da74000]
CodeHeap 'profiled nmethods': size=120016Kb used=3826Kb max_used=3826Kb free=116189Kb
 bounds [0x000000010ea74000, 0x000000010ee34000, 0x0000000115fa8000]
CodeHeap 'non-nmethods': size=5712Kb used=1443Kb max_used=1492Kb free=4268Kb
 bounds [0x0000000115fa8000, 0x0000000116218000, 0x000000011653c000]
 total_blobs=2739 nmethods=1954 adapters=699
 compilation: enabled
              stopped_count=0, restarted_count=0
 full_count=0

Compilation events (20 events):
Event: 3.347 Thread 0x00000001580b3800 1980       3       com.sun.scenario.animation.AbstractPrimaryTimer$MainLoop::run (61 bytes)
Event: 3.348 Thread 0x00000001580b3800 nmethod 1980 0x000000010ee2a890 code [0x000000010ee2ab00, 0x000000010ee2b178]
Event: 3.348 Thread 0x00000001580b3800 1981       3       com.sun.javafx.tk.quantum.PrimaryTimer::recordStart (8 bytes)
Event: 3.348 Thread 0x00000001580b3800 nmethod 1981 0x000000010ee2b490 code [0x000000010ee2b640, 0x000000010ee2b808]
Event: 3.405 Thread 0x00000001580b3800 1982       3       javafx.scene.Scene::isDirtyEmpty (8 bytes)
Event: 3.406 Thread 0x00000001580b3800 nmethod 1982 0x000000010ee2b910 code [0x000000010ee2bac0, 0x000000010ee2bc98]
Event: 3.485 Thread 0x00000001580b3800 1983       3       java.lang.ThreadLocal::get (47 bytes)
Event: 3.487 Thread 0x00000001580b3800 nmethod 1983 0x000000010ee2bd90 code [0x000000010ee2bfc0, 0x000000010ee2c468]
Event: 3.487 Thread 0x00000001580b3800 1984       3       com.sun.javafx.geom.Vec3d::set (25 bytes)
Event: 3.488 Thread 0x00000001580b3800 nmethod 1984 0x000000010ee2c610 code [0x000000010ee2c7c0, 0x000000010ee2c8d8]
Event: 3.488 Thread 0x00000001580b3800 1985       3       java.lang.ThreadLocal$ThreadLocalMap::getEntry (42 bytes)
Event: 3.488 Thread 0x00000001580b3800 nmethod 1985 0x000000010ee2c990 code [0x000000010ee2cb80, 0x000000010ee2cf78]
Event: 3.495 Thread 0x00000001580b3800 1986       3       com.sun.javafx.util.TempState::getInstance (10 bytes)
Event: 3.495 Thread 0x00000001580b3800 nmethod 1986 0x000000010ee2d190 code [0x000000010ee2d380, 0x000000010ee2d6c8]
Event: 3.495 Thread 0x00000001580b3800 1987       3       javafx.scene.input.MouseEvent::getEventType (5 bytes)
Event: 3.495 Thread 0x00000001580b3800 nmethod 1987 0x000000010ee2d810 code [0x000000010ee2d9c0, 0x000000010ee2db58]
Event: 3.498 Thread 0x00000001580b3800 1988       3       javafx.scene.Node::getLocalBounds (162 bytes)
Event: 3.499 Thread 0x00000001580b3800 nmethod 1988 0x000000010ee2dc10 code [0x000000010ee2e080, 0x000000010ee2fb38]
Event: 3.499 Thread 0x00000001580b3800 1989       1       com.sun.javafx.scene.input.PickResultChooser::isClosed (5 bytes)
Event: 3.499 Thread 0x00000001580b3800 nmethod 1989 0x00000001165db590 code [0x00000001165db740, 0x00000001165db7d8]

GC Heap History (2 events):
Event: 0.349 GC heap before
{Heap before GC invocations=0 (full 0):
 garbage-first heap   total 266240K, used 22496K [0x0000000700000000, 0x0000000800000000)
  region size 2048K, 11 young (22528K), 0 survivors (0K)
 Metaspace       used 7585K, committed 7808K, reserved 1114112K
  class space    used 1004K, committed 1088K, reserved 1048576K
}
Event: 0.351 GC heap after
{Heap after GC invocations=1 (full 0):
 garbage-first heap   total 266240K, used 6201K [0x0000000700000000, 0x0000000800000000)
  region size 2048K, 2 young (4096K), 2 survivors (4096K)
 Metaspace       used 7585K, committed 7808K, reserved 1114112K
  class space    used 1004K, committed 1088K, reserved 1048576K
}

Dll operation events (10 events):
Event: 0.004 Loaded shared library /Users/umer/Library/Java/JavaVirtualMachines/openjdk-19.0.1/Contents/Home/lib/libjava.dylib
Event: 0.019 Loaded shared library /Users/umer/Library/Java/JavaVirtualMachines/openjdk-19.0.1/Contents/Home/lib/libnio.dylib
Event: 0.021 Loaded shared library /Users/umer/Library/Java/JavaVirtualMachines/openjdk-19.0.1/Contents/Home/lib/libzip.dylib
Event: 0.044 Loaded shared library /Users/umer/Library/Java/JavaVirtualMachines/openjdk-19.0.1/Contents/Home/lib/libjimage.dylib
Event: 0.100 Loading shared library /Users/umer/.gradle/caches/modules-2/files-2.1/org.openjfx/javafx-graphics/17/b6326f61f7e0effbf733d62e83b8317eb8e768b4/libprism_es2.dylib failed, dlopen(/Users/umer/.gradle/caches/modules-2/files-2.1/org.openjfx/javafx-graphics/17/b
Event: 0.116 Loaded shared library /Users/umer/.openjfx/cache/17/libprism_es2.dylib
Event: 0.154 Loading shared library /Users/umer/.gradle/caches/modules-2/files-2.1/org.openjfx/javafx-graphics/17/b6326f61f7e0effbf733d62e83b8317eb8e768b4/libglass.dylib failed, dlopen(/Users/umer/.gradle/caches/modules-2/files-2.1/org.openjfx/javafx-graphics/17/b6326
Event: 0.159 Loaded shared library /Users/umer/.openjfx/cache/17/libglass.dylib
Event: 0.300 Loading shared library /Users/umer/.gradle/caches/modules-2/files-2.1/org.openjfx/javafx-graphics/17/b6326f61f7e0effbf733d62e83b8317eb8e768b4/libjavafx_font.dylib failed, dlopen(/Users/umer/.gradle/caches/modules-2/files-2.1/org.openjfx/javafx-graphics/17
Event: 0.301 Loaded shared library /Users/umer/.openjfx/cache/17/libjavafx_font.dylib

Deoptimization events (20 events):
Event: 0.598 Thread 0x000000014007f800 DEOPT PACKING pc=0x000000011659caa0 sp=0x000000016b74cd70
Event: 0.598 Thread 0x000000014007f800 DEOPT UNPACKING pc=0x0000000115ff721c sp=0x000000016b74cd00 mode 2
Event: 0.598 Thread 0x000000014007f800 Uncommon trap: trap_request=0xffffffde fr.pc=0x000000011659caa0 relative=0x00000000000000e0
Event: 0.598 Thread 0x000000014007f800 Uncommon trap: reason=class_check action=maybe_recompile pc=0x000000011659caa0 method=jdk.internal.misc.Unsafe.allocateUninitializedArray(Ljava/lang/Class;I)Ljava/lang/Object; @ 51 c2
Event: 0.598 Thread 0x000000014007f800 DEOPT PACKING pc=0x000000011659caa0 sp=0x000000016b74cfb0
Event: 0.598 Thread 0x000000014007f800 DEOPT UNPACKING pc=0x0000000115ff721c sp=0x000000016b74cf40 mode 2
Event: 0.598 Thread 0x000000014007f800 Uncommon trap: trap_request=0xffffffde fr.pc=0x000000011659caa0 relative=0x00000000000000e0
Event: 0.598 Thread 0x000000014007f800 Uncommon trap: reason=class_check action=maybe_recompile pc=0x000000011659caa0 method=jdk.internal.misc.Unsafe.allocateUninitializedArray(Ljava/lang/Class;I)Ljava/lang/Object; @ 51 c2
Event: 0.598 Thread 0x000000014007f800 DEOPT PACKING pc=0x000000011659caa0 sp=0x000000016b74d450
Event: 0.598 Thread 0x000000014007f800 DEOPT UNPACKING pc=0x0000000115ff721c sp=0x000000016b74d3e0 mode 2
Event: 0.612 Thread 0x000000014007f800 Uncommon trap: trap_request=0xffffff45 fr.pc=0x000000011657f1e4 relative=0x00000000000001a4
Event: 0.612 Thread 0x000000014007f800 Uncommon trap: reason=unstable_if action=reinterpret pc=0x000000011657f1e4 method=java.io.ByteArrayInputStream.read()I @ 8 c2
Event: 0.612 Thread 0x000000014007f800 DEOPT PACKING pc=0x000000011657f1e4 sp=0x000000016b74d030
Event: 0.612 Thread 0x000000014007f800 DEOPT UNPACKING pc=0x0000000115ff721c sp=0x000000016b74cfb0 mode 2
Event: 0.612 Thread 0x000000014007f800 Uncommon trap: trap_request=0xffffff45 fr.pc=0x000000011656b0ac relative=0x000000000000006c
Event: 0.612 Thread 0x000000014007f800 Uncommon trap: reason=unstable_if action=reinterpret pc=0x000000011656b0ac method=jdk.internal.misc.Unsafe.convEndian(ZI)I @ 4 c2
Event: 0.612 Thread 0x000000014007f800 DEOPT PACKING pc=0x000000011656b0ac sp=0x000000016b74ce90
Event: 0.612 Thread 0x000000014007f800 DEOPT UNPACKING pc=0x0000000115ff721c sp=0x000000016b74cdc0 mode 2
Event: 0.732 Thread 0x0000000140052000 DEOPT PACKING pc=0x000000010ed11434 sp=0x000000016e1db490
Event: 0.732 Thread 0x0000000140052000 DEOPT UNPACKING pc=0x0000000115ff707c sp=0x000000016e1db1f0 mode 3

Classes loaded (20 events):
Event: 0.712 Loading class java/io/BufferedReader
Event: 0.712 Loading class java/io/BufferedReader done
Event: 0.716 Loading class java/nio/DirectByteBuffer$Deallocator
Event: 0.716 Loading class java/nio/DirectByteBuffer$Deallocator done
Event: 0.716 Loading class java/nio/DirectShortBufferU
Event: 0.716 Loading class java/nio/ShortBuffer
Event: 0.716 Loading class java/nio/ShortBuffer done
Event: 0.716 Loading class java/nio/DirectShortBufferU done
Event: 0.724 Loading class java/nio/FloatBuffer
Event: 0.724 Loading class java/nio/FloatBuffer done
Event: 0.724 Loading class java/nio/DoubleBuffer
Event: 0.725 Loading class java/nio/DoubleBuffer done
Event: 0.730 Loading class jdk/internal/ref/CleanerImpl$InnocuousThreadFactory
Event: 0.730 Loading class jdk/internal/ref/CleanerImpl$InnocuousThreadFactory done
Event: 0.732 Loading class sun/misc/Unsafe
Event: 0.732 Loading class sun/misc/Unsafe done
Event: 0.732 Loading class java/lang/invoke/DirectMethodHandle$StaticAccessor
Event: 0.732 Loading class java/lang/invoke/DirectMethodHandle$StaticAccessor done
Event: 0.742 Loading class java/nio/DirectFloatBufferU
Event: 0.742 Loading class java/nio/DirectFloatBufferU done

Classes unloaded (0 events):
No events

Classes redefined (0 events):
No events

Internal exceptions (20 events):
Event: 0.360 Thread 0x000000014007f800 Implicit null exception at 0x0000000116582304 to 0x00000001165826c8
Event: 0.361 Thread 0x000000014007f800 Implicit null exception at 0x000000011657e484 to 0x000000011657e83c
Event: 0.368 Thread 0x000000014007f800 Exception <a 'java/lang/NoSuchMethodError'{0x000000070fc177b8}: 'java.lang.Object java.lang.invoke.DirectMethodHandle$Holder.invokeInterface(java.lang.Object, java.lang.Object)'> (0x000000070fc177b8) 
thrown [open/src/hotspot/share/interpreter/linkResolver.cpp, line 774]
Event: 0.392 Thread 0x000000014007f800 Implicit null exception at 0x000000011658393c to 0x0000000116583e6c
Event: 0.555 Thread 0x000000014007f800 Exception <a 'java/lang/NoSuchMethodError'{0x000000070fb52b00}: 'java.lang.Object java.lang.invoke.DirectMethodHandle$Holder.invokeInterface(java.lang.Object, java.lang.Object, java.lang.Object)'> (0x000000070fb52b00) 
thrown [open/src/hotspot/share/interpreter/linkResolver.cpp, line 774]
Event: 0.556 Thread 0x000000014007f800 Exception <a 'java/lang/IncompatibleClassChangeError'{0x000000070fb56490}: Found class java.lang.Object, but interface was expected> (0x000000070fb56490) 
thrown [open/src/hotspot/share/interpreter/linkResolver.cpp, line 841]
Event: 0.614 Thread 0x000000014007f800 Exception <a 'java/lang/NoSuchMethodError'{0x000000070f513f08}: 'int java.lang.invoke.DirectMethodHandle$Holder.invokeSpecial(java.lang.Object, java.lang.Object, int)'> (0x000000070f513f08) 
thrown [open/src/hotspot/share/interpreter/linkResolver.cpp, line 774]
Event: 0.614 Thread 0x000000014007f800 Exception <a 'java/lang/NoSuchMethodError'{0x000000070f51c5e0}: 'int java.lang.invoke.DirectMethodHandle$Holder.invokeSpecial(java.lang.Object, java.lang.Object, java.lang.Object, int)'> (0x000000070f51c5e0) 
thrown [open/src/hotspot/share/interpreter/linkResolver.cpp, line 774]
Event: 0.615 Thread 0x000000014007f800 Exception <a 'java/lang/NoSuchMethodError'{0x000000070f52ec28}: 'java.lang.Object java.lang.invoke.DirectMethodHandle$Holder.invokeStatic(java.lang.Object, java.lang.Object, java.lang.Object, java.lang.Object, int)'> (0x000000070f52ec28) 
thrown [open/src/hotspot/share/interpreter/linkResolver.cpp, line 774]
Event: 0.615 Thread 0x000000014007f800 Exception <a 'java/lang/NoSuchMethodError'{0x000000070f537290}: 'int java.lang.invoke.DirectMethodHandle$Holder.invokeSpecial(java.lang.Object, java.lang.Object, java.lang.Object)'> (0x000000070f537290) 
thrown [open/src/hotspot/share/interpreter/linkResolver.cpp, line 774]
Event: 0.660 Thread 0x000000014007f800 Exception <a 'java/lang/NoSuchMethodError'{0x000000070f0fc970}: 'java.lang.Object java.lang.invoke.DirectMethodHandle$Holder.newInvokeSpecial(java.lang.Object, java.lang.Object, int, int)'> (0x000000070f0fc970) 
thrown [open/src/hotspot/share/interpreter/linkResolver.cpp, line 774]
Event: 0.660 Thread 0x000000014007f800 Exception <a 'java/lang/NoSuchMethodError'{0x000000070f100a80}: 'java.lang.Object java.lang.invoke.DirectMethodHandle$Holder.invokeSpecial(java.lang.Object, java.lang.Object, java.lang.Object, int, int)'> (0x000000070f100a80) 
thrown [open/src/hotspot/share/interpreter/linkResolver.cpp, line 774]
Event: 0.664 Thread 0x000000014007f800 Exception <a 'java/lang/NoSuchMethodError'{0x000000070f113ac8}: 'java.lang.Object java.lang.invoke.DirectMethodHandle$Holder.newInvokeSpecial(java.lang.Object, java.lang.Object, int)'> (0x000000070f113ac8) 
thrown [open/src/hotspot/share/interpreter/linkResolver.cpp, line 774]
Event: 0.707 Thread 0x0000000140052000 Exception <a 'java/lang/NoSuchMethodError'{0x000000070ee92878}: 'int java.lang.invoke.DirectMethodHandle$Holder.invokeStaticInit(java.lang.Object, java.lang.Object)'> (0x000000070ee92878) 
thrown [open/src/hotspot/share/interpreter/linkResolver.cpp, line 774]
Event: 0.709 Thread 0x000000014007f800 Exception <a 'java/lang/NoSuchMethodError'{0x000000070ee68cd8}: 'long java.lang.invoke.DirectMethodHandle$Holder.invokeStatic(java.lang.Object, java.lang.Object, java.lang.Object)'> (0x000000070ee68cd8) 
thrown [open/src/hotspot/share/interpreter/linkResolver.cpp, line 774]
Event: 0.709 Thread 0x000000014007f800 Exception <a 'java/lang/NoSuchMethodError'{0x000000070ee6c350}: 'long java.lang.invoke.DirectMethodHandle$Holder.invokeStaticInit(java.lang.Object, java.lang.Object, java.lang.Object)'> (0x000000070ee6c350) 
thrown [open/src/hotspot/share/interpreter/linkResolver.cpp, line 774]
Event: 0.710 Thread 0x000000014007f800 Exception <a 'java/lang/NoSuchMethodError'{0x000000070eeea240}: 'java.lang.Object java.lang.invoke.DirectMethodHandle$Holder.newInvokeSpecial(java.lang.Object, java.lang.Object, long)'> (0x000000070eeea240) 
thrown [open/src/hotspot/share/interpreter/linkResolver.cpp, line 774]
Event: 0.710 Thread 0x000000014007f800 Exception <a 'java/lang/NoSuchMethodError'{0x000000070eeedb18}: 'java.lang.Object java.lang.invoke.Invokers$Holder.linkToTargetMethod(java.lang.Object, long, java.lang.Object)'> (0x000000070eeedb18) 
thrown [open/src/hotspot/share/interpreter/linkResolver.cpp, line 774]
Event: 0.711 Thread 0x0000000140052000 Exception <a 'java/lang/NoSuchMethodError'{0x000000070eec3558}: 'java.lang.Object java.lang.invoke.Invokers$Holder.invokeExact_MT(java.lang.Object, java.lang.Object, java.lang.Object, java.lang.Object, java.lang.Object)'> (0x000000070eec3558) 
thrown [open/src/hotspot/share/interpreter/linkResolver.cpp, line 774]
Event: 0.785 Thread 0x0000000140052000 Exception <a 'java/lang/NoSuchMethodError'{0x000000070edd0da0}: 'java.lang.Object java.lang.invoke.DirectMethodHandle$Holder.invokeStaticInit(java.lang.Object, int)'> (0x000000070edd0da0) 
thrown [open/src/hotspot/share/interpreter/linkResolver.cpp, line 774]

VM Operations (18 events):
Event: 0.101 Executing VM operation: HandshakeAllThreads
Event: 0.101 Executing VM operation: HandshakeAllThreads done
Event: 0.263 Executing VM operation: ICBufferFull
Event: 0.263 Executing VM operation: ICBufferFull done
Event: 0.349 Executing VM operation: G1CollectForAllocation
Event: 0.351 Executing VM operation: G1CollectForAllocation done
Event: 0.609 Executing VM operation: ICBufferFull
Event: 0.610 Executing VM operation: ICBufferFull done
Event: 0.646 Executing VM operation: ICBufferFull
Event: 0.646 Executing VM operation: ICBufferFull done
Event: 0.712 Executing VM operation: HandshakeAllThreads
Event: 0.712 Executing VM operation: HandshakeAllThreads done
Event: 1.116 Executing VM operation: ICBufferFull
Event: 1.116 Executing VM operation: ICBufferFull done
Event: 2.121 Executing VM operation: Cleanup
Event: 2.121 Executing VM operation: Cleanup done
Event: 3.126 Executing VM operation: Cleanup
Event: 3.126 Executing VM operation: Cleanup done

Events (20 events):
Event: 0.016 Thread 0x0000000158812c00 Thread added: 0x0000000158812c00
Event: 0.016 Protecting memory [0x000000016dbc4000,0x000000016dbd0000] with protection modes 0
Event: 0.030 Thread 0x00000001580aa800 Thread added: 0x00000001580aa800
Event: 0.030 Protecting memory [0x000000016ddd0000,0x000000016dddc000] with protection modes 0
Event: 0.095 Thread 0x0000000140052000 Thread added: 0x0000000140052000
Event: 0.095 Protecting memory [0x000000016dfdc000,0x000000016dfe8000] with protection modes 0
Event: 0.160 Thread 0x000000012f00c000 Thread added: 0x000000012f00c000
Event: 0.160 Protecting memory [0x000000016e1e8000,0x000000016e1f4000] with protection modes 0
Event: 0.160 Protecting memory [0x000000016af58000,0x000000016af64000] with protection modes 0
Event: 0.160 Thread 0x000000014007f800 Thread added: 0x000000014007f800
Event: 0.194 Thread 0x000000015821d000 Thread added: 0x000000015821d000
Event: 0.194 Protecting memory [0x000000016e3f4000,0x000000016e400000] with protection modes 0
Event: 0.228 Protecting memory [0x000000016e3f4000,0x000000016e400000] with protection modes 3
Event: 0.228 Thread 0x000000015821d000 Thread exited: 0x000000015821d000
Event: 0.255 Protecting memory [0x000000016e480000,0x000000016e48c000] with protection modes 0
Event: 0.255 Thread 0x0000000158254200 Thread added: 0x0000000158254200
Event: 0.554 Thread 0x00000001582d6000 Thread added: 0x00000001582d6000
Event: 0.554 Protecting memory [0x000000016f0c8000,0x000000016f0d4000] with protection modes 0
Event: 0.730 Thread 0x000000014008de00 Thread added: 0x000000014008de00
Event: 0.730 Protecting memory [0x000000016f360000,0x000000016f36c000] with protection modes 0


Dynamic libraries:
0x00000001047e8000 	/Users/umer/Library/Java/JavaVirtualMachines/openjdk-19.0.1/Contents/Home/lib/libjli.dylib
0x00000001c8b25000 	/System/Library/Frameworks/Cocoa.framework/Versions/A/Cocoa
0x00000001b4d2d000 	/System/Library/Frameworks/AppKit.framework/Versions/C/AppKit
0x00000001b8244000 	/System/Library/Frameworks/CoreData.framework/Versions/A/CoreData
0x00000001b3088000 	/System/Library/Frameworks/Foundation.framework/Versions/C/Foundation
0x00000001bcca5000 	/usr/lib/libSystem.B.dylib
0x00000001b5be6000 	/System/Library/PrivateFrameworks/UIFoundation.framework/Versions/A/UIFoundation
0x00000001c2cf3000 	/System/Library/PrivateFrameworks/RemoteViewServices.framework/Versions/A/RemoteViewServices
0x00000001bb164000 	/System/Library/PrivateFrameworks/XCTTargetBootstrap.framework/Versions/A/XCTTargetBootstrap
0x00000001be9e7000 	/System/Library/PrivateFrameworks/InternationalSupport.framework/Versions/A/InternationalSupport
0x00000001bea70000 	/System/Library/PrivateFrameworks/UserActivity.framework/Versions/A/UserActivity
0x00000001bdedc000 	/usr/lib/libspindump.dylib
0x00000001b5e57000 	/System/Library/Frameworks/UniformTypeIdentifiers.framework/Versions/A/UniformTypeIdentifiers
0x00000001b96ac000 	/usr/lib/libapp_launch_measurement.dylib
0x00000001b8bd0000 	/System/Library/PrivateFrameworks/CoreAnalytics.framework/Versions/A/CoreAnalytics
0x00000001b96af000 	/System/Library/PrivateFrameworks/CoreAutoLayout.framework/Versions/A/CoreAutoLayout
0x00000001baa53000 	/System/Library/Frameworks/Metal.framework/Versions/A/Metal
0x00000001bb7cd000 	/usr/lib/liblangid.dylib
0x00000001bb169000 	/System/Library/PrivateFrameworks/CoreSVG.framework/Versions/A/CoreSVG
0x00000001b72ee000 	/System/Library/PrivateFrameworks/SkyLight.framework/Versions/A/SkyLight
0x00000001b76ca000 	/System/Library/Frameworks/CoreGraphics.framework/Versions/A/CoreGraphics
0x00000001c33bf000 	/System/Library/Frameworks/Accelerate.framework/Versions/A/Accelerate
0x00000001bd953000 	/System/Library/PrivateFrameworks/IconServices.framework/Versions/A/IconServices
0x00000001baa35000 	/System/Library/Frameworks/IOSurface.framework/Versions/A/IOSurface
0x00000001b8c01000 	/usr/lib/libDiagnosticMessagesClient.dylib
0x00000001bcbee000 	/usr/lib/libz.1.dylib
0x00000001c68c5000 	/System/Library/Frameworks/ApplicationServices.framework/Versions/A/ApplicationServices
0x00000001bb14c000 	/System/Library/PrivateFrameworks/DFRFoundation.framework/Versions/A/DFRFoundation
0x00000001b45bd000 	/usr/lib/libicucore.A.dylib
0x00000001bf895000 	/System/Library/Frameworks/AudioToolbox.framework/Versions/A/AudioToolbox
0x00000001be9f3000 	/System/Library/PrivateFrameworks/DataDetectorsCore.framework/Versions/A/DataDetectorsCore
0x00000001d5412000 	/System/Library/PrivateFrameworks/TextInput.framework/Versions/A/TextInput
0x00000001b7263000 	/usr/lib/libMobileGestalt.dylib
0x00000001bae18000 	/System/Library/Frameworks/Carbon.framework/Versions/A/Frameworks/HIToolbox.framework/Versions/A/HIToolbox
0x00000001b9085000 	/System/Library/Frameworks/QuartzCore.framework/Versions/A/QuartzCore
0x00000001b423e000 	/System/Library/Frameworks/Security.framework/Versions/A/Security
0x00000001c2d33000 	/System/Library/Frameworks/Carbon.framework/Versions/A/Frameworks/SpeechRecognition.framework/Versions/A/SpeechRecognition
0x00000001b9401000 	/System/Library/PrivateFrameworks/CoreUI.framework/Versions/A/CoreUI
0x00000001b3b1a000 	/System/Library/Frameworks/CoreAudio.framework/Versions/A/CoreAudio
0x00000001b8cf5000 	/System/Library/Frameworks/DiskArbitration.framework/Versions/A/DiskArbitration
0x00000001be2e6000 	/System/Library/PrivateFrameworks/MultitouchSupport.framework/Versions/A/MultitouchSupport
0x00000001b7261000 	/usr/lib/libenergytrace.dylib
0x00000001b4bf5000 	/System/Library/Frameworks/IOKit.framework/Versions/A/IOKit
0x00000001c3122000 	/System/Library/Frameworks/CoreServices.framework/Versions/A/CoreServices
0x00000001b963c000 	/System/Library/PrivateFrameworks/PerformanceAnalysis.framework/Versions/A/PerformanceAnalysis
0x00000002138b7000 	/System/Library/Frameworks/OpenGL.framework/Versions/A/OpenGL
0x00000001bc240000 	/System/Library/PrivateFrameworks/MobileKeyBag.framework/Versions/A/MobileKeyBag
0x00000001b1fbb000 	/usr/lib/libobjc.A.dylib
0x00000001b7cd8000 	/System/Library/Frameworks/ColorSync.framework/Versions/A/ColorSync
0x00000001b2184000 	/System/Library/Frameworks/CoreFoundation.framework/Versions/A/CoreFoundation
0x00000001bb3e9000 	/System/Library/Frameworks/CoreImage.framework/Versions/A/CoreImage
0x00000001b393e000 	/System/Library/Frameworks/CoreText.framework/Versions/A/CoreText
0x00000001bb199000 	/System/Library/Frameworks/ImageIO.framework/Versions/A/ImageIO
0x00000001bccab000 	/System/Library/PrivateFrameworks/SoftLinking.framework/Versions/A/SoftLinking
0x00000001b96fa000 	/usr/lib/libxml2.2.dylib
0x00000001b207e000 	/usr/lib/libc++.1.dylib
0x00000001bcf44000 	/usr/lib/libcompression.dylib
0x00000001be943000 	/System/Library/PrivateFrameworks/TextureIO.framework/Versions/A/TextureIO
0x00000001bd66c000 	/usr/lib/libate.dylib
0x00000001bcc9f000 	/usr/lib/system/libcache.dylib
0x00000001bcc5d000 	/usr/lib/system/libcommonCrypto.dylib
0x00000001bcc86000 	/usr/lib/system/libcompiler_rt.dylib
0x00000001bcc7d000 	/usr/lib/system/libcopyfile.dylib
0x00000001b1ebf000 	/usr/lib/system/libcorecrypto.dylib
0x00000001b1f74000 	/usr/lib/system/libdispatch.dylib
0x00000001b2142000 	/usr/lib/system/libdyld.dylib
0x00000001bcc95000 	/usr/lib/system/libkeymgr.dylib
0x00000001bcc38000 	/usr/lib/system/libmacho.dylib
0x00000001bc328000 	/usr/lib/system/libquarantine.dylib
0x00000001bcc92000 	/usr/lib/system/libremovefile.dylib
0x00000001b72ba000 	/usr/lib/system/libsystem_asl.dylib
0x00000001b1e61000 	/usr/lib/system/libsystem_blocks.dylib
0x00000001b1ffc000 	/usr/lib/system/libsystem_c.dylib
0x00000001bcc8a000 	/usr/lib/system/libsystem_collections.dylib
0x00000001bb7bd000 	/usr/lib/system/libsystem_configuration.dylib
0x00000001baa16000 	/usr/lib/system/libsystem_containermanager.dylib
0x00000001bc995000 	/usr/lib/system/libsystem_coreservices.dylib
0x00000001b4873000 	/usr/lib/system/libsystem_darwin.dylib
0x00000001bcc96000 	/usr/lib/system/libsystem_dnssd.dylib
0x00000001b1ff9000 	/usr/lib/system/libsystem_featureflags.dylib
0x00000001b2157000 	/usr/lib/system/libsystem_info.dylib
0x00000001bcc00000 	/usr/lib/system/libsystem_m.dylib
0x00000001b1f49000 	/usr/lib/system/libsystem_malloc.dylib
0x00000001b7248000 	/usr/lib/system/libsystem_networkextension.dylib
0x00000001b4ccc000 	/usr/lib/system/libsystem_notify.dylib
0x00000001c2ff9000 	/usr/lib/system/libsystem_product_info_filter.dylib
0x00000001bb7c2000 	/usr/lib/system/libsystem_sandbox.dylib
0x00000001bcc8f000 	/usr/lib/system/libsystem_secinit.dylib
0x00000001b20fd000 	/usr/lib/system/libsystem_kernel.dylib
0x00000001b214f000 	/usr/lib/system/libsystem_platform.dylib
0x00000001b2135000 	/usr/lib/system/libsystem_pthread.dylib
0x00000001b8a1e000 	/usr/lib/system/libsystem_symptoms.dylib
0x00000001b1ea5000 	/usr/lib/system/libsystem_trace.dylib
0x00000001bcc6a000 	/usr/lib/system/libunwind.dylib
0x00000001b1e63000 	/usr/lib/system/libxpc.dylib
0x00000001b20e5000 	/usr/lib/libc++abi.dylib
0x00000001bcc75000 	/usr/lib/liboah.dylib
0x00000001bd531000 	/usr/lib/liblzma.5.dylib
0x00000001b2d7b000 	/System/Library/Frameworks/SystemConfiguration.framework/Versions/A/SystemConfiguration
0x00000001bcca7000 	/usr/lib/libfakelink.dylib
0x00000001b6d93000 	/System/Library/Frameworks/CFNetwork.framework/Versions/A/CFNetwork
0x00000001bcded000 	/usr/lib/libarchive.2.dylib
0x00000001bb7c9000 	/System/Library/PrivateFrameworks/AppleSystemInfo.framework/Versions/A/AppleSystemInfo
0x00000001bc353000 	/usr/lib/libbsm.0.dylib
0x00000001b6300000 	/usr/lib/libnetwork.dylib
0x00000001bcc41000 	/usr/lib/system/libkxld.dylib
0x00000001bbf6d000 	/System/Library/PrivateFrameworks/IOMobileFramebuffer.framework/Versions/A/IOMobileFramebuffer
0x0000000231ca3000 	/usr/lib/libCoreEntitlements.dylib
0x00000001bc977000 	/System/Library/PrivateFrameworks/AppleFSCompression.framework/Versions/A/AppleFSCompression
0x00000001bc33b000 	/usr/lib/libcoretls.dylib
0x00000001bd54a000 	/usr/lib/libcoretls_cfhelpers.dylib
0x00000001bcf3f000 	/usr/lib/libpam.2.dylib
0x00000001b8634000 	/usr/lib/libsqlite3.dylib
0x00000001bd5b3000 	/usr/lib/libxar.1.dylib
0x00000001bc988000 	/usr/lib/libbz2.1.0.dylib
0x00000001bccac000 	/usr/lib/libpcap.A.dylib
0x00000001b8a15000 	/usr/lib/libdns_services.dylib
0x00000001bcf12000 	/usr/lib/libapple_nghttp2.dylib
0x00000001bcce9000 	/usr/lib/libiconv.2.dylib
0x00000001bcc37000 	/usr/lib/libcharset.1.dylib
0x00000001b9678000 	/System/Library/Frameworks/CoreServices.framework/Versions/A/Frameworks/FSEvents.framework/Versions/A/FSEvents
0x00000001b487e000 	/System/Library/Frameworks/CoreServices.framework/Versions/A/Frameworks/CarbonCore.framework/Versions/A/CarbonCore
0x00000001b8c55000 	/System/Library/Frameworks/CoreServices.framework/Versions/A/Frameworks/Metadata.framework/Versions/A/Metadata
0x00000001bc99b000 	/System/Library/Frameworks/CoreServices.framework/Versions/A/Frameworks/OSServices.framework/Versions/A/OSServices
0x00000001bce73000 	/System/Library/Frameworks/CoreServices.framework/Versions/A/Frameworks/SearchKit.framework/Versions/A/SearchKit
0x00000001b89a3000 	/System/Library/Frameworks/CoreServices.framework/Versions/A/Frameworks/AE.framework/Versions/A/AE
0x00000001b26cb000 	/System/Library/Frameworks/CoreServices.framework/Versions/A/Frameworks/LaunchServices.framework/Versions/A/LaunchServices
0x00000001bd4da000 	/System/Library/Frameworks/CoreServices.framework/Versions/A/Frameworks/DictionaryServices.framework/Versions/A/DictionaryServices
0x00000001b9685000 	/System/Library/Frameworks/CoreServices.framework/Versions/A/Frameworks/SharedFileList.framework/Versions/A/SharedFileList
0x00000001bc32b000 	/usr/lib/libCheckFix.dylib
0x00000001b72d2000 	/System/Library/PrivateFrameworks/TCC.framework/Versions/A/TCC
0x00000001bb7cf000 	/System/Library/PrivateFrameworks/CoreNLP.framework/Versions/A/CoreNLP
0x00000001b8c04000 	/System/Library/PrivateFrameworks/MetadataUtilities.framework/Versions/A/MetadataUtilities
0x00000001b2e35000 	/usr/lib/libmecabra.dylib
0x00000001bc364000 	/usr/lib/libmecab.dylib
0x00000001b2e01000 	/usr/lib/libCRFSuite.dylib
0x00000001bc3c1000 	/usr/lib/libgermantok.dylib
0x00000001bceeb000 	/usr/lib/libThaiTokenizer.dylib
0x00000001b8cfd000 	/System/Library/Frameworks/Accelerate.framework/Versions/A/Frameworks/vImage.framework/Versions/A/vImage
0x00000001c30f9000 	/System/Library/Frameworks/Accelerate.framework/Versions/A/Frameworks/vecLib.framework/Versions/A/vecLib
0x00000001bd5f8000 	/System/Library/Frameworks/Accelerate.framework/Versions/A/Frameworks/vecLib.framework/Versions/A/libvMisc.dylib
0x00000001bbe74000 	/System/Library/Frameworks/Accelerate.framework/Versions/A/Frameworks/vecLib.framework/Versions/A/libvDSP.dylib
0x00000001b2a56000 	/System/Library/Frameworks/Accelerate.framework/Versions/A/Frameworks/vecLib.framework/Versions/A/libBLAS.dylib
0x00000001bd015000 	/System/Library/Frameworks/Accelerate.framework/Versions/A/Frameworks/vecLib.framework/Versions/A/libLAPACK.dylib
0x00000001bc3c4000 	/System/Library/Frameworks/Accelerate.framework/Versions/A/Frameworks/vecLib.framework/Versions/A/libLinearAlgebra.dylib
0x00000001bcf2a000 	/System/Library/Frameworks/Accelerate.framework/Versions/A/Frameworks/vecLib.framework/Versions/A/libSparseBLAS.dylib
0x00000001bd010000 	/System/Library/Frameworks/Accelerate.framework/Versions/A/Frameworks/vecLib.framework/Versions/A/libQuadrature.dylib
0x00000001bb8c8000 	/System/Library/Frameworks/Accelerate.framework/Versions/A/Frameworks/vecLib.framework/Versions/A/libBNNS.dylib
0x00000001b2d14000 	/System/Library/Frameworks/Accelerate.framework/Versions/A/Frameworks/vecLib.framework/Versions/A/libSparse.dylib
0x00000001bb8c0000 	/System/Library/PrivateFrameworks/LinguisticData.framework/Versions/A/LinguisticData
0x00000001b2ccc000 	/System/Library/PrivateFrameworks/Lexicon.framework/Versions/A/Lexicon
0x00000001bd5f0000 	/usr/lib/libChineseTokenizer.dylib
0x00000001b347a000 	/System/Library/PrivateFrameworks/LanguageModeling.framework/Versions/A/LanguageModeling
0x00000001bceed000 	/System/Library/PrivateFrameworks/AppleSauce.framework/Versions/A/AppleSauce
0x00000001bbf5a000 	/System/Library/PrivateFrameworks/CoreEmoji.framework/Versions/A/CoreEmoji
0x00000001bcddb000 	/usr/lib/libcmph.dylib
0x00000001b9658000 	/System/Library/Frameworks/OpenDirectory.framework/Versions/A/Frameworks/CFOpenDirectory.framework/Versions/A/CFOpenDirectory
0x00000001b9648000 	/System/Library/Frameworks/OpenDirectory.framework/Versions/A/OpenDirectory
0x00000001bd54c000 	/System/Library/PrivateFrameworks/APFS.framework/Versions/A/APFS
0x00000001bc27b000 	/System/Library/Frameworks/SecurityFoundation.framework/Versions/A/SecurityFoundation
0x00000001bd5c2000 	/usr/lib/libutil.dylib
0x00000001b4bb7000 	/System/Library/PrivateFrameworks/CoreServicesStore.framework/Versions/A/CoreServicesStore
0x00000001bd5c6000 	/usr/lib/libxslt.1.dylib
0x00000001bc30f000 	/System/Library/PrivateFrameworks/BackgroundTaskManagement.framework/Versions/A/BackgroundTaskManagement
0x00000001be864000 	/System/Library/Frameworks/ImageIO.framework/Versions/A/Resources/libRadiance.dylib
0x00000001be86d000 	/System/Library/Frameworks/ImageIO.framework/Versions/A/Resources/libJPEG.dylib
0x00000001be7be000 	/System/Library/Frameworks/ImageIO.framework/Versions/A/Resources/libPng.dylib
0x00000001be7e0000 	/System/Library/Frameworks/ImageIO.framework/Versions/A/Resources/libTIFF.dylib
0x00000001be8c8000 	/System/Library/Frameworks/ImageIO.framework/Versions/A/Resources/libGIF.dylib
0x00000001be1f6000 	/System/Library/Frameworks/ImageIO.framework/Versions/A/Resources/libJP2.dylib
0x00000001bd918000 	/usr/lib/libexpat.1.dylib
0x00000001be1b1000 	/System/Library/PrivateFrameworks/AppleJPEG.framework/Versions/A/AppleJPEG
0x00000001bacd4000 	/System/Library/PrivateFrameworks/FontServices.framework/libFontParser.dylib
0x00000001b8948000 	/System/Library/PrivateFrameworks/RunningBoardServices.framework/Versions/A/RunningBoardServices
0x00000001c91fc000 	/System/Library/PrivateFrameworks/IOSurfaceAccelerator.framework/Versions/A/IOSurfaceAccelerator
0x00000001be2e2000 	/System/Library/PrivateFrameworks/WatchdogClient.framework/Versions/A/WatchdogClient
0x00000001b357a000 	/System/Library/Frameworks/CoreDisplay.framework/Versions/A/CoreDisplay
0x00000001babbe000 	/System/Library/Frameworks/CoreMedia.framework/Versions/A/CoreMedia
0x00000001baa49000 	/System/Library/PrivateFrameworks/IOAccelerator.framework/Versions/A/IOAccelerator
0x00000001b97e8000 	/System/Library/Frameworks/CoreVideo.framework/Versions/A/CoreVideo
0x00000001bcf3d000 	/System/Library/Frameworks/MetalPerformanceShaders.framework/Versions/A/MetalPerformanceShaders
0x00000001be321000 	/System/Library/Frameworks/VideoToolbox.framework/Versions/A/VideoToolbox
0x00000001b888c000 	/System/Library/PrivateFrameworks/BaseBoard.framework/Versions/A/BaseBoard
0x00000001b861a000 	/System/Library/PrivateFrameworks/ProtocolBuffer.framework/Versions/A/ProtocolBuffer
0x00000001be85f000 	/System/Library/PrivateFrameworks/GPUWrangler.framework/Versions/A/GPUWrangler
0x00000001be83f000 	/System/Library/PrivateFrameworks/IOPresentment.framework/Versions/A/IOPresentment
0x00000001be867000 	/System/Library/PrivateFrameworks/DSExternalDisplay.framework/Versions/A/DSExternalDisplay
0x00000002138aa000 	/System/Library/Frameworks/OpenGL.framework/Versions/A/Libraries/libCoreFSCache.dylib
0x000000021e774000 	/System/Library/PrivateFrameworks/GPUCompiler.framework/Versions/31001/Libraries/libGPUCompilerUtils.dylib
0x00000001be8cd000 	/System/Library/PrivateFrameworks/CMCaptureCore.framework/Versions/A/CMCaptureCore
0x00000001bdec9000 	/System/Library/PrivateFrameworks/AppServerSupport.framework/Versions/A/AppServerSupport
0x00000001c0153000 	/System/Library/PrivateFrameworks/perfdata.framework/Versions/A/perfdata
0x00000001b369a000 	/System/Library/PrivateFrameworks/AudioToolboxCore.framework/Versions/A/AudioToolboxCore
0x00000001bab97000 	/System/Library/PrivateFrameworks/caulk.framework/Versions/A/caulk
0x00000001bfa48000 	/usr/lib/libAudioStatistics.dylib
0x00000001d1a61000 	/System/Library/PrivateFrameworks/SystemPolicy.framework/Versions/A/SystemPolicy
0x00000001bfcb4000 	/usr/lib/libSMC.dylib
0x00000001c8a03000 	/System/Library/Frameworks/CoreMIDI.framework/Versions/A/CoreMIDI
0x00000001be78c000 	/usr/lib/libAudioToolboxUtility.dylib
0x00000001cdbc4000 	/System/Library/PrivateFrameworks/OSAServicesClient.framework/Versions/A/OSAServicesClient
0x00000001c0160000 	/usr/lib/libperfcheck.dylib
0x00000001d2584000 	/usr/lib/libmis.dylib
0x000000021390c000 	/System/Library/Frameworks/OpenGL.framework/Versions/A/Libraries/libGLU.dylib
0x00000002138cb000 	/System/Library/Frameworks/OpenGL.framework/Versions/A/Libraries/libGFXShared.dylib
0x0000000213ab8000 	/System/Library/Frameworks/OpenGL.framework/Versions/A/Libraries/libGL.dylib
0x00000002138d4000 	/System/Library/Frameworks/OpenGL.framework/Versions/A/Libraries/libGLImage.dylib
0x00000002138c8000 	/System/Library/Frameworks/OpenGL.framework/Versions/A/Libraries/libCVMSPluginSupport.dylib
0x00000002138b1000 	/System/Library/Frameworks/OpenGL.framework/Versions/A/Libraries/libCoreVMClient.dylib
0x00000001bb749000 	/System/Library/Frameworks/MetalPerformanceShaders.framework/Versions/A/Frameworks/MPSCore.framework/Versions/A/MPSCore
0x00000001bc8ea000 	/System/Library/Frameworks/MetalPerformanceShaders.framework/Versions/A/Frameworks/MPSImage.framework/Versions/A/MPSImage
0x00000001bc3d9000 	/System/Library/Frameworks/MetalPerformanceShaders.framework/Versions/A/Frameworks/MPSNeuralNetwork.framework/Versions/A/MPSNeuralNetwork
0x00000001bc812000 	/System/Library/Frameworks/MetalPerformanceShaders.framework/Versions/A/Frameworks/MPSMatrix.framework/Versions/A/MPSMatrix
0x00000001bc5eb000 	/System/Library/Frameworks/MetalPerformanceShaders.framework/Versions/A/Frameworks/MPSRayIntersector.framework/Versions/A/MPSRayIntersector
0x00000001bc843000 	/System/Library/Frameworks/MetalPerformanceShaders.framework/Versions/A/Frameworks/MPSNDArray.framework/Versions/A/MPSNDArray
0x00000002163b3000 	/System/Library/Frameworks/MetalPerformanceShaders.framework/Versions/A/Frameworks/MPSFunctions.framework/Versions/A/MPSFunctions
0x00000001b292c000 	/System/Library/PrivateFrameworks/MetalTools.framework/Versions/A/MetalTools
0x00000001bb7c7000 	/System/Library/PrivateFrameworks/AggregateDictionary.framework/Versions/A/AggregateDictionary
0x00000001bd6fd000 	/usr/lib/libIOReport.dylib
0x00000001c7a1f000 	/System/Library/PrivateFrameworks/ASEProcessing.framework/Versions/A/ASEProcessing
0x00000001bda72000 	/System/Library/PrivateFrameworks/FaceCore.framework/Versions/A/FaceCore
0x00000001bda64000 	/System/Library/PrivateFrameworks/GraphVisualizer.framework/Versions/A/GraphVisualizer
0x000000021e68b000 	/System/Library/PrivateFrameworks/FontServices.framework/Versions/A/FontServices
0x00000001bde85000 	/System/Library/PrivateFrameworks/OTSVG.framework/Versions/A/OTSVG
0x00000001b93b1000 	/System/Library/Frameworks/ApplicationServices.framework/Versions/A/Frameworks/ATS.framework/Versions/A/Resources/libFontRegistry.dylib
0x00000001bded2000 	/System/Library/PrivateFrameworks/FontServices.framework/libhvf.dylib
0x000000021e68c000 	/System/Library/PrivateFrameworks/FontServices.framework/libXTFontStaticRegistryData.dylib
0x0000000213c59000 	/System/Library/Frameworks/OpenCL.framework/Versions/A/OpenCL
0x00000001bd8cc000 	/System/Library/PrivateFrameworks/AppleVA.framework/Versions/A/AppleVA
0x00000001bfa70000 	/System/Library/Frameworks/ApplicationServices.framework/Versions/A/Frameworks/ATS.framework/Versions/A/ATS
0x00000001b7dd7000 	/System/Library/Frameworks/ApplicationServices.framework/Versions/A/Frameworks/HIServices.framework/Versions/A/HIServices
0x00000001be8d7000 	/System/Library/Frameworks/ApplicationServices.framework/Versions/A/Frameworks/PrintCore.framework/Versions/A/PrintCore
0x00000001bfe07000 	/System/Library/Frameworks/ApplicationServices.framework/Versions/A/Frameworks/QD.framework/Versions/A/QD
0x00000001bfdff000 	/System/Library/Frameworks/ApplicationServices.framework/Versions/A/Frameworks/ColorSyncLegacy.framework/Versions/A/ColorSyncLegacy
0x00000001bfa5c000 	/System/Library/Frameworks/ApplicationServices.framework/Versions/A/Frameworks/SpeechSynthesis.framework/Versions/A/SpeechSynthesis
0x00000001be898000 	/System/Library/Frameworks/ApplicationServices.framework/Versions/A/Frameworks/ATSUI.framework/Versions/A/ATSUI
0x00000001bfd94000 	/usr/lib/libcups.2.dylib
0x00000001c016e000 	/System/Library/Frameworks/Kerberos.framework/Versions/A/Kerberos
0x00000001c017f000 	/System/Library/Frameworks/GSS.framework/Versions/A/GSS
0x00000001bfae0000 	/usr/lib/libresolv.9.dylib
0x00000001bdee1000 	/System/Library/PrivateFrameworks/Heimdal.framework/Versions/A/Heimdal
0x00000001c6c55000 	/System/Library/Frameworks/Kerberos.framework/Versions/A/Libraries/libHeimdalProxy.dylib
0x00000001b8a27000 	/System/Library/Frameworks/Network.framework/Versions/A/Network
0x00000001bd933000 	/usr/lib/libheimdal-asn1.dylib
0x00000001c01cf000 	/System/Library/PrivateFrameworks/CommonAuth.framework/Versions/A/CommonAuth
0x00000001bf9d6000 	/System/Library/PrivateFrameworks/AudioSession.framework/Versions/A/AudioSession
0x00000001bd9c5000 	/System/Library/PrivateFrameworks/MediaExperience.framework/Versions/A/MediaExperience
0x00000001bf85b000 	/System/Library/PrivateFrameworks/AudioSession.framework/libSessionUtility.dylib
0x00000001bfe13000 	/System/Library/PrivateFrameworks/AudioResourceArbitration.framework/Versions/A/AudioResourceArbitration
0x00000001c3fd6000 	/System/Library/PrivateFrameworks/PowerLog.framework/Versions/A/PowerLog
0x00000001bd93d000 	/System/Library/PrivateFrameworks/IconFoundation.framework/Versions/A/IconFoundation
0x00000001c2d1f000 	/System/Library/PrivateFrameworks/SpeechRecognitionCore.framework/Versions/A/SpeechRecognitionCore
0x0000000105b48000 	/Users/umer/Library/Java/JavaVirtualMachines/openjdk-19.0.1/Contents/Home/lib/server/libjvm.dylib
0x000000010484c000 	/Users/umer/Library/Java/JavaVirtualMachines/openjdk-19.0.1/Contents/Home/lib/libjimage.dylib
0x00000001048d4000 	/Users/umer/Library/Java/JavaVirtualMachines/openjdk-19.0.1/Contents/Home/lib/libjava.dylib
0x000000010542c000 	/Users/umer/Library/Java/JavaVirtualMachines/openjdk-19.0.1/Contents/Home/lib/libnio.dylib
0x000000010544c000 	/Users/umer/Library/Java/JavaVirtualMachines/openjdk-19.0.1/Contents/Home/lib/libnet.dylib
0x0000000105494000 	/Users/umer/Library/Java/JavaVirtualMachines/openjdk-19.0.1/Contents/Home/lib/libzip.dylib
0x000000010540c000 	/Users/umer/.openjfx/cache/17/libprism_es2.dylib
0x00000001b4b7a000 	/System/Library/PrivateFrameworks/CoreServicesInternal.framework/Versions/A/CoreServicesInternal
0x0000000213ac2000 	/System/Library/Frameworks/OpenGL.framework/Versions/A/Resources/GLEngine.bundle/GLEngine
0x000000021394a000 	/System/Library/Frameworks/OpenGL.framework/Versions/A/Libraries/libGLProgrammability.dylib
0x00000001059c0000 	/System/Library/Extensions/AppleMetalOpenGLRenderer.bundle/Contents/MacOS/AppleMetalOpenGLRenderer
0x0000000213c31000 	/System/Library/Frameworks/OpenGL.framework/Versions/A/Resources/GLRendererFloat.bundle/GLRendererFloat
0x00000001f8b5b000 	/System/Library/Extensions/AGXMetalG13X.bundle/Contents/MacOS/AGXMetalG13X
0x00000001d25a0000 	/System/Library/PrivateFrameworks/GPURawCounter.framework/Versions/A/GPURawCounter
0x00000001ccd2d000 	/System/Library/PrivateFrameworks/IOGPU.framework/Versions/A/IOGPU
0x0000000105958000 	/Users/umer/.openjfx/cache/17/libglass.dylib
0x00000001c422e000 	/System/Library/Frameworks/FileProvider.framework/Versions/A/FileProvider
0x00000001b87f4000 	/System/Library/Frameworks/Accounts.framework/Versions/A/Accounts
0x00000001c43b2000 	/System/Library/PrivateFrameworks/GenerationalStorage.framework/Versions/A/GenerationalStorage
0x00000001c4f75000 	/System/Library/PrivateFrameworks/CoreSymbolication.framework/Versions/A/CoreSymbolication
0x00000001c3fca000 	/System/Library/PrivateFrameworks/SymptomDiagnosticReporter.framework/Versions/A/SymptomDiagnosticReporter
0x00000001b5e6b000 	/System/Library/PrivateFrameworks/DesktopServicesPriv.framework/Versions/A/DesktopServicesPriv
0x00000001b4cdc000 	/usr/lib/libsandbox.1.dylib
0x00000001b9876000 	/System/Library/PrivateFrameworks/UserManagement.framework/Versions/A/UserManagement
0x00000001c4f32000 	/System/Library/PrivateFrameworks/DebugSymbols.framework/Versions/A/DebugSymbols
0x00000001bfdf2000 	/System/Library/PrivateFrameworks/NetAuth.framework/Versions/A/NetAuth
0x00000001c0d10000 	/System/Library/PrivateFrameworks/Sharing.framework/Versions/A/Sharing
0x00000001b9846000 	/System/Library/PrivateFrameworks/login.framework/Versions/A/Frameworks/loginsupport.framework/Versions/A/loginsupport
0x00000001c6169000 	/System/Library/PrivateFrameworks/Apple80211.framework/Versions/A/Apple80211
0x00000001bc9ce000 	/System/Library/PrivateFrameworks/AuthKit.framework/Versions/A/AuthKit
0x00000001bc056000 	/System/Library/PrivateFrameworks/CoreUtils.framework/Versions/A/CoreUtils
0x00000001bbf79000 	/System/Library/Frameworks/CoreWLAN.framework/Versions/A/CoreWLAN
0x00000001c0e80000 	/System/Library/Frameworks/IOBluetooth.framework/Versions/A/IOBluetooth
0x00000001c61c9000 	/System/Library/PrivateFrameworks/CoreWiFi.framework/Versions/A/CoreWiFi
0x00000001c4b12000 	/System/Library/PrivateFrameworks/FrontBoardServices.framework/Versions/A/FrontBoardServices
0x00000001c4baa000 	/System/Library/PrivateFrameworks/BoardServices.framework/Versions/A/BoardServices
0x00000001bc269000 	/System/Library/PrivateFrameworks/AssertionServices.framework/Versions/A/AssertionServices
0x00000001c6346000 	/System/Library/PrivateFrameworks/BackBoardServices.framework/Versions/A/BackBoardServices
0x00000001c0266000 	/System/Library/PrivateFrameworks/CorePhoneNumbers.framework/Versions/A/CorePhoneNumbers
0x00000001bfb0d000 	/System/Library/PrivateFrameworks/MultiverseSupport.framework/Versions/A/MultiverseSupport
0x00000001c65c8000 	/System/Library/PrivateFrameworks/RemoteServiceDiscovery.framework/Versions/A/RemoteServiceDiscovery
0x00000001c40fa000 	/System/Library/PrivateFrameworks/DiskManagement.framework/Versions/A/DiskManagement
0x00000001c3ffd000 	/System/Library/PrivateFrameworks/AppleIDAuthSupport.framework/Versions/A/AppleIDAuthSupport
0x0000000218bf0000 	/System/Library/PrivateFrameworks/AAAFoundation.framework/Versions/A/AAAFoundation
0x00000001c0245000 	/System/Library/PrivateFrameworks/KeychainCircle.framework/Versions/A/KeychainCircle
0x00000001c65d8000 	/System/Library/PrivateFrameworks/RemoteXPC.framework/Versions/A/RemoteXPC
0x00000001c40c6000 	/System/Library/PrivateFrameworks/MediaKit.framework/Versions/A/MediaKit
0x00000001c400a000 	/System/Library/Frameworks/DiscRecording.framework/Versions/A/DiscRecording
0x00000001bd848000 	/usr/lib/libCoreStorage.dylib
0x00000001c6644000 	/usr/lib/libcsfde.dylib
0x00000001c0f55000 	/System/Library/PrivateFrameworks/ProtectedCloudStorage.framework/Versions/A/ProtectedCloudStorage
0x00000001c663c000 	/System/Library/PrivateFrameworks/EFILogin.framework/Versions/A/EFILogin
0x00000001c43d9000 	/System/Library/PrivateFrameworks/OctagonTrust.framework/Versions/A/OctagonTrust
0x000000021d812000 	/System/Library/PrivateFrameworks/CoreUtilsExtras.framework/Versions/A/CoreUtilsExtras
0x00000001c3f2f000 	/System/Library/Frameworks/CoreBluetooth.framework/Versions/A/CoreBluetooth
0x00000001c6cda000 	/System/Library/Frameworks/AudioUnit.framework/Versions/A/AudioUnit
0x00000001bd840000 	/usr/lib/libMatch.1.dylib
0x00000001d6a88000 	/System/Library/Frameworks/Accelerate.framework/Versions/A/Frameworks/vImage.framework/Versions/A/Libraries/libCGInterfaces.dylib
0x0000000131238000 	/usr/lib/libobjc-trampolines.dylib
0x0000000231e00000 	/usr/lib/libRosetta.dylib
0x00000001b9540000 	/System/Library/PrivateFrameworks/ViewBridge.framework/Versions/A/ViewBridge
0x0000000133f04000 	/Users/umer/.openjfx/cache/17/libjavafx_font.dylib
0x00000001bdfa4000 	/System/Library/PrivateFrameworks/login.framework/Versions/A/login


VM Arguments:
jvm_args: -Dfile.encoding=UTF-8 -Duser.country=DE -Duser.language=en -Duser.variant 
java_command: de.tum.in.ase.pse.server.ServerMain
java_class_path (initial): /Users/umer/Desktop/TUM/Semester 3/PSE/L04/pse22l04e03-ge95hoq/build/classes/java/main:/Users/umer/Desktop/TUM/Semester 3/PSE/L04/pse22l04e03-ge95hoq/build/resources/main:/Users/umer/.gradle/caches/modules-2/files-2.1/org.openjfx/javafx-controls/17/2254b351c1e6ce2ac9adcd3480fed883cebbb08b/javafx-controls-17-mac-aarch64.jar:/Users/umer/.gradle/caches/modules-2/files-2.1/org.openjfx/javafx-graphics/17/b6326f61f7e0effbf733d62e83b8317eb8e768b4/javafx-graphics-17-mac-aarch64.jar:/Users/umer/.gradle/caches/modules-2/files-2.1/org.openjfx/javafx-graphics/17/616d987ba02a86196d7feca443677fff908d5737/javafx-graphics-17.jar:/Users/umer/.gradle/caches/modules-2/files-2.1/org.openjfx/javafx-base/17/d77b645fa3e1a6270783178541944e4b4a457cd2/javafx-base-17-mac-aarch64.jar:/Users/umer/.gradle/caches/modules-2/files-2.1/org.openjfx/javafx-base/17/1e6732190939254735dc2a88eca88c5c7ccc719d/javafx-base-17.jar
Launcher Type: SUN_STANDARD

[Global flags]
     intx CICompilerCount                          = 4                                         {product} {ergonomic}
     uint ConcGCThreads                            = 2                                         {product} {ergonomic}
     uint G1ConcRefinementThreads                  = 8                                         {product} {ergonomic}
   size_t G1HeapRegionSize                         = 2097152                                   {product} {ergonomic}
    uintx GCDrainStackTargetSize                   = 64                                        {product} {ergonomic}
   size_t InitialHeapSize                          = 268435456                                 {product} {ergonomic}
   size_t MarkStackSize                            = 4194304                                   {product} {ergonomic}
   size_t MaxHeapSize                              = 4294967296                                {product} {ergonomic}
   size_t MaxNewSize                               = 2575302656                                {product} {ergonomic}
   size_t MinHeapDeltaBytes                        = 2097152                                   {product} {ergonomic}
   size_t MinHeapSize                              = 8388608                                   {product} {ergonomic}
    uintx NonNMethodCodeHeapSize                   = 5839564                                {pd product} {ergonomic}
    uintx NonProfiledCodeHeapSize                  = 122909338                              {pd product} {ergonomic}
    uintx ProfiledCodeHeapSize                     = 122909338                              {pd product} {ergonomic}
    uintx ReservedCodeCacheSize                    = 251658240                              {pd product} {ergonomic}
     bool SegmentedCodeCache                       = true                                      {product} {ergonomic}
   size_t SoftMaxHeapSize                          = 4294967296                             {manageable} {ergonomic}
     bool UseCompressedClassPointers               = true                           {product lp64_product} {ergonomic}
     bool UseCompressedOops                        = true                           {product lp64_product} {ergonomic}
     bool UseG1GC                                  = true                                      {product} {ergonomic}
     bool UseNUMA                                  = false                                     {product} {ergonomic}
     bool UseNUMAInterleaving                      = false                                     {product} {ergonomic}

Logging:
Log output configuration:
 #0: stdout all=warning uptime,level,tags foldmultilines=false
 #1: stderr all=off uptime,level,tags foldmultilines=false

Environment Variables:
PATH=/opt/homebrew/bin:/opt/homebrew/sbin:/usr/local/bin:/usr/bin:/bin:/usr/sbin:/sbin
SHELL=/bin/zsh
LC_CTYPE=en_DE.UTF-8
TMPDIR=/var/folders/ml/v5zzx4yn3tvdp6dmy08h1fsw0000gn/T/

Active Locale:
LC_ALL=C
LC_COLLATE=C
LC_CTYPE=C
LC_MESSAGES=C
LC_MONETARY=C
LC_NUMERIC=C
LC_TIME=C

Signal Handlers:
   SIGSEGV: _ZL13crash_handleriP9__siginfoPv in libjvm.dylib, mask=11100110000111110111111111111111, flags=SA_RESTART|SA_SIGINFO
    SIGBUS: _ZL13crash_handleriP9__siginfoPv in libjvm.dylib, mask=11100110000111110111111111111111, flags=SA_RESTART|SA_SIGINFO
    SIGFPE: _ZL13crash_handleriP9__siginfoPv in libjvm.dylib, mask=11100110000111110111111111111111, flags=SA_RESTART|SA_SIGINFO
   SIGPIPE: _ZL17javaSignalHandleriP9__siginfoPv in libjvm.dylib, mask=11100110000111110111111111111111, flags=SA_RESTART|SA_SIGINFO
   SIGXFSZ: _ZL17javaSignalHandleriP9__siginfoPv in libjvm.dylib, mask=11100110000111110111111111111111, flags=SA_RESTART|SA_SIGINFO
    SIGILL: _ZL13crash_handleriP9__siginfoPv in libjvm.dylib, mask=11100110000111110111111111111111, flags=SA_RESTART|SA_SIGINFO
   SIGUSR2: _ZL10SR_handleriP9__siginfoP17__darwin_ucontext in libjvm.dylib, mask=00100000000000000000000000000000, flags=SA_RESTART|SA_SIGINFO
    SIGHUP: _ZL11UserHandleriPvS_ in libjvm.dylib, mask=11100110000111110111111111111111, flags=SA_RESTART|SA_SIGINFO
    SIGINT: _ZL11UserHandleriPvS_ in libjvm.dylib, mask=11100110000111110111111111111111, flags=SA_RESTART|SA_SIGINFO
   SIGTERM: _ZL11UserHandleriPvS_ in libjvm.dylib, mask=11100110000111110111111111111111, flags=SA_RESTART|SA_SIGINFO
   SIGQUIT: _ZL11UserHandleriPvS_ in libjvm.dylib, mask=11100110000111110111111111111111, flags=SA_RESTART|SA_SIGINFO
   SIGTRAP: _ZL13crash_handleriP9__siginfoPv in libjvm.dylib, mask=11100110000111110111111111111111, flags=SA_RESTART|SA_SIGINFO


---------------  S Y S T E M  ---------------

OS:
uname: Darwin 21.6.0 Darwin Kernel Version 21.6.0: Thu Sep 29 20:13:56 PDT 2022; root:xnu-8020.240.7~1/RELEASE_ARM64_T6000 arm64
OS uptime: 0 days 22:57 hours
rlimit (soft/hard): STACK 8176k/65520k , CORE 0k/infinity , NPROC 2666/4000 , NOFILE 10240/infinity , AS infinity/infinity , CPU infinity/infinity , DATA infinity/infinity , FSIZE infinity/infinity , MEMLOCK infinity/infinity , RSS infinity/infinity
load average: 2.93 3.68 3.22

CPU: total 8 (initial active 8) 0x61:0x0:0x1b588bb3:0, fp, simd, aes, pmull, crc32, lse

Memory: 16k page, physical 16777216k(105184k free), swap 0k(0k free)

vm_info: OpenJDK 64-Bit Server VM (19.0.1+10-21) for bsd-aarch64 JRE (19.0.1+10-21), built on 2022-09-14T12:45:06Z by "mach5one" with clang Apple LLVM 12.0.0 (clang-1200.0.32.29)

END.
