#
# A fatal error has been detected by the Java Runtime Environment:
#
#  SIGBUS (0xa) at pc=0x000000010e1f14f0, pid=11127, tid=35083
#
# JRE version: OpenJDK Runtime Environment Corretto-17.0.5.8.1 (17.0.5+8) (build 17.0.5+8-LTS)
# Java VM: OpenJDK 64-Bit Server VM Corretto-17.0.5.8.1 (17.0.5+8-LTS, mixed mode, sharing, tiered, compressed oops, compressed class ptrs, g1 gc, bsd-aarch64)
# Problematic frame:
# v  ~StubRoutines::SafeFetchN
#
# No core dump will be written. Core dumps have been disabled. To enable core dumping, try "ulimit -c unlimited" before starting Java again
#
# If you would like to submit a bug report, please visit:
#   https://github.com/corretto/corretto-17/issues/
# The crash happened outside the Java Virtual Machine in native code.
# See problematic frame for where to report the bug.
#

---------------  S U M M A R Y ------------

Command Line: -Dfile.encoding=UTF-8 -Duser.country=DE -Duser.language=en -Duser.variant de.tum.in.ase.pse.dispatcher.DispatcherMain

Host: "MacBookPro18,3" arm64, 8 cores, 16G, Darwin 21.6.0, macOS 12.6.1 (21G217)
Time: Mon Nov 21 23:30:23 2022 CET elapsed time: 1.543396 seconds (0d 0h 0m 1s)

---------------  T H R E A D  ---------------

Current thread (0x0000000136837600):  JavaThread "InvokeLaterDispatcher" daemon [_thread_in_native, id=35083, stack(0x000000016e564000,0x000000016e767000)]

Stack: [0x000000016e564000,0x000000016e767000],  sp=0x000000016e766790,  free space=2057k
Native frames: (J=compiled Java code, j=interpreted, Vv=VM code, C=native code)
v  ~StubRoutines::SafeFetchN
V  [libjvm.dylib+0x7b8570]  _ZN10OopStorage7releaseEPKP7oopDesc+0x20
V  [libjvm.dylib+0x4c9420]  jni_DeleteGlobalRef+0xd8
C  [libglass.dylib+0xab08]  -[GlassRunnable dealloc]+0x34
C  [Foundation+0x852b8]  -[_NSThreadPerformInfo dealloc]+0x30
C  [Foundation+0x51824]  -[NSObject(NSThreadPerformAdditions) performSelectorOnMainThread:withObject:waitUntilDone:]+0x88
C  0xda1680010e1f98ac
j  com.sun.glass.ui.mac.MacApplication.submitForLaterInvocation(Ljava/lang/Runnable;)V+2
j  com.sun.glass.ui.InvokeLaterDispatcher.run()V+82
v  ~StubRoutines::call_stub
V  [libjvm.dylib+0x46e5bc]  _ZN9JavaCalls11call_helperEP9JavaValueRK12methodHandleP17JavaCallArgumentsP10JavaThread+0x390
V  [libjvm.dylib+0x46d628]  _ZN9JavaCalls12call_virtualEP9JavaValueP5KlassP6SymbolS5_P17JavaCallArgumentsP10JavaThread+0xf8
V  [libjvm.dylib+0x46d6f0]  _ZN9JavaCalls12call_virtualEP9JavaValue6HandleP5KlassP6SymbolS6_P10JavaThread+0x64
V  [libjvm.dylib+0x521e68]  _ZL12thread_entryP10JavaThreadS0_+0xc4
V  [libjvm.dylib+0x9a3620]  _ZN10JavaThread17thread_main_innerEv+0x14c
V  [libjvm.dylib+0x9a1c8c]  _ZN6Thread8call_runEv+0xe0
V  [libjvm.dylib+0x7bf354]  _ZL19thread_native_entryP6Thread+0x158
C  [libsystem_pthread.dylib+0x726c]  _pthread_start+0x94

Java frames: (J=compiled Java code, j=interpreted, Vv=VM code)
j  com.sun.glass.ui.mac.MacApplication._submitForLaterInvocation(Ljava/lang/Runnable;)V+0
j  com.sun.glass.ui.mac.MacApplication.submitForLaterInvocation(Ljava/lang/Runnable;)V+2
j  com.sun.glass.ui.InvokeLaterDispatcher.run()V+82
v  ~StubRoutines::call_stub

siginfo: si_signo: 10 (SIGBUS), si_code: 1 (BUS_ADRALN), si_addr: 0x000000010e1f14f0

Register to memory mapping:

 x0=0x0000000146606dc8 points into unknown readable memory: 0x0000000000000000 | 00 00 00 00 00 00 00 00
 x1=0x0 is NULL
 x2=0x000000070f351d20 is an oop: com.sun.glass.ui.InvokeLaterDispatcher$Future 
{0x000000070f351d20} - klass: 'com/sun/glass/ui/InvokeLaterDispatcher$Future'
 - ---- fields (total size 3 words):
 - private 'done' 'Z' @12  true
 - private final 'runnable' 'Ljava/lang/Runnable;' @16  a 'com/sun/javafx/tk/quantum/QuantumToolkit$$Lambda$84+0x0000000800c3b400'{0x000000070e802030} (e1d00406)
 - final synthetic 'this$0' 'Lcom/sun/glass/ui/InvokeLaterDispatcher;' @20  a 'com/sun/glass/ui/InvokeLaterDispatcher'{0x000000070e82ac10} (e1d05582)
 x3=0x0 is NULL
 x4=0x00000000000130a8 is an unknown value
 x5=0x0 is NULL
 x6=0x0 is NULL
 x7=0x0 is NULL
 x8=0x000000010e1f14ec is at begin+0 in a stub
StubRoutines::SafeFetchN [0x000000010e1f14ec, 0x000000010e1f14f8] (12 bytes)
 x9=0x0 is NULL
x10=0x2010000030300000 is an unknown value
x11=0x0000000000000007 is an unknown value
x12=0x0 is NULL
x13=0x0000600003c8a1f0 points into unknown readable memory: 0x0000000000000000 | 00 00 00 00 00 00 00 00
x14=0x00000c0000000000 is an unknown value
x15=0x0000000126345f98: OBJC_CLASS_$_GlassRunnable+0 in /Users/umer/.openjfx/cache/17/libglass.dylib at 0x0000000126300000
x16=0x0000000180d070fc: pthread_getspecific+0 in /usr/lib/system/libsystem_pthread.dylib at 0x0000000180d05000
x17=0x0000600003984a10 points into unknown readable memory: 0xfffffffffffffffe | fe ff ff ff ff ff ff ff
x18=0x0 is NULL
x19=0x0000600003989030 points into unknown readable memory: 0x000060000108c0a0 | a0 c0 08 01 00 60 00 00
x20=0x0000000146606bc0 points into unknown readable memory: 0x0000000000000000 | 00 00 00 00 00 00 00 00
x21=0x0000000146606dc8 points into unknown readable memory: 0x0000000000000000 | 00 00 00 00 00 00 00 00
x22=0x0000000136837600 is a thread
x23=0x0000000000000001 is an unknown value
x24=0x0000000146606d80 is a global jni handle
x25=0x00000001063c4a98: _ZN12StubRoutines17_safefetchN_entryE+0 in /Users/umer/Library/Java/JavaVirtualMachines/corretto-17.0.5/Contents/Home/lib/server/libjvm.dylib at 0x0000000105760000
x26=0x000000012691eca0 is pointing into metadata
x27=0x0 is NULL
x28=0x0000000136837600 is a thread


Registers:
 x0=0x0000000146606dc8  x1=0x0000000000000000  x2=0x000000070f351d20  x3=0x0000000000000000
 x4=0x00000000000130a8  x5=0x0000000000000000  x6=0x0000000000000000  x7=0x0000000000000000
 x8=0x000000010e1f14ec  x9=0x0000000000000000 x10=0x2010000030300000 x11=0x0000000000000007
x12=0x0000000000000000 x13=0x0000600003c8a1f0 x14=0x00000c0000000000 x15=0x0000000126345f98
x16=0x0000000180d070fc x17=0x0000600003984a10 x18=0x0000000000000000 x19=0x0000600003989030
x20=0x0000000146606bc0 x21=0x0000000146606dc8 x22=0x0000000136837600 x23=0x0000000000000001
x24=0x0000000146606d80 x25=0x00000001063c4a98 x26=0x000000012691eca0 x27=0x0000000000000000
x28=0x0000000136837600  fp=0x000000016e7667d0  lr=0x0000000105f17370  sp=0x000000016e766790
pc=0x000000010e1f14f0 cpsr=0x0000000060001000
Top of Stack: (sp=0x000000016e766790)
0x000000016e766790:   000000012691eca0 0000000000000001
0x000000016e7667a0:   000000014816dd38 0000000000000000
0x000000016e7667b0:   000000014816dca8 0000000146606d80
0x000000016e7667c0:   0000000146606d80 0000600003989030
0x000000016e7667d0:   000000016e766810 0000000105f18570
0x000000016e7667e0:   0000000000000001 0000000146606d80
0x000000016e7667f0:   000000014816dca8 0000000146606d80
0x000000016e766800:   0000000000000001 000000014816da00
0x000000016e766810:   000000016e766850 0000000105c29420
0x000000016e766820:   000000016e766998 00006000010c0010
0x000000016e766830:   00006000010c0040 00000001cb0488e4
0x000000016e766840:   0000000000000000 00006000010c0040
0x000000016e766850:   000000016e766880 000000012630ab08
0x000000016e766860:   562dfdfab342005d 0000000000000000
0x000000016e766870:   0000000000000000 00006000007881c0
0x000000016e766880:   000000016e7668c0 0000000181cdd2b8
0x000000016e766890:   000000016e766998 00006000010c0010
0x000000016e7668a0:   00006000010c0040 562dfdfab342005d
0x000000016e7668b0:   0000000000000000 0000000000000000
0x000000016e7668c0:   000000016e766900 9013800181ca9824
0x000000016e7668d0:   000000016e766998 000000010e1f87c0
0x000000016e7668e0:   0000000000000000 00000001063cc458
0x000000016e7668f0:   000000016e766910 000000010e1f7730
0x000000016e766900:   000000016e766970 da1680010e1f98ac
0x000000016e766910:   000000016e766978 00000001265ac420
0x000000016e766920:   000000016e766920 0000000000000000
0x000000016e766930:   000000016e766998 000000012691eca0
0x000000016e766940:   000000070e801618 0000000000000000
0x000000016e766950:   0000000000000000 00000001268fb368
0x000000016e766960:   0000000000000000 000000016e766970
0x000000016e766970:   000000016e7669f0 000000010e1f5fc8
0x000000016e766980:   0000000000000000 0000000000000000 

Instructions: (pc=0x000000010e1f14f0)
0x000000010e1f13f0:   f2a0c729 f2c00029 6d425935 1e640886
0x000000010e1f1400:   0c402d31 1e6408c7 1f5654d0 1e6c1017
0x000000010e1f1410:   1f5050d0 1f504cd0 1f5048d0 1e650af6
0x000000010e1f1420:   1f50d8f6 1f5694d6 1f5158f6 1e762880
0x000000010e1f1430:   36000501 1e614000 14000026 2e251ca5
0x000000010e1f1440:   d2823009 f2a0c729 f2c00029 6d425d36
0x000000010e1f1450:   1e600806 0c402d32 1f5758c7 1e6c101a
0x000000010e1f1460:   1f4754c7 1e650805 1f4750c7 d2866668
0x000000010e1f1470:   f2a7fa68 1f474cc7 1e6608c0 1f4748c7
0x000000010e1f1480:   1e6e1019 eb08007f 540000ac 1f479400
0x000000010e1f1490:   1f460340 1e603b20 1400000e d2a7fd29
0x000000010e1f14a0:   eb09007f 540000ac 51480069 d3607d29
0x000000010e1f14b0:   9e670121 14000002 1e6a5001 1f679417
0x000000010e1f14c0:   1f668742 1e613b23 1e773857 1e773860
0x000000010e1f14d0:   a8c17ff3 910003bf a8c17bfd d65f03c0
0x000000010e1f14e0:   b9400001 aa0103e0 d65f03c0 f9400001
0x000000010e1f14f0:   aa0103e0 d65f03c0 00000000 00000000
0x000000010e1f1500:   00000000 00000000 00000000 00000000
0x000000010e1f1510:   00000000 00000000 00000000 00000000
0x000000010e1f1520:   00000000 00000000 00000000 00000000
0x000000010e1f1530:   00000000 00000000 00000000 00000000
0x000000010e1f1540:   00000000 00000000 00000000 00000000
0x000000010e1f1550:   00000000 00000000 00000000 00000000
0x000000010e1f1560:   00000000 00000000 00000000 00000000
0x000000010e1f1570:   00000000 00000000 00000000 00000000
0x000000010e1f1580:   00000000 00000000 00000000 00000000
0x000000010e1f1590:   00000000 00000000 00000000 00000000
0x000000010e1f15a0:   00000000 00000000 00000000 00000000
0x000000010e1f15b0:   00000000 00000000 00000000 00000000
0x000000010e1f15c0:   00000000 00000000 00000000 00000000
0x000000010e1f15d0:   00000000 00000000 00000000 00000000
0x000000010e1f15e0:   00000000 00000000 00000000 00000000 


Stack slot to memory mapping:
stack at sp + 0 slots: 0x000000012691eca0 is pointing into metadata
stack at sp + 1 slots: 0x0000000000000001 is an unknown value
stack at sp + 2 slots: 0x000000014816dd38 points into unknown readable memory: 0x0000000000000004 | 04 00 00 00 00 00 00 00
stack at sp + 3 slots: 0x0 is NULL
stack at sp + 4 slots: 0x000000014816dca8 points into unknown readable memory: 0x000000010637e8d0 | d0 e8 37 06 01 00 00 00
stack at sp + 5 slots: 0x0000000146606d80 is a global jni handle
stack at sp + 6 slots: 0x0000000146606d80 is a global jni handle
stack at sp + 7 slots: 0x0000600003989030 points into unknown readable memory: 0x000060000108c0a0 | a0 c0 08 01 00 60 00 00

StubRoutines::SafeFetchN [0x000000010e1f14ec, 0x000000010e1f14f8] (12 bytes)
[MachCode]
  0x000000010e1f14ec: 0100 40f9 | e003 01aa | c003 5fd6 
[/MachCode]

---------------  P R O C E S S  ---------------

Threads class SMR info:
_java_thread_list=0x0000600001248200, length=19, elements={
0x000000014780a000, 0x0000000136835400, 0x0000000136837c00, 0x0000000146808c00,
0x0000000146809200, 0x0000000146815000, 0x0000000146817a00, 0x0000000146818000,
0x0000000146820600, 0x00000001480d2000, 0x00000001480d5e00, 0x0000000146815600,
0x00000001480d7e00, 0x0000000136837600, 0x000000014816da00, 0x0000000147913a00,
0x0000000147924400, 0x0000000147937000, 0x00000001468bdc00
}

Java Threads: ( => current thread )
  0x000000014780a000 JavaThread "main" [_thread_blocked, id=6403, stack(0x000000016bb5c000,0x000000016bd5f000)]
  0x0000000136835400 JavaThread "Reference Handler" daemon [_thread_blocked, id=15619, stack(0x000000016c9b0000,0x000000016cbb3000)]
  0x0000000136837c00 JavaThread "Finalizer" daemon [_thread_blocked, id=16131, stack(0x000000016cbbc000,0x000000016cdbf000)]
  0x0000000146808c00 JavaThread "Signal Dispatcher" daemon [_thread_blocked, id=23043, stack(0x000000016cee0000,0x000000016d0e3000)]
  0x0000000146809200 JavaThread "Service Thread" daemon [_thread_blocked, id=23299, stack(0x000000016d0ec000,0x000000016d2ef000)]
  0x0000000146815000 JavaThread "Monitor Deflation Thread" daemon [_thread_blocked, id=23811, stack(0x000000016d2f8000,0x000000016d4fb000)]
  0x0000000146817a00 JavaThread "C2 CompilerThread0" daemon [_thread_blocked, id=24067, stack(0x000000016d504000,0x000000016d707000)]
  0x0000000146818000 JavaThread "C1 CompilerThread0" daemon [_thread_blocked, id=41987, stack(0x000000016d710000,0x000000016d913000)]
  0x0000000146820600 JavaThread "Sweeper thread" daemon [_thread_blocked, id=24579, stack(0x000000016d91c000,0x000000016db1f000)]
  0x00000001480d2000 JavaThread "Notification Thread" daemon [_thread_blocked, id=25091, stack(0x000000016db28000,0x000000016dd2b000)]
  0x00000001480d5e00 JavaThread "Common-Cleaner" daemon [_thread_blocked, id=25347, stack(0x000000016df40000,0x000000016e143000)]
  0x0000000146815600 JavaThread "JavaFX-Launcher" [_thread_blocked, id=40707, stack(0x000000016e14c000,0x000000016e34f000)]
  0x00000001480d7e00 JavaThread "QuantumRenderer-0" daemon [_thread_blocked, id=40195, stack(0x000000016e358000,0x000000016e55b000)]
=>0x0000000136837600 JavaThread "InvokeLaterDispatcher" daemon [_thread_in_native, id=35083, stack(0x000000016e564000,0x000000016e767000)]
  0x000000014816da00 JavaThread "JavaFX Application Thread" [_thread_in_native, id=259, stack(0x000000016b2d4000,0x000000016bad0000)]
  0x0000000147913a00 JavaThread "PulseTimer-CVDisplayLink thread" daemon [_thread_in_native, id=50947, stack(0x000000016e770000,0x000000016e7f3000)]
  0x0000000147924400 JavaThread "Prism Font Disposer" daemon [_thread_blocked, id=73483, stack(0x000000016f4d0000,0x000000016f6d3000)]
  0x0000000147937000 JavaThread "Thread-4" daemon [_thread_in_native, id=54787, stack(0x000000016f6dc000,0x000000016f8df000)]
  0x00000001468bdc00 JavaThread "Cleaner-0" daemon [_thread_blocked, id=67359, stack(0x000000016f8e8000,0x000000016faeb000)]

Other Threads:
  0x0000000146606680 VMThread "VM Thread" [stack: 0x000000016c7a4000,0x000000016c9a7000] [id=17667]
  0x000000014670c810 WatcherThread [stack: 0x000000016dd34000,0x000000016df37000] [id=41219]
  0x0000000136705ec0 GCTaskThread "GC Thread#0" [stack: 0x000000016bd68000,0x000000016bf6b000] [id=12035]
  0x000000013670dcc0 GCTaskThread "GC Thread#1" [stack: 0x000000016ea94000,0x000000016ec97000] [id=77059]
  0x000000013670e140 GCTaskThread "GC Thread#2" [stack: 0x000000016eca0000,0x000000016eea3000] [id=76547]
  0x000000013670e750 GCTaskThread "GC Thread#3" [stack: 0x000000016eeac000,0x000000016f0af000] [id=52483]
  0x000000014661a610 GCTaskThread "GC Thread#4" [stack: 0x000000016f0b8000,0x000000016f2bb000] [id=52995]
  0x000000013670ebd0 GCTaskThread "GC Thread#5" [stack: 0x000000016f2c4000,0x000000016f4c7000] [id=76035]
  0x0000000136706570 ConcurrentGCThread "G1 Main Marker" [stack: 0x000000016bf74000,0x000000016c177000] [id=19459]
  0x0000000146705ac0 ConcurrentGCThread "G1 Conc#0" [stack: 0x000000016c180000,0x000000016c383000] [id=13315]
  0x00000001467077f0 ConcurrentGCThread "G1 Refine#0" [stack: 0x000000016c38c000,0x000000016c58f000] [id=18947]
  0x0000000146708090 ConcurrentGCThread "G1 Service" [stack: 0x000000016c598000,0x000000016c79b000] [id=18691]

Threads with active compile tasks:

VM state: not at safepoint (normal execution)

VM Mutex/Monitor currently owned by a thread: None

Heap address: 0x0000000700000000, size: 4096 MB, Compressed Oops mode: Zero based, Oop shift amount: 3

CDS archive(s) mapped at: [0x0000000800000000-0x0000000800bd8000-0x0000000800bd8000), size 12419072, SharedBaseAddress: 0x0000000800000000, ArchiveRelocationMode: 0.
Compressed class space mapped at: 0x0000000800c00000-0x0000000840c00000, reserved size: 1073741824
Narrow klass base: 0x0000000800000000, Narrow klass shift: 0, Narrow klass range: 0x100000000

GC Precious Log:
 CPUs: 8 total, 8 available
 Memory: 16384M
 Large Page Support: Disabled
 NUMA Support: Disabled
 Compressed Oops: Enabled (Zero based)
 Heap Region Size: 2M
 Heap Min Capacity: 8M
 Heap Initial Capacity: 256M
 Heap Max Capacity: 4G
 Pre-touch: Disabled
 Parallel Workers: 8
 Concurrent Workers: 2
 Concurrent Refinement Workers: 8
 Periodic GC: Disabled

Heap:
 garbage-first heap   total 266240K, used 28651K [0x0000000700000000, 0x0000000800000000)
  region size 2048K, 13 young (26624K), 2 survivors (4096K)
 Metaspace       used 12859K, committed 13120K, reserved 1064960K
  class space    used 1887K, committed 1984K, reserved 1048576K

Heap Regions: E=young(eden), S=young(survivor), O=old, HS=humongous(starts), HC=humongous(continues), CS=collection set, F=free, OA=open archive, CA=closed archive, TAMS=top-at-mark-start (previous, next)
|   0|0x0000000700000000, 0x0000000700002c00, 0x0000000700200000|  0%| O|  |TAMS 0x0000000700000000, 0x0000000700000000| Untracked 
|   1|0x0000000700200000, 0x0000000700400000, 0x0000000700400000|100%|HS|  |TAMS 0x0000000700200000, 0x0000000700200000| Complete 
|   2|0x0000000700400000, 0x0000000700400000, 0x0000000700600000|  0%| F|  |TAMS 0x0000000700400000, 0x0000000700400000| Untracked 
|   3|0x0000000700600000, 0x0000000700600000, 0x0000000700800000|  0%| F|  |TAMS 0x0000000700600000, 0x0000000700600000| Untracked 
|   4|0x0000000700800000, 0x0000000700800000, 0x0000000700a00000|  0%| F|  |TAMS 0x0000000700800000, 0x0000000700800000| Untracked 
|   5|0x0000000700a00000, 0x0000000700a00000, 0x0000000700c00000|  0%| F|  |TAMS 0x0000000700a00000, 0x0000000700a00000| Untracked 
|   6|0x0000000700c00000, 0x0000000700c00000, 0x0000000700e00000|  0%| F|  |TAMS 0x0000000700c00000, 0x0000000700c00000| Untracked 
|   7|0x0000000700e00000, 0x0000000700e00000, 0x0000000701000000|  0%| F|  |TAMS 0x0000000700e00000, 0x0000000700e00000| Untracked 
|   8|0x0000000701000000, 0x0000000701000000, 0x0000000701200000|  0%| F|  |TAMS 0x0000000701000000, 0x0000000701000000| Untracked 
|   9|0x0000000701200000, 0x0000000701200000, 0x0000000701400000|  0%| F|  |TAMS 0x0000000701200000, 0x0000000701200000| Untracked 
|  10|0x0000000701400000, 0x0000000701400000, 0x0000000701600000|  0%| F|  |TAMS 0x0000000701400000, 0x0000000701400000| Untracked 
|  11|0x0000000701600000, 0x0000000701600000, 0x0000000701800000|  0%| F|  |TAMS 0x0000000701600000, 0x0000000701600000| Untracked 
|  12|0x0000000701800000, 0x0000000701800000, 0x0000000701a00000|  0%| F|  |TAMS 0x0000000701800000, 0x0000000701800000| Untracked 
|  13|0x0000000701a00000, 0x0000000701a00000, 0x0000000701c00000|  0%| F|  |TAMS 0x0000000701a00000, 0x0000000701a00000| Untracked 
|  14|0x0000000701c00000, 0x0000000701c00000, 0x0000000701e00000|  0%| F|  |TAMS 0x0000000701c00000, 0x0000000701c00000| Untracked 
|  15|0x0000000701e00000, 0x0000000701e00000, 0x0000000702000000|  0%| F|  |TAMS 0x0000000701e00000, 0x0000000701e00000| Untracked 
|  16|0x0000000702000000, 0x0000000702000000, 0x0000000702200000|  0%| F|  |TAMS 0x0000000702000000, 0x0000000702000000| Untracked 
|  17|0x0000000702200000, 0x0000000702200000, 0x0000000702400000|  0%| F|  |TAMS 0x0000000702200000, 0x0000000702200000| Untracked 
|  18|0x0000000702400000, 0x0000000702400000, 0x0000000702600000|  0%| F|  |TAMS 0x0000000702400000, 0x0000000702400000| Untracked 
|  19|0x0000000702600000, 0x0000000702600000, 0x0000000702800000|  0%| F|  |TAMS 0x0000000702600000, 0x0000000702600000| Untracked 
|  20|0x0000000702800000, 0x0000000702800000, 0x0000000702a00000|  0%| F|  |TAMS 0x0000000702800000, 0x0000000702800000| Untracked 
|  21|0x0000000702a00000, 0x0000000702a00000, 0x0000000702c00000|  0%| F|  |TAMS 0x0000000702a00000, 0x0000000702a00000| Untracked 
|  22|0x0000000702c00000, 0x0000000702c00000, 0x0000000702e00000|  0%| F|  |TAMS 0x0000000702c00000, 0x0000000702c00000| Untracked 
|  23|0x0000000702e00000, 0x0000000702e00000, 0x0000000703000000|  0%| F|  |TAMS 0x0000000702e00000, 0x0000000702e00000| Untracked 
|  24|0x0000000703000000, 0x0000000703000000, 0x0000000703200000|  0%| F|  |TAMS 0x0000000703000000, 0x0000000703000000| Untracked 
|  25|0x0000000703200000, 0x0000000703200000, 0x0000000703400000|  0%| F|  |TAMS 0x0000000703200000, 0x0000000703200000| Untracked 
|  26|0x0000000703400000, 0x0000000703400000, 0x0000000703600000|  0%| F|  |TAMS 0x0000000703400000, 0x0000000703400000| Untracked 
|  27|0x0000000703600000, 0x0000000703600000, 0x0000000703800000|  0%| F|  |TAMS 0x0000000703600000, 0x0000000703600000| Untracked 
|  28|0x0000000703800000, 0x0000000703800000, 0x0000000703a00000|  0%| F|  |TAMS 0x0000000703800000, 0x0000000703800000| Untracked 
|  29|0x0000000703a00000, 0x0000000703a00000, 0x0000000703c00000|  0%| F|  |TAMS 0x0000000703a00000, 0x0000000703a00000| Untracked 
|  30|0x0000000703c00000, 0x0000000703c00000, 0x0000000703e00000|  0%| F|  |TAMS 0x0000000703c00000, 0x0000000703c00000| Untracked 
|  31|0x0000000703e00000, 0x0000000703e00000, 0x0000000704000000|  0%| F|  |TAMS 0x0000000703e00000, 0x0000000703e00000| Untracked 
|  32|0x0000000704000000, 0x0000000704000000, 0x0000000704200000|  0%| F|  |TAMS 0x0000000704000000, 0x0000000704000000| Untracked 
|  33|0x0000000704200000, 0x0000000704200000, 0x0000000704400000|  0%| F|  |TAMS 0x0000000704200000, 0x0000000704200000| Untracked 
|  34|0x0000000704400000, 0x0000000704400000, 0x0000000704600000|  0%| F|  |TAMS 0x0000000704400000, 0x0000000704400000| Untracked 
|  35|0x0000000704600000, 0x0000000704600000, 0x0000000704800000|  0%| F|  |TAMS 0x0000000704600000, 0x0000000704600000| Untracked 
|  36|0x0000000704800000, 0x0000000704800000, 0x0000000704a00000|  0%| F|  |TAMS 0x0000000704800000, 0x0000000704800000| Untracked 
|  37|0x0000000704a00000, 0x0000000704a00000, 0x0000000704c00000|  0%| F|  |TAMS 0x0000000704a00000, 0x0000000704a00000| Untracked 
|  38|0x0000000704c00000, 0x0000000704c00000, 0x0000000704e00000|  0%| F|  |TAMS 0x0000000704c00000, 0x0000000704c00000| Untracked 
|  39|0x0000000704e00000, 0x0000000704e00000, 0x0000000705000000|  0%| F|  |TAMS 0x0000000704e00000, 0x0000000704e00000| Untracked 
|  40|0x0000000705000000, 0x0000000705000000, 0x0000000705200000|  0%| F|  |TAMS 0x0000000705000000, 0x0000000705000000| Untracked 
|  41|0x0000000705200000, 0x0000000705200000, 0x0000000705400000|  0%| F|  |TAMS 0x0000000705200000, 0x0000000705200000| Untracked 
|  42|0x0000000705400000, 0x0000000705400000, 0x0000000705600000|  0%| F|  |TAMS 0x0000000705400000, 0x0000000705400000| Untracked 
|  43|0x0000000705600000, 0x0000000705600000, 0x0000000705800000|  0%| F|  |TAMS 0x0000000705600000, 0x0000000705600000| Untracked 
|  44|0x0000000705800000, 0x0000000705800000, 0x0000000705a00000|  0%| F|  |TAMS 0x0000000705800000, 0x0000000705800000| Untracked 
|  45|0x0000000705a00000, 0x0000000705a00000, 0x0000000705c00000|  0%| F|  |TAMS 0x0000000705a00000, 0x0000000705a00000| Untracked 
|  46|0x0000000705c00000, 0x0000000705c00000, 0x0000000705e00000|  0%| F|  |TAMS 0x0000000705c00000, 0x0000000705c00000| Untracked 
|  47|0x0000000705e00000, 0x0000000705e00000, 0x0000000706000000|  0%| F|  |TAMS 0x0000000705e00000, 0x0000000705e00000| Untracked 
|  48|0x0000000706000000, 0x0000000706000000, 0x0000000706200000|  0%| F|  |TAMS 0x0000000706000000, 0x0000000706000000| Untracked 
|  49|0x0000000706200000, 0x0000000706200000, 0x0000000706400000|  0%| F|  |TAMS 0x0000000706200000, 0x0000000706200000| Untracked 
|  50|0x0000000706400000, 0x0000000706400000, 0x0000000706600000|  0%| F|  |TAMS 0x0000000706400000, 0x0000000706400000| Untracked 
|  51|0x0000000706600000, 0x0000000706600000, 0x0000000706800000|  0%| F|  |TAMS 0x0000000706600000, 0x0000000706600000| Untracked 
|  52|0x0000000706800000, 0x0000000706800000, 0x0000000706a00000|  0%| F|  |TAMS 0x0000000706800000, 0x0000000706800000| Untracked 
|  53|0x0000000706a00000, 0x0000000706a00000, 0x0000000706c00000|  0%| F|  |TAMS 0x0000000706a00000, 0x0000000706a00000| Untracked 
|  54|0x0000000706c00000, 0x0000000706c00000, 0x0000000706e00000|  0%| F|  |TAMS 0x0000000706c00000, 0x0000000706c00000| Untracked 
|  55|0x0000000706e00000, 0x0000000706e00000, 0x0000000707000000|  0%| F|  |TAMS 0x0000000706e00000, 0x0000000706e00000| Untracked 
|  56|0x0000000707000000, 0x0000000707000000, 0x0000000707200000|  0%| F|  |TAMS 0x0000000707000000, 0x0000000707000000| Untracked 
|  57|0x0000000707200000, 0x0000000707200000, 0x0000000707400000|  0%| F|  |TAMS 0x0000000707200000, 0x0000000707200000| Untracked 
|  58|0x0000000707400000, 0x0000000707400000, 0x0000000707600000|  0%| F|  |TAMS 0x0000000707400000, 0x0000000707400000| Untracked 
|  59|0x0000000707600000, 0x0000000707600000, 0x0000000707800000|  0%| F|  |TAMS 0x0000000707600000, 0x0000000707600000| Untracked 
|  60|0x0000000707800000, 0x0000000707800000, 0x0000000707a00000|  0%| F|  |TAMS 0x0000000707800000, 0x0000000707800000| Untracked 
|  61|0x0000000707a00000, 0x0000000707a00000, 0x0000000707c00000|  0%| F|  |TAMS 0x0000000707a00000, 0x0000000707a00000| Untracked 
|  62|0x0000000707c00000, 0x0000000707c00000, 0x0000000707e00000|  0%| F|  |TAMS 0x0000000707c00000, 0x0000000707c00000| Untracked 
|  63|0x0000000707e00000, 0x0000000707e00000, 0x0000000708000000|  0%| F|  |TAMS 0x0000000707e00000, 0x0000000707e00000| Untracked 
|  64|0x0000000708000000, 0x0000000708000000, 0x0000000708200000|  0%| F|  |TAMS 0x0000000708000000, 0x0000000708000000| Untracked 
|  65|0x0000000708200000, 0x0000000708200000, 0x0000000708400000|  0%| F|  |TAMS 0x0000000708200000, 0x0000000708200000| Untracked 
|  66|0x0000000708400000, 0x0000000708400000, 0x0000000708600000|  0%| F|  |TAMS 0x0000000708400000, 0x0000000708400000| Untracked 
|  67|0x0000000708600000, 0x0000000708600000, 0x0000000708800000|  0%| F|  |TAMS 0x0000000708600000, 0x0000000708600000| Untracked 
|  68|0x0000000708800000, 0x0000000708800000, 0x0000000708a00000|  0%| F|  |TAMS 0x0000000708800000, 0x0000000708800000| Untracked 
|  69|0x0000000708a00000, 0x0000000708a00000, 0x0000000708c00000|  0%| F|  |TAMS 0x0000000708a00000, 0x0000000708a00000| Untracked 
|  70|0x0000000708c00000, 0x0000000708c00000, 0x0000000708e00000|  0%| F|  |TAMS 0x0000000708c00000, 0x0000000708c00000| Untracked 
|  71|0x0000000708e00000, 0x0000000708e00000, 0x0000000709000000|  0%| F|  |TAMS 0x0000000708e00000, 0x0000000708e00000| Untracked 
|  72|0x0000000709000000, 0x0000000709000000, 0x0000000709200000|  0%| F|  |TAMS 0x0000000709000000, 0x0000000709000000| Untracked 
|  73|0x0000000709200000, 0x0000000709200000, 0x0000000709400000|  0%| F|  |TAMS 0x0000000709200000, 0x0000000709200000| Untracked 
|  74|0x0000000709400000, 0x0000000709400000, 0x0000000709600000|  0%| F|  |TAMS 0x0000000709400000, 0x0000000709400000| Untracked 
|  75|0x0000000709600000, 0x0000000709600000, 0x0000000709800000|  0%| F|  |TAMS 0x0000000709600000, 0x0000000709600000| Untracked 
|  76|0x0000000709800000, 0x0000000709800000, 0x0000000709a00000|  0%| F|  |TAMS 0x0000000709800000, 0x0000000709800000| Untracked 
|  77|0x0000000709a00000, 0x0000000709a00000, 0x0000000709c00000|  0%| F|  |TAMS 0x0000000709a00000, 0x0000000709a00000| Untracked 
|  78|0x0000000709c00000, 0x0000000709c00000, 0x0000000709e00000|  0%| F|  |TAMS 0x0000000709c00000, 0x0000000709c00000| Untracked 
|  79|0x0000000709e00000, 0x0000000709e00000, 0x000000070a000000|  0%| F|  |TAMS 0x0000000709e00000, 0x0000000709e00000| Untracked 
|  80|0x000000070a000000, 0x000000070a000000, 0x000000070a200000|  0%| F|  |TAMS 0x000000070a000000, 0x000000070a000000| Untracked 
|  81|0x000000070a200000, 0x000000070a200000, 0x000000070a400000|  0%| F|  |TAMS 0x000000070a200000, 0x000000070a200000| Untracked 
|  82|0x000000070a400000, 0x000000070a400000, 0x000000070a600000|  0%| F|  |TAMS 0x000000070a400000, 0x000000070a400000| Untracked 
|  83|0x000000070a600000, 0x000000070a600000, 0x000000070a800000|  0%| F|  |TAMS 0x000000070a600000, 0x000000070a600000| Untracked 
|  84|0x000000070a800000, 0x000000070a800000, 0x000000070aa00000|  0%| F|  |TAMS 0x000000070a800000, 0x000000070a800000| Untracked 
|  85|0x000000070aa00000, 0x000000070aa00000, 0x000000070ac00000|  0%| F|  |TAMS 0x000000070aa00000, 0x000000070aa00000| Untracked 
|  86|0x000000070ac00000, 0x000000070ac00000, 0x000000070ae00000|  0%| F|  |TAMS 0x000000070ac00000, 0x000000070ac00000| Untracked 
|  87|0x000000070ae00000, 0x000000070ae00000, 0x000000070b000000|  0%| F|  |TAMS 0x000000070ae00000, 0x000000070ae00000| Untracked 
|  88|0x000000070b000000, 0x000000070b000000, 0x000000070b200000|  0%| F|  |TAMS 0x000000070b000000, 0x000000070b000000| Untracked 
|  89|0x000000070b200000, 0x000000070b200000, 0x000000070b400000|  0%| F|  |TAMS 0x000000070b200000, 0x000000070b200000| Untracked 
|  90|0x000000070b400000, 0x000000070b400000, 0x000000070b600000|  0%| F|  |TAMS 0x000000070b400000, 0x000000070b400000| Untracked 
|  91|0x000000070b600000, 0x000000070b600000, 0x000000070b800000|  0%| F|  |TAMS 0x000000070b600000, 0x000000070b600000| Untracked 
|  92|0x000000070b800000, 0x000000070b800000, 0x000000070ba00000|  0%| F|  |TAMS 0x000000070b800000, 0x000000070b800000| Untracked 
|  93|0x000000070ba00000, 0x000000070ba00000, 0x000000070bc00000|  0%| F|  |TAMS 0x000000070ba00000, 0x000000070ba00000| Untracked 
|  94|0x000000070bc00000, 0x000000070bc00000, 0x000000070be00000|  0%| F|  |TAMS 0x000000070bc00000, 0x000000070bc00000| Untracked 
|  95|0x000000070be00000, 0x000000070be00000, 0x000000070c000000|  0%| F|  |TAMS 0x000000070be00000, 0x000000070be00000| Untracked 
|  96|0x000000070c000000, 0x000000070c000000, 0x000000070c200000|  0%| F|  |TAMS 0x000000070c000000, 0x000000070c000000| Untracked 
|  97|0x000000070c200000, 0x000000070c200000, 0x000000070c400000|  0%| F|  |TAMS 0x000000070c200000, 0x000000070c200000| Untracked 
|  98|0x000000070c400000, 0x000000070c400000, 0x000000070c600000|  0%| F|  |TAMS 0x000000070c400000, 0x000000070c400000| Untracked 
|  99|0x000000070c600000, 0x000000070c600000, 0x000000070c800000|  0%| F|  |TAMS 0x000000070c600000, 0x000000070c600000| Untracked 
| 100|0x000000070c800000, 0x000000070c800000, 0x000000070ca00000|  0%| F|  |TAMS 0x000000070c800000, 0x000000070c800000| Untracked 
| 101|0x000000070ca00000, 0x000000070ca00000, 0x000000070cc00000|  0%| F|  |TAMS 0x000000070ca00000, 0x000000070ca00000| Untracked 
| 102|0x000000070cc00000, 0x000000070cc00000, 0x000000070ce00000|  0%| F|  |TAMS 0x000000070cc00000, 0x000000070cc00000| Untracked 
| 103|0x000000070ce00000, 0x000000070ce00000, 0x000000070d000000|  0%| F|  |TAMS 0x000000070ce00000, 0x000000070ce00000| Untracked 
| 104|0x000000070d000000, 0x000000070d000000, 0x000000070d200000|  0%| F|  |TAMS 0x000000070d000000, 0x000000070d000000| Untracked 
| 105|0x000000070d200000, 0x000000070d200000, 0x000000070d400000|  0%| F|  |TAMS 0x000000070d200000, 0x000000070d200000| Untracked 
| 106|0x000000070d400000, 0x000000070d400000, 0x000000070d600000|  0%| F|  |TAMS 0x000000070d400000, 0x000000070d400000| Untracked 
| 107|0x000000070d600000, 0x000000070d600000, 0x000000070d800000|  0%| F|  |TAMS 0x000000070d600000, 0x000000070d600000| Untracked 
| 108|0x000000070d800000, 0x000000070d800000, 0x000000070da00000|  0%| F|  |TAMS 0x000000070d800000, 0x000000070d800000| Untracked 
| 109|0x000000070da00000, 0x000000070da00000, 0x000000070dc00000|  0%| F|  |TAMS 0x000000070da00000, 0x000000070da00000| Untracked 
| 110|0x000000070dc00000, 0x000000070dc00000, 0x000000070de00000|  0%| F|  |TAMS 0x000000070dc00000, 0x000000070dc00000| Untracked 
| 111|0x000000070de00000, 0x000000070de00000, 0x000000070e000000|  0%| F|  |TAMS 0x000000070de00000, 0x000000070de00000| Untracked 
| 112|0x000000070e000000, 0x000000070e000000, 0x000000070e200000|  0%| F|  |TAMS 0x000000070e000000, 0x000000070e000000| Untracked 
| 113|0x000000070e200000, 0x000000070e200000, 0x000000070e400000|  0%| F|  |TAMS 0x000000070e200000, 0x000000070e200000| Untracked 
| 114|0x000000070e400000, 0x000000070e400000, 0x000000070e600000|  0%| F|  |TAMS 0x000000070e400000, 0x000000070e400000| Untracked 
| 115|0x000000070e600000, 0x000000070e800000, 0x000000070e800000|100%| S|CS|TAMS 0x000000070e600000, 0x000000070e600000| Complete 
| 116|0x000000070e800000, 0x000000070ea00000, 0x000000070ea00000|100%| S|CS|TAMS 0x000000070e800000, 0x000000070e800000| Complete 
| 117|0x000000070ea00000, 0x000000070ea482f0, 0x000000070ec00000| 14%| E|  |TAMS 0x000000070ea00000, 0x000000070ea00000| Complete 
| 118|0x000000070ec00000, 0x000000070ee00000, 0x000000070ee00000|100%| E|CS|TAMS 0x000000070ec00000, 0x000000070ec00000| Complete 
| 119|0x000000070ee00000, 0x000000070f000000, 0x000000070f000000|100%| E|CS|TAMS 0x000000070ee00000, 0x000000070ee00000| Complete 
| 120|0x000000070f000000, 0x000000070f200000, 0x000000070f200000|100%| E|CS|TAMS 0x000000070f000000, 0x000000070f000000| Complete 
| 121|0x000000070f200000, 0x000000070f400000, 0x000000070f400000|100%| E|CS|TAMS 0x000000070f200000, 0x000000070f200000| Complete 
| 122|0x000000070f400000, 0x000000070f600000, 0x000000070f600000|100%| E|CS|TAMS 0x000000070f400000, 0x000000070f400000| Complete 
| 123|0x000000070f600000, 0x000000070f800000, 0x000000070f800000|100%| E|CS|TAMS 0x000000070f600000, 0x000000070f600000| Complete 
| 124|0x000000070f800000, 0x000000070fa00000, 0x000000070fa00000|100%| E|CS|TAMS 0x000000070f800000, 0x000000070f800000| Complete 
| 125|0x000000070fa00000, 0x000000070fc00000, 0x000000070fc00000|100%| E|CS|TAMS 0x000000070fa00000, 0x000000070fa00000| Complete 
| 126|0x000000070fc00000, 0x000000070fe00000, 0x000000070fe00000|100%| E|CS|TAMS 0x000000070fc00000, 0x000000070fc00000| Complete 
| 127|0x000000070fe00000, 0x0000000710000000, 0x0000000710000000|100%| E|CS|TAMS 0x000000070fe00000, 0x000000070fe00000| Complete 
|2046|0x00000007ffc00000, 0x00000007ffd78000, 0x00000007ffe00000| 73%|OA|  |TAMS 0x00000007ffc00000, 0x00000007ffc00000| Untracked 
|2047|0x00000007ffe00000, 0x00000007ffe80000, 0x0000000800000000| 25%|CA|  |TAMS 0x00000007ffe00000, 0x00000007ffe00000| Untracked 

Card table byte_map: [0x000000011d1f0000,0x000000011d9f0000] _byte_map_base: 0x00000001199f0000

Marking Bits (Prev, Next): (CMBitMap*) 0x0000000136824e10, (CMBitMap*) 0x0000000136824e50
 Prev Bits: [0x000000011e1f0000, 0x00000001221f0000)
 Next Bits: [0x00000001221f0000, 0x00000001261f0000)

Polling page: 0x00000001044bc000

Metaspace:

Usage:
  Non-class:     10.72 MB used.
      Class:      1.84 MB used.
       Both:     12.56 MB used.

Virtual space:
  Non-class space:       16.00 MB reserved,      10.88 MB ( 68%) committed,  2 nodes.
      Class space:        1.00 GB reserved,       1.94 MB ( <1%) committed,  1 nodes.
             Both:        1.02 GB reserved,      12.81 MB (  1%) committed. 

Chunk freelists:
   Non-Class:  176.00 KB
       Class:  1.89 MB
        Both:  2.06 MB

MaxMetaspaceSize: unlimited
CompressedClassSpaceSize: 1.00 GB
Initial GC threshold: 21.00 MB
Current GC threshold: 21.00 MB
CDS: on
MetaspaceReclaimPolicy: balanced
 - commit_granule_bytes: 65536.
 - commit_granule_words: 8192.
 - virtual_space_node_default_size: 1048576.
 - enlarge_chunks_in_place: 1.
 - new_chunks_are_fully_committed: 0.
 - uncommit_free_chunks: 1.
 - use_allocation_guard: 0.
 - handle_deallocations: 1.


Internal statistics:

num_allocs_failed_limit: 0.
num_arena_births: 154.
num_arena_deaths: 0.
num_vsnodes_births: 3.
num_vsnodes_deaths: 0.
num_space_committed: 205.
num_space_uncommitted: 0.
num_chunks_returned_to_freelist: 0.
num_chunks_taken_from_freelist: 551.
num_chunk_merges: 0.
num_chunk_splits: 404.
num_chunks_enlarged: 334.
num_purges: 0.
num_inconsistent_stats: 0.

CodeHeap 'non-profiled nmethods': size=120032Kb used=646Kb max_used=646Kb free=119385Kb
 bounds [0x0000000115cb8000, 0x0000000115f28000, 0x000000011d1f0000]
CodeHeap 'profiled nmethods': size=120016Kb used=3496Kb max_used=3496Kb free=116519Kb
 bounds [0x000000010e784000, 0x000000010eaf4000, 0x0000000115cb8000]
CodeHeap 'non-nmethods': size=5712Kb used=1396Kb max_used=1439Kb free=4315Kb
 bounds [0x000000010e1f0000, 0x000000010e460000, 0x000000010e784000]
 total_blobs=2483 nmethods=1714 adapters=685
 compilation: enabled
              stopped_count=0, restarted_count=0
 full_count=0

Compilation events (20 events):
Event: 1.315 Thread 0x0000000146818000 1739       3       com.sun.javafx.geom.transform.Translate2D::transform (48 bytes)
Event: 1.315 Thread 0x0000000146818000 nmethod 1739 0x000000010eae9490 code [0x000000010eae9640, 0x000000010eae9928]
Event: 1.315 Thread 0x0000000146818000 1740       3       java.security.AccessController::doPrivileged (17 bytes)
Event: 1.316 Thread 0x0000000146818000 nmethod 1740 0x000000010eae9a90 code [0x000000010eae9cc0, 0x000000010eaea128]
Event: 1.365 Thread 0x0000000146818000 1742       3       java.util.concurrent.locks.AbstractQueuedSynchronizer$ConditionNode::isReleasable (23 bytes)
Event: 1.366 Thread 0x0000000146818000 nmethod 1742 0x000000010eaea310 code [0x000000010eaea4c0, 0x000000010eaea768]
Event: 1.399 Thread 0x0000000146818000 1743       3       java.util.concurrent.atomic.AtomicBoolean::get (13 bytes)
Event: 1.399 Thread 0x0000000146818000 nmethod 1743 0x000000010eaea810 code [0x000000010eaea9c0, 0x000000010eaeab68]
Event: 1.423 Thread 0x0000000146818000 1744       3       java.util.WeakHashMap::putAll (133 bytes)
Event: 1.424 Thread 0x0000000146818000 nmethod 1744 0x000000010eaeac10 code [0x000000010eaeaec0, 0x000000010eaebb18]
Event: 1.431 Thread 0x0000000146818000 1745       3       com.sun.scenario.animation.AnimationPulse::getDefaultBean (4 bytes)
Event: 1.431 Thread 0x0000000146818000 nmethod 1745 0x000000010eaebe10 code [0x000000010eaebfc0, 0x000000010eaec0a8]
Event: 1.524 Thread 0x0000000146818000 1746       3       java.util.concurrent.locks.ReentrantLock$NonfairSync::initialTryLock (58 bytes)
Event: 1.524 Thread 0x0000000146818000 nmethod 1746 0x000000010eaec190 code [0x000000010eaec380, 0x000000010eaec7c8]
Event: 1.532 Thread 0x0000000146818000 1747       3       java.util.concurrent.locks.ReentrantLock::unlock (10 bytes)
Event: 1.532 Thread 0x0000000146818000 nmethod 1747 0x000000010eaec910 code [0x000000010eaecb00, 0x000000010eaece48]
Event: 1.542 Thread 0x0000000146818000 1748       1       javafx.scene.input.MouseEvent::getSceneX (5 bytes)
Event: 1.542 Thread 0x0000000146818000 nmethod 1748 0x0000000115d59310 code [0x0000000115d59480, 0x0000000115d59568]
Event: 1.542 Thread 0x0000000146818000 1749       1       javafx.scene.input.MouseEvent::getSceneY (5 bytes)
Event: 1.542 Thread 0x0000000146818000 nmethod 1749 0x0000000115d59610 code [0x0000000115d59780, 0x0000000115d59868]

GC Heap History (2 events):
Event: 0.316 GC heap before
{Heap before GC invocations=0 (full 0):
 garbage-first heap   total 266240K, used 24544K [0x0000000700000000, 0x0000000800000000)
  region size 2048K, 11 young (22528K), 0 survivors (0K)
 Metaspace       used 7093K, committed 7296K, reserved 1064960K
  class space    used 975K, committed 1088K, reserved 1048576K
}
Event: 0.318 GC heap after
{Heap after GC invocations=1 (full 0):
 garbage-first heap   total 266240K, used 6123K [0x0000000700000000, 0x0000000800000000)
  region size 2048K, 2 young (4096K), 2 survivors (4096K)
 Metaspace       used 7093K, committed 7296K, reserved 1064960K
  class space    used 975K, committed 1088K, reserved 1048576K
}

Dll operation events (12 events):
Event: 0.003 Loaded shared library /Users/umer/Library/Java/JavaVirtualMachines/corretto-17.0.5/Contents/Home/lib/libjava.dylib
Event: 0.017 Loaded shared library /Users/umer/Library/Java/JavaVirtualMachines/corretto-17.0.5/Contents/Home/lib/libnio.dylib
Event: 0.020 Loaded shared library /Users/umer/Library/Java/JavaVirtualMachines/corretto-17.0.5/Contents/Home/lib/libzip.dylib
Event: 0.042 Loaded shared library /Users/umer/Library/Java/JavaVirtualMachines/corretto-17.0.5/Contents/Home/lib/libjimage.dylib
Event: 0.092 Loading shared library /Users/umer/.gradle/caches/modules-2/files-2.1/org.openjfx/javafx-graphics/17/b6326f61f7e0effbf733d62e83b8317eb8e768b4/libprism_es2.dylib failed, dlopen(/Users/umer/.gradle/caches/modules-2/files-2.1/org.openjfx/javafx-graphics/17/b
Event: 0.108 Loaded shared library /Users/umer/.openjfx/cache/17/libprism_es2.dylib
Event: 0.139 Loading shared library /Users/umer/.gradle/caches/modules-2/files-2.1/org.openjfx/javafx-graphics/17/b6326f61f7e0effbf733d62e83b8317eb8e768b4/libglass.dylib failed, dlopen(/Users/umer/.gradle/caches/modules-2/files-2.1/org.openjfx/javafx-graphics/17/b6326
Event: 0.144 Loaded shared library /Users/umer/.openjfx/cache/17/libglass.dylib
Event: 0.282 Loading shared library /Users/umer/.gradle/caches/modules-2/files-2.1/org.openjfx/javafx-graphics/17/b6326f61f7e0effbf733d62e83b8317eb8e768b4/libjavafx_font.dylib failed, dlopen(/Users/umer/.gradle/caches/modules-2/files-2.1/org.openjfx/javafx-graphics/17
Event: 0.283 Loaded shared library /Users/umer/.openjfx/cache/17/libjavafx_font.dylib
Event: 0.593 Loaded shared library /Users/umer/Library/Java/JavaVirtualMachines/corretto-17.0.5/Contents/Home/lib/libnet.dylib
Event: 0.596 Loaded shared library /Users/umer/Library/Java/JavaVirtualMachines/corretto-17.0.5/Contents/Home/lib/libextnet.dylib

Deoptimization events (20 events):
Event: 0.680 Thread 0x00000001480d7e00 DEOPT PACKING pc=0x000000010ea842a0 sp=0x000000016e5587f0
Event: 0.680 Thread 0x00000001480d7e00 DEOPT UNPACKING pc=0x000000010e22eb7c sp=0x000000016e558450 mode 0
Event: 0.680 Thread 0x00000001480d7e00 DEOPT PACKING pc=0x000000010ea842a0 sp=0x000000016e5587f0
Event: 0.680 Thread 0x00000001480d7e00 DEOPT UNPACKING pc=0x000000010e22eb7c sp=0x000000016e558450 mode 0
Event: 0.680 Thread 0x00000001480d7e00 DEOPT PACKING pc=0x000000010ea842a0 sp=0x000000016e5587f0
Event: 0.680 Thread 0x00000001480d7e00 DEOPT UNPACKING pc=0x000000010e22eb7c sp=0x000000016e558450 mode 0
Event: 0.680 Thread 0x00000001480d7e00 DEOPT PACKING pc=0x000000010ea842a0 sp=0x000000016e5587f0
Event: 0.680 Thread 0x00000001480d7e00 DEOPT UNPACKING pc=0x000000010e22eb7c sp=0x000000016e558450 mode 0
Event: 0.695 Thread 0x00000001480d7e00 Uncommon trap: trap_request=0xffffff45 fr.pc=0x0000000115d342f0 relative=0x00000000000006b0
Event: 0.695 Thread 0x00000001480d7e00 Uncommon trap: reason=unstable_if action=reinterpret pc=0x0000000115d342f0 method=com.sun.marlin.MaskMarlinAlphaConsumer.setAndClearRelativeAlphas([I[IIII)V @ 369 c2
Event: 0.695 Thread 0x00000001480d7e00 DEOPT PACKING pc=0x0000000115d342f0 sp=0x000000016e557860
Event: 0.695 Thread 0x00000001480d7e00 DEOPT UNPACKING pc=0x000000010e22ed1c sp=0x000000016e557760 mode 2
Event: 1.123 Thread 0x00000001480d7e00 DEOPT PACKING pc=0x000000010eaa0500 sp=0x000000016e5590c0
Event: 1.123 Thread 0x00000001480d7e00 DEOPT UNPACKING pc=0x000000010e22eb7c sp=0x000000016e558cc0 mode 0
Event: 1.129 Thread 0x00000001480d7e00 DEOPT PACKING pc=0x000000010eaa0500 sp=0x000000016e5590c0
Event: 1.129 Thread 0x00000001480d7e00 DEOPT UNPACKING pc=0x000000010e22eb7c sp=0x000000016e558cc0 mode 0
Event: 1.129 Thread 0x00000001480d7e00 Uncommon trap: trap_request=0xffffff45 fr.pc=0x0000000115d4194c relative=0x000000000000234c
Event: 1.129 Thread 0x00000001480d7e00 Uncommon trap: reason=unstable_if action=reinterpret pc=0x0000000115d4194c method=com.sun.marlin.Renderer._endRendering(IILcom/sun/marlin/MarlinAlphaConsumer;)V @ 2268 c2
Event: 1.129 Thread 0x00000001480d7e00 DEOPT PACKING pc=0x0000000115d4194c sp=0x000000016e559100
Event: 1.129 Thread 0x00000001480d7e00 DEOPT UNPACKING pc=0x000000010e22ed1c sp=0x000000016e558fb0 mode 2

Classes unloaded (0 events):
No events

Classes redefined (0 events):
No events

Internal exceptions (20 events):
Event: 0.237 Thread 0x000000014816da00 Exception <a 'java/lang/NoSuchMethodError'{0x000000070f5041b0}: 'void java.lang.invoke.DirectMethodHandle$Holder.invokeStaticInit(java.lang.Object)'> (0x000000070f5041b0) 
thrown [src/hotspot/share/interpreter/linkResolver.cpp, line 759]
Event: 0.238 Thread 0x0000000146815600 Exception <a 'java/lang/NoSuchMethodError'{0x000000070f9e8830}: 'void java.lang.invoke.DirectMethodHandle$Holder.invokeStatic(java.lang.Object, java.lang.Object, java.lang.Object, java.lang.Object)'> (0x000000070f9e8830) 
thrown [src/hotspot/share/interpreter/linkResolver.cpp, line 759]
Event: 0.265 Thread 0x000000014816da00 Exception <a 'java/lang/NoSuchMethodError'{0x000000070f0cac58}: 'java.lang.Object java.lang.invoke.DirectMethodHandle$Holder.invokeStaticInit(java.lang.Object, java.lang.Object, java.lang.Object, java.lang.Object)'> (0x000000070f0cac58) 
thrown [src/hotspot/share/interpreter/linkResolver.cpp, line 759]
Event: 0.265 Thread 0x000000014816da00 Exception <a 'java/lang/NullPointerException'{0x000000070f0d5770}> (0x000000070f0d5770) 
thrown [src/hotspot/share/interpreter/linkResolver.cpp, line 1350]
Event: 0.305 Thread 0x000000014816da00 Exception <a 'java/lang/NoSuchMethodError'{0x000000070ea8c1f8}: 'void java.lang.invoke.DirectMethodHandle$Holder.invokeStaticInit(java.lang.Object, java.lang.Object)'> (0x000000070ea8c1f8) 
thrown [src/hotspot/share/interpreter/linkResolver.cpp, line 759]
Event: 0.309 Thread 0x000000014816da00 Exception <a 'java/lang/NoSuchMethodError'{0x000000070eb0bfa8}: 'void java.lang.invoke.DirectMethodHandle$Holder.invokeSpecial(java.lang.Object, java.lang.Object, java.lang.Object, java.lang.Object, java.lang.Object)'> (0x000000070eb0bfa8) 
thrown [src/hotspot/share/interpreter/linkResolver.cpp, line 759]
Event: 0.334 Thread 0x000000014816da00 Exception <a 'java/lang/NoSuchMethodError'{0x000000070fc15b68}: 'java.lang.Object java.lang.invoke.DirectMethodHandle$Holder.invokeInterface(java.lang.Object, java.lang.Object)'> (0x000000070fc15b68) 
thrown [src/hotspot/share/interpreter/linkResolver.cpp, line 759]
Event: 0.360 Thread 0x000000014816da00 Implicit null exception at 0x0000000115cf8314 to 0x0000000115cf86d8
Event: 0.361 Thread 0x000000014816da00 Implicit null exception at 0x0000000115cf6ed4 to 0x0000000115cf7220
Event: 0.375 Thread 0x000000014816da00 Exception <a 'java/lang/NoSuchMethodError'{0x000000070fb84cc8}: 'java.lang.Object java.lang.invoke.DirectMethodHandle$Holder.invokeInterface(java.lang.Object, java.lang.Object, java.lang.Object)'> (0x000000070fb84cc8) 
thrown [src/hotspot/share/interpreter/linkResolver.cpp, line 759]
Event: 0.376 Thread 0x000000014816da00 Exception <a 'java/lang/IncompatibleClassChangeError'{0x000000070fb88650}: Found class java.lang.Object, but interface was expected> (0x000000070fb88650) 
thrown [src/hotspot/share/interpreter/linkResolver.cpp, line 826]
Event: 0.583 Thread 0x000000014816da00 Exception <a 'java/lang/NoSuchMethodError'{0x000000070f2ae038}: 'java.lang.Object java.lang.invoke.DirectMethodHandle$Holder.newInvokeSpecial(java.lang.Object, java.lang.Object, int, int)'> (0x000000070f2ae038) 
thrown [src/hotspot/share/interpreter/linkResolver.cpp, line 759]
Event: 0.589 Thread 0x000000014816da00 Exception <a 'java/lang/NoSuchMethodError'{0x000000070f2c29a8}: 'java.lang.Object java.lang.invoke.DirectMethodHandle$Holder.newInvokeSpecial(java.lang.Object, java.lang.Object, int)'> (0x000000070f2c29a8) 
thrown [src/hotspot/share/interpreter/linkResolver.cpp, line 759]
Event: 0.592 Thread 0x000000014816da00 Exception <a 'java/lang/NoSuchMethodError'{0x000000070f2ca248}: 'void java.lang.invoke.DirectMethodHandle$Holder.invokeVirtual(java.lang.Object, java.lang.Object)'> (0x000000070f2ca248) 
thrown [src/hotspot/share/interpreter/linkResolver.cpp, line 759]
Event: 0.626 Thread 0x00000001480d7e00 Exception <a 'java/lang/NoSuchMethodError'{0x000000070f0c16d8}: 'int java.lang.invoke.DirectMethodHandle$Holder.invokeStaticInit(java.lang.Object, java.lang.Object)'> (0x000000070f0c16d8) 
thrown [src/hotspot/share/interpreter/linkResolver.cpp, line 759]
Event: 0.631 Thread 0x000000014816da00 Exception <a 'java/lang/NoSuchMethodError'{0x000000070f04e718}: 'long java.lang.invoke.DirectMethodHandle$Holder.invokeStatic(java.lang.Object, java.lang.Object, java.lang.Object)'> (0x000000070f04e718) 
thrown [src/hotspot/share/interpreter/linkResolver.cpp, line 759]
Event: 0.631 Thread 0x000000014816da00 Exception <a 'java/lang/NoSuchMethodError'{0x000000070f051ec0}: 'long java.lang.invoke.DirectMethodHandle$Holder.invokeStaticInit(java.lang.Object, java.lang.Object, java.lang.Object)'> (0x000000070f051ec0) 
thrown [src/hotspot/share/interpreter/linkResolver.cpp, line 759]
Event: 0.632 Thread 0x000000014816da00 Exception <a 'java/lang/NoSuchMethodError'{0x000000070f069ac8}: 'java.lang.Object java.lang.invoke.DirectMethodHandle$Holder.newInvokeSpecial(java.lang.Object, java.lang.Object, long)'> (0x000000070f069ac8) 
thrown [src/hotspot/share/interpreter/linkResolver.cpp, line 759]
Event: 0.632 Thread 0x000000014816da00 Exception <a 'java/lang/NoSuchMethodError'{0x000000070f10fe20}: 'java.lang.Object java.lang.invoke.Invokers$Holder.linkToTargetMethod(java.lang.Object, long, java.lang.Object)'> (0x000000070f10fe20) 
thrown [src/hotspot/share/interpreter/linkResolver.cpp, line 759]
Event: 0.717 Thread 0x00000001480d7e00 Exception <a 'java/lang/NoSuchMethodError'{0x000000070ed86ff8}: 'java.lang.Object java.lang.invoke.DirectMethodHandle$Holder.invokeStaticInit(java.lang.Object, int)'> (0x000000070ed86ff8) 
thrown [src/hotspot/share/interpreter/linkResolver.cpp, line 759]

VM Operations (12 events):
Event: 0.093 Executing VM operation: HandshakeAllThreads
Event: 0.093 Executing VM operation: HandshakeAllThreads done
Event: 0.269 Executing VM operation: ICBufferFull
Event: 0.269 Executing VM operation: ICBufferFull done
Event: 0.316 Executing VM operation: G1CollectForAllocation
Event: 0.318 Executing VM operation: G1CollectForAllocation done
Event: 0.563 Executing VM operation: ICBufferFull
Event: 0.563 Executing VM operation: ICBufferFull done
Event: 0.594 Executing VM operation: HandshakeAllThreads
Event: 0.594 Executing VM operation: HandshakeAllThreads done
Event: 0.610 Executing VM operation: ICBufferFull
Event: 0.610 Executing VM operation: ICBufferFull done

Events (20 events):
Event: 0.654 loading class jdk/internal/reflect/UnsafeQualifiedStaticFieldAccessorImpl done
Event: 0.654 loading class jdk/internal/reflect/UnsafeQualifiedStaticObjectFieldAccessorImpl done
Event: 0.667 loading class java/nio/DirectByteBuffer$Deallocator
Event: 0.667 loading class java/nio/DirectByteBuffer$Deallocator done
Event: 0.667 loading class java/nio/DirectShortBufferU
Event: 0.667 loading class java/nio/ShortBuffer
Event: 0.667 loading class java/nio/ShortBuffer done
Event: 0.667 loading class java/nio/DirectShortBufferU done
Event: 0.684 loading class java/nio/FloatBuffer
Event: 0.684 loading class java/nio/FloatBuffer done
Event: 0.684 loading class java/nio/DoubleBuffer
Event: 0.684 loading class java/nio/DoubleBuffer done
Event: 0.684 loading class java/nio/DirectFloatBufferU
Event: 0.684 loading class java/nio/DirectFloatBufferU done
Event: 1.236 loading class java/util/EnumMap$Values
Event: 1.236 loading class java/util/EnumMap$Values done
Event: 1.236 loading class java/util/EnumMap$ValueIterator
Event: 1.236 loading class java/util/EnumMap$EnumMapIterator
Event: 1.236 loading class java/util/EnumMap$EnumMapIterator done
Event: 1.236 loading class java/util/EnumMap$ValueIterator done


Dynamic libraries:
0x000000010446c000 	/Users/umer/Library/Java/JavaVirtualMachines/corretto-17.0.5/Contents/Home/lib/libjli.dylib
0x00000001976f5000 	/System/Library/Frameworks/Cocoa.framework/Versions/A/Cocoa
0x00000001838fd000 	/System/Library/Frameworks/AppKit.framework/Versions/C/AppKit
0x0000000186e14000 	/System/Library/Frameworks/CoreData.framework/Versions/A/CoreData
0x0000000181c58000 	/System/Library/Frameworks/Foundation.framework/Versions/C/Foundation
0x000000018b875000 	/usr/lib/libSystem.B.dylib
0x00000001847b6000 	/System/Library/PrivateFrameworks/UIFoundation.framework/Versions/A/UIFoundation
0x00000001918c3000 	/System/Library/PrivateFrameworks/RemoteViewServices.framework/Versions/A/RemoteViewServices
0x0000000189d34000 	/System/Library/PrivateFrameworks/XCTTargetBootstrap.framework/Versions/A/XCTTargetBootstrap
0x000000018d5b7000 	/System/Library/PrivateFrameworks/InternationalSupport.framework/Versions/A/InternationalSupport
0x000000018d640000 	/System/Library/PrivateFrameworks/UserActivity.framework/Versions/A/UserActivity
0x000000018caac000 	/usr/lib/libspindump.dylib
0x0000000184a27000 	/System/Library/Frameworks/UniformTypeIdentifiers.framework/Versions/A/UniformTypeIdentifiers
0x000000018827c000 	/usr/lib/libapp_launch_measurement.dylib
0x00000001877a0000 	/System/Library/PrivateFrameworks/CoreAnalytics.framework/Versions/A/CoreAnalytics
0x000000018827f000 	/System/Library/PrivateFrameworks/CoreAutoLayout.framework/Versions/A/CoreAutoLayout
0x0000000189623000 	/System/Library/Frameworks/Metal.framework/Versions/A/Metal
0x000000018a39d000 	/usr/lib/liblangid.dylib
0x0000000189d39000 	/System/Library/PrivateFrameworks/CoreSVG.framework/Versions/A/CoreSVG
0x0000000185ebe000 	/System/Library/PrivateFrameworks/SkyLight.framework/Versions/A/SkyLight
0x000000018629a000 	/System/Library/Frameworks/CoreGraphics.framework/Versions/A/CoreGraphics
0x0000000191f8f000 	/System/Library/Frameworks/Accelerate.framework/Versions/A/Accelerate
0x000000018c523000 	/System/Library/PrivateFrameworks/IconServices.framework/Versions/A/IconServices
0x0000000189605000 	/System/Library/Frameworks/IOSurface.framework/Versions/A/IOSurface
0x00000001877d1000 	/usr/lib/libDiagnosticMessagesClient.dylib
0x000000018b7be000 	/usr/lib/libz.1.dylib
0x0000000195495000 	/System/Library/Frameworks/ApplicationServices.framework/Versions/A/ApplicationServices
0x0000000189d1c000 	/System/Library/PrivateFrameworks/DFRFoundation.framework/Versions/A/DFRFoundation
0x000000018318d000 	/usr/lib/libicucore.A.dylib
0x000000018e465000 	/System/Library/Frameworks/AudioToolbox.framework/Versions/A/AudioToolbox
0x000000018d5c3000 	/System/Library/PrivateFrameworks/DataDetectorsCore.framework/Versions/A/DataDetectorsCore
0x00000001a3fe2000 	/System/Library/PrivateFrameworks/TextInput.framework/Versions/A/TextInput
0x0000000185e33000 	/usr/lib/libMobileGestalt.dylib
0x00000001899e8000 	/System/Library/Frameworks/Carbon.framework/Versions/A/Frameworks/HIToolbox.framework/Versions/A/HIToolbox
0x0000000187c55000 	/System/Library/Frameworks/QuartzCore.framework/Versions/A/QuartzCore
0x0000000182e0e000 	/System/Library/Frameworks/Security.framework/Versions/A/Security
0x0000000191903000 	/System/Library/Frameworks/Carbon.framework/Versions/A/Frameworks/SpeechRecognition.framework/Versions/A/SpeechRecognition
0x0000000187fd1000 	/System/Library/PrivateFrameworks/CoreUI.framework/Versions/A/CoreUI
0x00000001826ea000 	/System/Library/Frameworks/CoreAudio.framework/Versions/A/CoreAudio
0x00000001878c5000 	/System/Library/Frameworks/DiskArbitration.framework/Versions/A/DiskArbitration
0x000000018ceb6000 	/System/Library/PrivateFrameworks/MultitouchSupport.framework/Versions/A/MultitouchSupport
0x0000000185e31000 	/usr/lib/libenergytrace.dylib
0x00000001837c5000 	/System/Library/Frameworks/IOKit.framework/Versions/A/IOKit
0x0000000191cf2000 	/System/Library/Frameworks/CoreServices.framework/Versions/A/CoreServices
0x000000018820c000 	/System/Library/PrivateFrameworks/PerformanceAnalysis.framework/Versions/A/PerformanceAnalysis
0x00000001e2487000 	/System/Library/Frameworks/OpenGL.framework/Versions/A/OpenGL
0x000000018ae10000 	/System/Library/PrivateFrameworks/MobileKeyBag.framework/Versions/A/MobileKeyBag
0x0000000180b8b000 	/usr/lib/libobjc.A.dylib
0x00000001868a8000 	/System/Library/Frameworks/ColorSync.framework/Versions/A/ColorSync
0x0000000180d54000 	/System/Library/Frameworks/CoreFoundation.framework/Versions/A/CoreFoundation
0x0000000189fb9000 	/System/Library/Frameworks/CoreImage.framework/Versions/A/CoreImage
0x000000018250e000 	/System/Library/Frameworks/CoreText.framework/Versions/A/CoreText
0x0000000189d69000 	/System/Library/Frameworks/ImageIO.framework/Versions/A/ImageIO
0x000000018b87b000 	/System/Library/PrivateFrameworks/SoftLinking.framework/Versions/A/SoftLinking
0x00000001882ca000 	/usr/lib/libxml2.2.dylib
0x0000000180c4e000 	/usr/lib/libc++.1.dylib
0x000000018bb14000 	/usr/lib/libcompression.dylib
0x000000018d513000 	/System/Library/PrivateFrameworks/TextureIO.framework/Versions/A/TextureIO
0x000000018c23c000 	/usr/lib/libate.dylib
0x000000018b86f000 	/usr/lib/system/libcache.dylib
0x000000018b82d000 	/usr/lib/system/libcommonCrypto.dylib
0x000000018b856000 	/usr/lib/system/libcompiler_rt.dylib
0x000000018b84d000 	/usr/lib/system/libcopyfile.dylib
0x0000000180a8f000 	/usr/lib/system/libcorecrypto.dylib
0x0000000180b44000 	/usr/lib/system/libdispatch.dylib
0x0000000180d12000 	/usr/lib/system/libdyld.dylib
0x000000018b865000 	/usr/lib/system/libkeymgr.dylib
0x000000018b808000 	/usr/lib/system/libmacho.dylib
0x000000018aef8000 	/usr/lib/system/libquarantine.dylib
0x000000018b862000 	/usr/lib/system/libremovefile.dylib
0x0000000185e8a000 	/usr/lib/system/libsystem_asl.dylib
0x0000000180a31000 	/usr/lib/system/libsystem_blocks.dylib
0x0000000180bcc000 	/usr/lib/system/libsystem_c.dylib
0x000000018b85a000 	/usr/lib/system/libsystem_collections.dylib
0x000000018a38d000 	/usr/lib/system/libsystem_configuration.dylib
0x00000001895e6000 	/usr/lib/system/libsystem_containermanager.dylib
0x000000018b565000 	/usr/lib/system/libsystem_coreservices.dylib
0x0000000183443000 	/usr/lib/system/libsystem_darwin.dylib
0x000000018b866000 	/usr/lib/system/libsystem_dnssd.dylib
0x0000000180bc9000 	/usr/lib/system/libsystem_featureflags.dylib
0x0000000180d27000 	/usr/lib/system/libsystem_info.dylib
0x000000018b7d0000 	/usr/lib/system/libsystem_m.dylib
0x0000000180b19000 	/usr/lib/system/libsystem_malloc.dylib
0x0000000185e18000 	/usr/lib/system/libsystem_networkextension.dylib
0x000000018389c000 	/usr/lib/system/libsystem_notify.dylib
0x0000000191bc9000 	/usr/lib/system/libsystem_product_info_filter.dylib
0x000000018a392000 	/usr/lib/system/libsystem_sandbox.dylib
0x000000018b85f000 	/usr/lib/system/libsystem_secinit.dylib
0x0000000180ccd000 	/usr/lib/system/libsystem_kernel.dylib
0x0000000180d1f000 	/usr/lib/system/libsystem_platform.dylib
0x0000000180d05000 	/usr/lib/system/libsystem_pthread.dylib
0x00000001875ee000 	/usr/lib/system/libsystem_symptoms.dylib
0x0000000180a75000 	/usr/lib/system/libsystem_trace.dylib
0x000000018b83a000 	/usr/lib/system/libunwind.dylib
0x0000000180a33000 	/usr/lib/system/libxpc.dylib
0x0000000180cb5000 	/usr/lib/libc++abi.dylib
0x000000018b845000 	/usr/lib/liboah.dylib
0x000000018c101000 	/usr/lib/liblzma.5.dylib
0x000000018194b000 	/System/Library/Frameworks/SystemConfiguration.framework/Versions/A/SystemConfiguration
0x000000018b877000 	/usr/lib/libfakelink.dylib
0x0000000185963000 	/System/Library/Frameworks/CFNetwork.framework/Versions/A/CFNetwork
0x000000018b9bd000 	/usr/lib/libarchive.2.dylib
0x000000018a399000 	/System/Library/PrivateFrameworks/AppleSystemInfo.framework/Versions/A/AppleSystemInfo
0x000000018af23000 	/usr/lib/libbsm.0.dylib
0x0000000184ed0000 	/usr/lib/libnetwork.dylib
0x000000018b811000 	/usr/lib/system/libkxld.dylib
0x000000018ab3d000 	/System/Library/PrivateFrameworks/IOMobileFramebuffer.framework/Versions/A/IOMobileFramebuffer
0x0000000200873000 	/usr/lib/libCoreEntitlements.dylib
0x000000018b547000 	/System/Library/PrivateFrameworks/AppleFSCompression.framework/Versions/A/AppleFSCompression
0x000000018af0b000 	/usr/lib/libcoretls.dylib
0x000000018c11a000 	/usr/lib/libcoretls_cfhelpers.dylib
0x000000018bb0f000 	/usr/lib/libpam.2.dylib
0x0000000187204000 	/usr/lib/libsqlite3.dylib
0x000000018c183000 	/usr/lib/libxar.1.dylib
0x000000018b558000 	/usr/lib/libbz2.1.0.dylib
0x000000018b87c000 	/usr/lib/libpcap.A.dylib
0x00000001875e5000 	/usr/lib/libdns_services.dylib
0x000000018bae2000 	/usr/lib/libapple_nghttp2.dylib
0x000000018b8b9000 	/usr/lib/libiconv.2.dylib
0x000000018b807000 	/usr/lib/libcharset.1.dylib
0x0000000188248000 	/System/Library/Frameworks/CoreServices.framework/Versions/A/Frameworks/FSEvents.framework/Versions/A/FSEvents
0x000000018344e000 	/System/Library/Frameworks/CoreServices.framework/Versions/A/Frameworks/CarbonCore.framework/Versions/A/CarbonCore
0x0000000187825000 	/System/Library/Frameworks/CoreServices.framework/Versions/A/Frameworks/Metadata.framework/Versions/A/Metadata
0x000000018b56b000 	/System/Library/Frameworks/CoreServices.framework/Versions/A/Frameworks/OSServices.framework/Versions/A/OSServices
0x000000018ba43000 	/System/Library/Frameworks/CoreServices.framework/Versions/A/Frameworks/SearchKit.framework/Versions/A/SearchKit
0x0000000187573000 	/System/Library/Frameworks/CoreServices.framework/Versions/A/Frameworks/AE.framework/Versions/A/AE
0x000000018129b000 	/System/Library/Frameworks/CoreServices.framework/Versions/A/Frameworks/LaunchServices.framework/Versions/A/LaunchServices
0x000000018c0aa000 	/System/Library/Frameworks/CoreServices.framework/Versions/A/Frameworks/DictionaryServices.framework/Versions/A/DictionaryServices
0x0000000188255000 	/System/Library/Frameworks/CoreServices.framework/Versions/A/Frameworks/SharedFileList.framework/Versions/A/SharedFileList
0x000000018aefb000 	/usr/lib/libCheckFix.dylib
0x0000000185ea2000 	/System/Library/PrivateFrameworks/TCC.framework/Versions/A/TCC
0x000000018a39f000 	/System/Library/PrivateFrameworks/CoreNLP.framework/Versions/A/CoreNLP
0x00000001877d4000 	/System/Library/PrivateFrameworks/MetadataUtilities.framework/Versions/A/MetadataUtilities
0x0000000181a05000 	/usr/lib/libmecabra.dylib
0x000000018af34000 	/usr/lib/libmecab.dylib
0x00000001819d1000 	/usr/lib/libCRFSuite.dylib
0x000000018af91000 	/usr/lib/libgermantok.dylib
0x000000018babb000 	/usr/lib/libThaiTokenizer.dylib
0x00000001878cd000 	/System/Library/Frameworks/Accelerate.framework/Versions/A/Frameworks/vImage.framework/Versions/A/vImage
0x0000000191cc9000 	/System/Library/Frameworks/Accelerate.framework/Versions/A/Frameworks/vecLib.framework/Versions/A/vecLib
0x000000018c1c8000 	/System/Library/Frameworks/Accelerate.framework/Versions/A/Frameworks/vecLib.framework/Versions/A/libvMisc.dylib
0x000000018aa44000 	/System/Library/Frameworks/Accelerate.framework/Versions/A/Frameworks/vecLib.framework/Versions/A/libvDSP.dylib
0x0000000181626000 	/System/Library/Frameworks/Accelerate.framework/Versions/A/Frameworks/vecLib.framework/Versions/A/libBLAS.dylib
0x000000018bbe5000 	/System/Library/Frameworks/Accelerate.framework/Versions/A/Frameworks/vecLib.framework/Versions/A/libLAPACK.dylib
0x000000018af94000 	/System/Library/Frameworks/Accelerate.framework/Versions/A/Frameworks/vecLib.framework/Versions/A/libLinearAlgebra.dylib
0x000000018bafa000 	/System/Library/Frameworks/Accelerate.framework/Versions/A/Frameworks/vecLib.framework/Versions/A/libSparseBLAS.dylib
0x000000018bbe0000 	/System/Library/Frameworks/Accelerate.framework/Versions/A/Frameworks/vecLib.framework/Versions/A/libQuadrature.dylib
0x000000018a498000 	/System/Library/Frameworks/Accelerate.framework/Versions/A/Frameworks/vecLib.framework/Versions/A/libBNNS.dylib
0x00000001818e4000 	/System/Library/Frameworks/Accelerate.framework/Versions/A/Frameworks/vecLib.framework/Versions/A/libSparse.dylib
0x000000018a490000 	/System/Library/PrivateFrameworks/LinguisticData.framework/Versions/A/LinguisticData
0x000000018189c000 	/System/Library/PrivateFrameworks/Lexicon.framework/Versions/A/Lexicon
0x000000018c1c0000 	/usr/lib/libChineseTokenizer.dylib
0x000000018204a000 	/System/Library/PrivateFrameworks/LanguageModeling.framework/Versions/A/LanguageModeling
0x000000018babd000 	/System/Library/PrivateFrameworks/AppleSauce.framework/Versions/A/AppleSauce
0x000000018ab2a000 	/System/Library/PrivateFrameworks/CoreEmoji.framework/Versions/A/CoreEmoji
0x000000018b9ab000 	/usr/lib/libcmph.dylib
0x0000000188228000 	/System/Library/Frameworks/OpenDirectory.framework/Versions/A/Frameworks/CFOpenDirectory.framework/Versions/A/CFOpenDirectory
0x0000000188218000 	/System/Library/Frameworks/OpenDirectory.framework/Versions/A/OpenDirectory
0x000000018c11c000 	/System/Library/PrivateFrameworks/APFS.framework/Versions/A/APFS
0x000000018ae4b000 	/System/Library/Frameworks/SecurityFoundation.framework/Versions/A/SecurityFoundation
0x000000018c192000 	/usr/lib/libutil.dylib
0x0000000183787000 	/System/Library/PrivateFrameworks/CoreServicesStore.framework/Versions/A/CoreServicesStore
0x000000018c196000 	/usr/lib/libxslt.1.dylib
0x000000018aedf000 	/System/Library/PrivateFrameworks/BackgroundTaskManagement.framework/Versions/A/BackgroundTaskManagement
0x000000018d434000 	/System/Library/Frameworks/ImageIO.framework/Versions/A/Resources/libRadiance.dylib
0x000000018d43d000 	/System/Library/Frameworks/ImageIO.framework/Versions/A/Resources/libJPEG.dylib
0x000000018d38e000 	/System/Library/Frameworks/ImageIO.framework/Versions/A/Resources/libPng.dylib
0x000000018d3b0000 	/System/Library/Frameworks/ImageIO.framework/Versions/A/Resources/libTIFF.dylib
0x000000018d498000 	/System/Library/Frameworks/ImageIO.framework/Versions/A/Resources/libGIF.dylib
0x000000018cdc6000 	/System/Library/Frameworks/ImageIO.framework/Versions/A/Resources/libJP2.dylib
0x000000018c4e8000 	/usr/lib/libexpat.1.dylib
0x000000018cd81000 	/System/Library/PrivateFrameworks/AppleJPEG.framework/Versions/A/AppleJPEG
0x00000001898a4000 	/System/Library/PrivateFrameworks/FontServices.framework/libFontParser.dylib
0x0000000187518000 	/System/Library/PrivateFrameworks/RunningBoardServices.framework/Versions/A/RunningBoardServices
0x0000000197dcc000 	/System/Library/PrivateFrameworks/IOSurfaceAccelerator.framework/Versions/A/IOSurfaceAccelerator
0x000000018ceb2000 	/System/Library/PrivateFrameworks/WatchdogClient.framework/Versions/A/WatchdogClient
0x000000018214a000 	/System/Library/Frameworks/CoreDisplay.framework/Versions/A/CoreDisplay
0x000000018978e000 	/System/Library/Frameworks/CoreMedia.framework/Versions/A/CoreMedia
0x0000000189619000 	/System/Library/PrivateFrameworks/IOAccelerator.framework/Versions/A/IOAccelerator
0x00000001883b8000 	/System/Library/Frameworks/CoreVideo.framework/Versions/A/CoreVideo
0x000000018bb0d000 	/System/Library/Frameworks/MetalPerformanceShaders.framework/Versions/A/MetalPerformanceShaders
0x000000018cef1000 	/System/Library/Frameworks/VideoToolbox.framework/Versions/A/VideoToolbox
0x000000018745c000 	/System/Library/PrivateFrameworks/BaseBoard.framework/Versions/A/BaseBoard
0x00000001871ea000 	/System/Library/PrivateFrameworks/ProtocolBuffer.framework/Versions/A/ProtocolBuffer
0x000000018d42f000 	/System/Library/PrivateFrameworks/GPUWrangler.framework/Versions/A/GPUWrangler
0x000000018d40f000 	/System/Library/PrivateFrameworks/IOPresentment.framework/Versions/A/IOPresentment
0x000000018d437000 	/System/Library/PrivateFrameworks/DSExternalDisplay.framework/Versions/A/DSExternalDisplay
0x00000001e247a000 	/System/Library/Frameworks/OpenGL.framework/Versions/A/Libraries/libCoreFSCache.dylib
0x00000001ed344000 	/System/Library/PrivateFrameworks/GPUCompiler.framework/Versions/31001/Libraries/libGPUCompilerUtils.dylib
0x000000018d49d000 	/System/Library/PrivateFrameworks/CMCaptureCore.framework/Versions/A/CMCaptureCore
0x000000018ca99000 	/System/Library/PrivateFrameworks/AppServerSupport.framework/Versions/A/AppServerSupport
0x000000018ed23000 	/System/Library/PrivateFrameworks/perfdata.framework/Versions/A/perfdata
0x000000018226a000 	/System/Library/PrivateFrameworks/AudioToolboxCore.framework/Versions/A/AudioToolboxCore
0x0000000189767000 	/System/Library/PrivateFrameworks/caulk.framework/Versions/A/caulk
0x000000018e618000 	/usr/lib/libAudioStatistics.dylib
0x00000001a0631000 	/System/Library/PrivateFrameworks/SystemPolicy.framework/Versions/A/SystemPolicy
0x000000018e884000 	/usr/lib/libSMC.dylib
0x00000001975d3000 	/System/Library/Frameworks/CoreMIDI.framework/Versions/A/CoreMIDI
0x000000018d35c000 	/usr/lib/libAudioToolboxUtility.dylib
0x000000019c794000 	/System/Library/PrivateFrameworks/OSAServicesClient.framework/Versions/A/OSAServicesClient
0x000000018ed30000 	/usr/lib/libperfcheck.dylib
0x00000001a1154000 	/usr/lib/libmis.dylib
0x00000001e24dc000 	/System/Library/Frameworks/OpenGL.framework/Versions/A/Libraries/libGLU.dylib
0x00000001e249b000 	/System/Library/Frameworks/OpenGL.framework/Versions/A/Libraries/libGFXShared.dylib
0x00000001e2688000 	/System/Library/Frameworks/OpenGL.framework/Versions/A/Libraries/libGL.dylib
0x00000001e24a4000 	/System/Library/Frameworks/OpenGL.framework/Versions/A/Libraries/libGLImage.dylib
0x00000001e2498000 	/System/Library/Frameworks/OpenGL.framework/Versions/A/Libraries/libCVMSPluginSupport.dylib
0x00000001e2481000 	/System/Library/Frameworks/OpenGL.framework/Versions/A/Libraries/libCoreVMClient.dylib
0x000000018a319000 	/System/Library/Frameworks/MetalPerformanceShaders.framework/Versions/A/Frameworks/MPSCore.framework/Versions/A/MPSCore
0x000000018b4ba000 	/System/Library/Frameworks/MetalPerformanceShaders.framework/Versions/A/Frameworks/MPSImage.framework/Versions/A/MPSImage
0x000000018afa9000 	/System/Library/Frameworks/MetalPerformanceShaders.framework/Versions/A/Frameworks/MPSNeuralNetwork.framework/Versions/A/MPSNeuralNetwork
0x000000018b3e2000 	/System/Library/Frameworks/MetalPerformanceShaders.framework/Versions/A/Frameworks/MPSMatrix.framework/Versions/A/MPSMatrix
0x000000018b1bb000 	/System/Library/Frameworks/MetalPerformanceShaders.framework/Versions/A/Frameworks/MPSRayIntersector.framework/Versions/A/MPSRayIntersector
0x000000018b413000 	/System/Library/Frameworks/MetalPerformanceShaders.framework/Versions/A/Frameworks/MPSNDArray.framework/Versions/A/MPSNDArray
0x00000001e4f83000 	/System/Library/Frameworks/MetalPerformanceShaders.framework/Versions/A/Frameworks/MPSFunctions.framework/Versions/A/MPSFunctions
0x00000001814fc000 	/System/Library/PrivateFrameworks/MetalTools.framework/Versions/A/MetalTools
0x000000018a397000 	/System/Library/PrivateFrameworks/AggregateDictionary.framework/Versions/A/AggregateDictionary
0x000000018c2cd000 	/usr/lib/libIOReport.dylib
0x00000001965ef000 	/System/Library/PrivateFrameworks/ASEProcessing.framework/Versions/A/ASEProcessing
0x000000018c642000 	/System/Library/PrivateFrameworks/FaceCore.framework/Versions/A/FaceCore
0x000000018c634000 	/System/Library/PrivateFrameworks/GraphVisualizer.framework/Versions/A/GraphVisualizer
0x00000001ed25b000 	/System/Library/PrivateFrameworks/FontServices.framework/Versions/A/FontServices
0x000000018ca55000 	/System/Library/PrivateFrameworks/OTSVG.framework/Versions/A/OTSVG
0x0000000187f81000 	/System/Library/Frameworks/ApplicationServices.framework/Versions/A/Frameworks/ATS.framework/Versions/A/Resources/libFontRegistry.dylib
0x000000018caa2000 	/System/Library/PrivateFrameworks/FontServices.framework/libhvf.dylib
0x00000001ed25c000 	/System/Library/PrivateFrameworks/FontServices.framework/libXTFontStaticRegistryData.dylib
0x00000001e2829000 	/System/Library/Frameworks/OpenCL.framework/Versions/A/OpenCL
0x000000018c49c000 	/System/Library/PrivateFrameworks/AppleVA.framework/Versions/A/AppleVA
0x000000018e640000 	/System/Library/Frameworks/ApplicationServices.framework/Versions/A/Frameworks/ATS.framework/Versions/A/ATS
0x00000001869a7000 	/System/Library/Frameworks/ApplicationServices.framework/Versions/A/Frameworks/HIServices.framework/Versions/A/HIServices
0x000000018d4a7000 	/System/Library/Frameworks/ApplicationServices.framework/Versions/A/Frameworks/PrintCore.framework/Versions/A/PrintCore
0x000000018e9d7000 	/System/Library/Frameworks/ApplicationServices.framework/Versions/A/Frameworks/QD.framework/Versions/A/QD
0x000000018e9cf000 	/System/Library/Frameworks/ApplicationServices.framework/Versions/A/Frameworks/ColorSyncLegacy.framework/Versions/A/ColorSyncLegacy
0x000000018e62c000 	/System/Library/Frameworks/ApplicationServices.framework/Versions/A/Frameworks/SpeechSynthesis.framework/Versions/A/SpeechSynthesis
0x000000018d468000 	/System/Library/Frameworks/ApplicationServices.framework/Versions/A/Frameworks/ATSUI.framework/Versions/A/ATSUI
0x000000018e964000 	/usr/lib/libcups.2.dylib
0x000000018ed3e000 	/System/Library/Frameworks/Kerberos.framework/Versions/A/Kerberos
0x000000018ed4f000 	/System/Library/Frameworks/GSS.framework/Versions/A/GSS
0x000000018e6b0000 	/usr/lib/libresolv.9.dylib
0x000000018cab1000 	/System/Library/PrivateFrameworks/Heimdal.framework/Versions/A/Heimdal
0x0000000195825000 	/System/Library/Frameworks/Kerberos.framework/Versions/A/Libraries/libHeimdalProxy.dylib
0x00000001875f7000 	/System/Library/Frameworks/Network.framework/Versions/A/Network
0x000000018c503000 	/usr/lib/libheimdal-asn1.dylib
0x000000018ed9f000 	/System/Library/PrivateFrameworks/CommonAuth.framework/Versions/A/CommonAuth
0x000000018e5a6000 	/System/Library/PrivateFrameworks/AudioSession.framework/Versions/A/AudioSession
0x000000018c595000 	/System/Library/PrivateFrameworks/MediaExperience.framework/Versions/A/MediaExperience
0x000000018e42b000 	/System/Library/PrivateFrameworks/AudioSession.framework/libSessionUtility.dylib
0x000000018e9e3000 	/System/Library/PrivateFrameworks/AudioResourceArbitration.framework/Versions/A/AudioResourceArbitration
0x0000000192ba6000 	/System/Library/PrivateFrameworks/PowerLog.framework/Versions/A/PowerLog
0x000000018c50d000 	/System/Library/PrivateFrameworks/IconFoundation.framework/Versions/A/IconFoundation
0x00000001918ef000 	/System/Library/PrivateFrameworks/SpeechRecognitionCore.framework/Versions/A/SpeechRecognitionCore
0x0000000105760000 	/Users/umer/Library/Java/JavaVirtualMachines/corretto-17.0.5/Contents/Home/lib/server/libjvm.dylib
0x00000001044d0000 	/Users/umer/Library/Java/JavaVirtualMachines/corretto-17.0.5/Contents/Home/lib/libjimage.dylib
0x0000000104558000 	/Users/umer/Library/Java/JavaVirtualMachines/corretto-17.0.5/Contents/Home/lib/libjava.dylib
0x00000001050ac000 	/Users/umer/Library/Java/JavaVirtualMachines/corretto-17.0.5/Contents/Home/lib/libnio.dylib
0x00000001050cc000 	/Users/umer/Library/Java/JavaVirtualMachines/corretto-17.0.5/Contents/Home/lib/libnet.dylib
0x0000000105200000 	/Users/umer/Library/Java/JavaVirtualMachines/corretto-17.0.5/Contents/Home/lib/libzip.dylib
0x0000000104678000 	/Users/umer/.openjfx/cache/17/libprism_es2.dylib
0x000000018374a000 	/System/Library/PrivateFrameworks/CoreServicesInternal.framework/Versions/A/CoreServicesInternal
0x00000001e2692000 	/System/Library/Frameworks/OpenGL.framework/Versions/A/Resources/GLEngine.bundle/GLEngine
0x00000001e251a000 	/System/Library/Frameworks/OpenGL.framework/Versions/A/Libraries/libGLProgrammability.dylib
0x0000000105540000 	/System/Library/Extensions/AppleMetalOpenGLRenderer.bundle/Contents/MacOS/AppleMetalOpenGLRenderer
0x00000001e2801000 	/System/Library/Frameworks/OpenGL.framework/Versions/A/Resources/GLRendererFloat.bundle/GLRendererFloat
0x00000001c772b000 	/System/Library/Extensions/AGXMetalG13X.bundle/Contents/MacOS/AGXMetalG13X
0x00000001a1170000 	/System/Library/PrivateFrameworks/GPURawCounter.framework/Versions/A/GPURawCounter
0x000000019b8fd000 	/System/Library/PrivateFrameworks/IOGPU.framework/Versions/A/IOGPU
0x0000000126300000 	/Users/umer/.openjfx/cache/17/libglass.dylib
0x0000000192dfe000 	/System/Library/Frameworks/FileProvider.framework/Versions/A/FileProvider
0x00000001873c4000 	/System/Library/Frameworks/Accounts.framework/Versions/A/Accounts
0x0000000192f82000 	/System/Library/PrivateFrameworks/GenerationalStorage.framework/Versions/A/GenerationalStorage
0x0000000193b45000 	/System/Library/PrivateFrameworks/CoreSymbolication.framework/Versions/A/CoreSymbolication
0x0000000192b9a000 	/System/Library/PrivateFrameworks/SymptomDiagnosticReporter.framework/Versions/A/SymptomDiagnosticReporter
0x0000000184a3b000 	/System/Library/PrivateFrameworks/DesktopServicesPriv.framework/Versions/A/DesktopServicesPriv
0x00000001838ac000 	/usr/lib/libsandbox.1.dylib
0x0000000188446000 	/System/Library/PrivateFrameworks/UserManagement.framework/Versions/A/UserManagement
0x0000000193b02000 	/System/Library/PrivateFrameworks/DebugSymbols.framework/Versions/A/DebugSymbols
0x000000018e9c2000 	/System/Library/PrivateFrameworks/NetAuth.framework/Versions/A/NetAuth
0x000000018f8e0000 	/System/Library/PrivateFrameworks/Sharing.framework/Versions/A/Sharing
0x0000000188416000 	/System/Library/PrivateFrameworks/login.framework/Versions/A/Frameworks/loginsupport.framework/Versions/A/loginsupport
0x0000000194d39000 	/System/Library/PrivateFrameworks/Apple80211.framework/Versions/A/Apple80211
0x000000018b59e000 	/System/Library/PrivateFrameworks/AuthKit.framework/Versions/A/AuthKit
0x000000018ac26000 	/System/Library/PrivateFrameworks/CoreUtils.framework/Versions/A/CoreUtils
0x000000018ab49000 	/System/Library/Frameworks/CoreWLAN.framework/Versions/A/CoreWLAN
0x000000018fa50000 	/System/Library/Frameworks/IOBluetooth.framework/Versions/A/IOBluetooth
0x0000000194d99000 	/System/Library/PrivateFrameworks/CoreWiFi.framework/Versions/A/CoreWiFi
0x00000001936e2000 	/System/Library/PrivateFrameworks/FrontBoardServices.framework/Versions/A/FrontBoardServices
0x000000019377a000 	/System/Library/PrivateFrameworks/BoardServices.framework/Versions/A/BoardServices
0x000000018ae39000 	/System/Library/PrivateFrameworks/AssertionServices.framework/Versions/A/AssertionServices
0x0000000194f16000 	/System/Library/PrivateFrameworks/BackBoardServices.framework/Versions/A/BackBoardServices
0x000000018ee36000 	/System/Library/PrivateFrameworks/CorePhoneNumbers.framework/Versions/A/CorePhoneNumbers
0x000000018e6dd000 	/System/Library/PrivateFrameworks/MultiverseSupport.framework/Versions/A/MultiverseSupport
0x0000000195198000 	/System/Library/PrivateFrameworks/RemoteServiceDiscovery.framework/Versions/A/RemoteServiceDiscovery
0x0000000192cca000 	/System/Library/PrivateFrameworks/DiskManagement.framework/Versions/A/DiskManagement
0x0000000192bcd000 	/System/Library/PrivateFrameworks/AppleIDAuthSupport.framework/Versions/A/AppleIDAuthSupport
0x00000001e77c0000 	/System/Library/PrivateFrameworks/AAAFoundation.framework/Versions/A/AAAFoundation
0x000000018ee15000 	/System/Library/PrivateFrameworks/KeychainCircle.framework/Versions/A/KeychainCircle
0x00000001951a8000 	/System/Library/PrivateFrameworks/RemoteXPC.framework/Versions/A/RemoteXPC
0x0000000192c96000 	/System/Library/PrivateFrameworks/MediaKit.framework/Versions/A/MediaKit
0x0000000192bda000 	/System/Library/Frameworks/DiscRecording.framework/Versions/A/DiscRecording
0x000000018c418000 	/usr/lib/libCoreStorage.dylib
0x0000000195214000 	/usr/lib/libcsfde.dylib
0x000000018fb25000 	/System/Library/PrivateFrameworks/ProtectedCloudStorage.framework/Versions/A/ProtectedCloudStorage
0x000000019520c000 	/System/Library/PrivateFrameworks/EFILogin.framework/Versions/A/EFILogin
0x0000000192fa9000 	/System/Library/PrivateFrameworks/OctagonTrust.framework/Versions/A/OctagonTrust
0x00000001ec3e2000 	/System/Library/PrivateFrameworks/CoreUtilsExtras.framework/Versions/A/CoreUtilsExtras
0x0000000192aff000 	/System/Library/Frameworks/CoreBluetooth.framework/Versions/A/CoreBluetooth
0x00000001958aa000 	/System/Library/Frameworks/AudioUnit.framework/Versions/A/AudioUnit
0x000000018c410000 	/usr/lib/libMatch.1.dylib
0x00000001a5658000 	/System/Library/Frameworks/Accelerate.framework/Versions/A/Frameworks/vImage.framework/Versions/A/Libraries/libCGInterfaces.dylib
0x0000000126fcc000 	/usr/lib/libobjc-trampolines.dylib
0x0000000188110000 	/System/Library/PrivateFrameworks/ViewBridge.framework/Versions/A/ViewBridge
0x000000018c2d6000 	/System/Library/PrivateFrameworks/CrashReporterSupport.framework/Versions/A/CrashReporterSupport
0x00000001ad10e000 	/System/Library/PrivateFrameworks/OSAnalytics.framework/Versions/A/OSAnalytics
0x00000001b8478000 	/System/Library/PrivateFrameworks/Symbolication.framework/Versions/A/Symbolication
0x00000001a1131000 	/System/Library/PrivateFrameworks/MallocStackLogging.framework/Versions/A/MallocStackLogging
0x0000000137e28000 	/Users/umer/.openjfx/cache/17/libjavafx_font.dylib
0x000000018cb74000 	/System/Library/PrivateFrameworks/login.framework/Versions/A/login
0x00000002009d0000 	/usr/lib/libRosetta.dylib
0x0000000137e68000 	/Users/umer/Library/Java/JavaVirtualMachines/corretto-17.0.5/Contents/Home/lib/libextnet.dylib


VM Arguments:
jvm_args: -Dfile.encoding=UTF-8 -Duser.country=DE -Duser.language=en -Duser.variant 
java_command: de.tum.in.ase.pse.dispatcher.DispatcherMain
java_class_path (initial): /Users/umer/Desktop/TUM/Semester 3/PSE/L04/pse22l04e03-ge95hoq/build/classes/java/main:/Users/umer/Desktop/TUM/Semester 3/PSE/L04/pse22l04e03-ge95hoq/build/resources/main:/Users/umer/.gradle/caches/modules-2/files-2.1/org.openjfx/javafx-controls/17/2254b351c1e6ce2ac9adcd3480fed883cebbb08b/javafx-controls-17-mac-aarch64.jar:/Users/umer/.gradle/caches/modules-2/files-2.1/org.openjfx/javafx-graphics/17/b6326f61f7e0effbf733d62e83b8317eb8e768b4/javafx-graphics-17-mac-aarch64.jar:/Users/umer/.gradle/caches/modules-2/files-2.1/org.openjfx/javafx-graphics/17/616d987ba02a86196d7feca443677fff908d5737/javafx-graphics-17.jar:/Users/umer/.gradle/caches/modules-2/files-2.1/org.openjfx/javafx-base/17/d77b645fa3e1a6270783178541944e4b4a457cd2/javafx-base-17-mac-aarch64.jar:/Users/umer/.gradle/caches/modules-2/files-2.1/org.openjfx/javafx-base/17/1e6732190939254735dc2a88eca88c5c7ccc719d/javafx-base-17.jar
Launcher Type: SUN_STANDARD

[Global flags]
     intx CICompilerCount                          = 4                                         {product} {ergonomic}
     uint ConcGCThreads                            = 2                                         {product} {ergonomic}
     uint G1ConcRefinementThreads                  = 8                                         {product} {ergonomic}
   size_t G1HeapRegionSize                         = 2097152                                   {product} {ergonomic}
    uintx GCDrainStackTargetSize                   = 64                                        {product} {ergonomic}
   size_t InitialHeapSize                          = 268435456                                 {product} {ergonomic}
   size_t MarkStackSize                            = 4194304                                   {product} {ergonomic}
   size_t MaxHeapSize                              = 4294967296                                {product} {ergonomic}
   size_t MaxNewSize                               = 2575302656                                {product} {ergonomic}
   size_t MinHeapDeltaBytes                        = 2097152                                   {product} {ergonomic}
   size_t MinHeapSize                              = 8388608                                   {product} {ergonomic}
    uintx NonNMethodCodeHeapSize                   = 5839564                                {pd product} {ergonomic}
    uintx NonProfiledCodeHeapSize                  = 122909338                              {pd product} {ergonomic}
    uintx ProfiledCodeHeapSize                     = 122909338                              {pd product} {ergonomic}
    uintx ReservedCodeCacheSize                    = 251658240                              {pd product} {ergonomic}
     bool SegmentedCodeCache                       = true                                      {product} {ergonomic}
   size_t SoftMaxHeapSize                          = 4294967296                             {manageable} {ergonomic}
     bool UseCompressedClassPointers               = true                           {product lp64_product} {ergonomic}
     bool UseCompressedOops                        = true                           {product lp64_product} {ergonomic}
     bool UseG1GC                                  = true                                      {product} {ergonomic}
     bool UseNUMA                                  = false                                     {product} {ergonomic}
     bool UseNUMAInterleaving                      = false                                     {product} {ergonomic}

Logging:
Log output configuration:
 #0: stdout all=warning uptime,level,tags
 #1: stderr all=off uptime,level,tags

Environment Variables:
PATH=/opt/homebrew/bin:/opt/homebrew/sbin:/usr/local/bin:/usr/bin:/bin:/usr/sbin:/sbin
SHELL=/bin/zsh
LC_CTYPE=en_DE.UTF-8
TMPDIR=/var/folders/ml/v5zzx4yn3tvdp6dmy08h1fsw0000gn/T/

Signal Handlers:
   SIGSEGV: _ZL13crash_handleriP9__siginfoPv in libjvm.dylib, mask=11100110000111110111111111111111, flags=SA_RESTART|SA_SIGINFO
    SIGBUS: _ZL13crash_handleriP9__siginfoPv in libjvm.dylib, mask=11100110000111110111111111111111, flags=SA_RESTART|SA_SIGINFO
    SIGFPE: _ZL13crash_handleriP9__siginfoPv in libjvm.dylib, mask=11100110000111110111111111111111, flags=SA_RESTART|SA_SIGINFO
   SIGPIPE: _ZL17javaSignalHandleriP9__siginfoPv in libjvm.dylib, mask=11100110000111110111111111111111, flags=SA_RESTART|SA_SIGINFO
   SIGXFSZ: _ZL17javaSignalHandleriP9__siginfoPv in libjvm.dylib, mask=11100110000111110111111111111111, flags=SA_RESTART|SA_SIGINFO
    SIGILL: _ZL13crash_handleriP9__siginfoPv in libjvm.dylib, mask=11100110000111110111111111111111, flags=SA_RESTART|SA_SIGINFO
   SIGUSR2: _ZL10SR_handleriP9__siginfoP17__darwin_ucontext in libjvm.dylib, mask=00100000000000000000000000000000, flags=SA_RESTART|SA_SIGINFO
    SIGHUP: _ZL11UserHandleriPvS_ in libjvm.dylib, mask=11100110000111110111111111111111, flags=SA_RESTART|SA_SIGINFO
    SIGINT: _ZL11UserHandleriPvS_ in libjvm.dylib, mask=11100110000111110111111111111111, flags=SA_RESTART|SA_SIGINFO
   SIGTERM: _ZL11UserHandleriPvS_ in libjvm.dylib, mask=11100110000111110111111111111111, flags=SA_RESTART|SA_SIGINFO
   SIGQUIT: _ZL11UserHandleriPvS_ in libjvm.dylib, mask=11100110000111110111111111111111, flags=SA_RESTART|SA_SIGINFO
  *** Handler was modified!
  *** Expected: _ZL17javaSignalHandleriP9__siginfoPv in libjvm.dylib, mask=11100110100111111111111111111111, flags=SA_RESTART|SA_SIGINFO
   SIGTRAP: _ZL13crash_handleriP9__siginfoPv in libjvm.dylib, mask=11100110000111110111111111111111, flags=SA_RESTART|SA_SIGINFO


---------------  S Y S T E M  ---------------

OS:
uname: Darwin 21.6.0 Darwin Kernel Version 21.6.0: Thu Sep 29 20:13:56 PDT 2022; root:xnu-8020.240.7~1/RELEASE_ARM64_T6000 arm64
OS uptime: 27 days 14:03 hours
rlimit (soft/hard): STACK 8176k/65520k , CORE 0k/infinity , NPROC 2666/4000 , NOFILE 10240/infinity , AS infinity/infinity , CPU infinity/infinity , DATA infinity/infinity , FSIZE infinity/infinity , MEMLOCK infinity/infinity , RSS infinity/infinity
load average: 4.74 4.56 4.37

CPU: total 8 (initial active 8) 0x61:0x0:0x1b588bb3:0, fp, simd, crc, lse

Memory: 16k page, physical 16777216k(71232k free), swap 1048576k(813184k free)

vm_info: OpenJDK 64-Bit Server VM (17.0.5+8-LTS) for bsd-aarch64 JRE (17.0.5+8-LTS), built on Oct 13 2022 05:06:05 by "ec2user" with clang Apple LLVM 13.0.0 (clang-1300.0.29.30)

END.
