#
# A fatal error has been detected by the Java Runtime Environment:
#
#  SIGBUS (0xa) at pc=0x0000000115cd6da0, pid=1406, tid=29195
#
# JRE version: OpenJDK Runtime Environment (19.0.1+10) (build 19.0.1+10-21)
# Java VM: OpenJDK 64-Bit Server VM (19.0.1+10-21, mixed mode, sharing, tiered, compressed oops, compressed class ptrs, g1 gc, bsd-aarch64)
# Problematic frame:
# j  com.sun.glass.ui.mac.MacApplication._submitForLaterInvocation(Ljava/lang/Runnable;)V+0
#
# No core dump will be written. Core dumps have been disabled. To enable core dumping, try "ulimit -c unlimited" before starting Java again
#
# If you would like to submit a bug report, please visit:
#   https://bugreport.java.com/bugreport/crash.jsp
# The crash happened outside the Java Virtual Machine in native code.
# See problematic frame for where to report the bug.
#

---------------  S U M M A R Y ------------

Command Line: -agentlib:jdwp=transport=dt_socket,server=n,suspend=y,address=127.0.0.1:49456 -Dfile.encoding=UTF-8 -Duser.country=DE -Duser.language=en -Duser.variant de.tum.in.ase.pse.server.ServerMain

Host: "MacBookPro18,3" arm64, 8 cores, 16G, Darwin 21.6.0, macOS 12.6.1 (21G217)
Time: Tue Nov 22 22:19:56 2022 CET elapsed time: 2.638090 seconds (0d 0h 0m 2s)

---------------  T H R E A D  ---------------

Current thread (0x00000001269fa200):  JavaThread "InvokeLaterDispatcher" daemon [_thread_in_native, id=29195, stack(0x000000016e8c0000,0x000000016eac3000)]

Stack: [0x000000016e8c0000,0x000000016eac3000],  sp=0x000000016eac2920,  free space=2058k
Native frames: (J=compiled Java code, j=interpreted, Vv=VM code, C=native code)
j  com.sun.glass.ui.mac.MacApplication._submitForLaterInvocation(Ljava/lang/Runnable;)V+0
j  com.sun.glass.ui.mac.MacApplication.submitForLaterInvocation(Ljava/lang/Runnable;)V+2
j  com.sun.glass.ui.InvokeLaterDispatcher.run()V+82
v  ~StubRoutines::call_stub 0x0000000115cc0140
V  [libjvm.dylib+0x4e3ab8]  _ZN9JavaCalls11call_helperEP9JavaValueRK12methodHandleP17JavaCallArgumentsP10JavaThread+0x38c
V  [libjvm.dylib+0x4e2ad4]  _ZN9JavaCalls12call_virtualEP9JavaValueP5KlassP6SymbolS5_P17JavaCallArgumentsP10JavaThread+0x11c
V  [libjvm.dylib+0x4e2ba0]  _ZN9JavaCalls12call_virtualEP9JavaValue6HandleP5KlassP6SymbolS6_P10JavaThread+0x64
V  [libjvm.dylib+0x59958c]  _ZL12thread_entryP10JavaThreadS0_+0x9c
V  [libjvm.dylib+0x991d34]  _ZN10JavaThread17thread_main_innerEv+0x110
V  [libjvm.dylib+0x990288]  _ZN6Thread8call_runEv+0xe0
V  [libjvm.dylib+0x83b5fc]  _ZL19thread_native_entryP6Thread+0x158
C  [libsystem_pthread.dylib+0x726c]  _pthread_start+0x94

Java frames: (J=compiled Java code, j=interpreted, Vv=VM code)
j  com.sun.glass.ui.mac.MacApplication._submitForLaterInvocation(Ljava/lang/Runnable;)V+0
j  com.sun.glass.ui.mac.MacApplication.submitForLaterInvocation(Ljava/lang/Runnable;)V+2
j  com.sun.glass.ui.InvokeLaterDispatcher.run()V+82
v  ~StubRoutines::call_stub 0x0000000115cc0140

siginfo: si_signo: 10 (SIGBUS), si_code: 1 (BUS_ADRALN), si_addr: 0x0000000115cd6da0

Registers:
 x0=0x0000000104668000  x1=0x0000600001e040c0  x2=0x0000000000000000  x3=0x00000001b1f4b04c
 x4=0x00000000000130a8  x5=0x0000000000000000  x6=0x0000000000000000  x7=0x00000008001d20c0
 x8=0xb9b921c605a90094  x9=0xb9b921c605a90094 x10=0x00000000000007fb x11=0x00000000000007fd
x12=0x000000000000000d x13=0x00000000ad3fa00c x14=0x00000000ad5fa800 x15=0x00000000000003f5
x16=0x0000000080000000 x17=0x000000002d400000 x18=0x0000000000000000 x19=0x0000000115cd41f0
x20=0x000000016eac2920 x21=0x00000001064da348 x22=0x0000000000000000 x23=0x0000000115cd5940
x24=0x000000016eac29a8 x25=0x0000000000000001 x26=0x000000013e52e9e8 x27=0x0000000000000000
x28=0x00000001269fa200  fp=0x000000016eac2980  lr=0xc440800115cd6da0  sp=0x000000016eac2920
pc=0x0000000115cd6da0 cpsr=0x0000000060001000

Register to memory mapping:

 x0=0x0000000104668000 points into unknown readable memory: 0x0000000000000000 | 00 00 00 00 00 00 00 00
 x1=0x0000600001e040c0 points into unknown readable memory: 0x0000a7bde0a040c0 | c0 40 a0 e0 bd a7 00 00
 x2=0x0 is NULL
 x3=0x00000001b1f4b04c: nanov2_free_definite_size+0 in /usr/lib/system/libsystem_malloc.dylib at 0x00000001b1f49000
 x4=0x00000000000130a8 is an unknown value
 x5=0x0 is NULL
 x6=0x0 is NULL
 x7=0x00000008001d20c0 is a pointer to class: 
java.util.concurrent.locks.ReentrantLock$NonfairSync {0x00000008001d20c0}
 - instance size:     4
 - klass size:        70
 - access:            final synchronized 
 - state:             fully_initialized
 - name:              'java/util/concurrent/locks/ReentrantLock$NonfairSync'
 - super:             'java/util/concurrent/locks/ReentrantLock$Sync'
 - sub:               
 - arrays:            NULL
 - methods:           Array<T>(0x0000000800880a28)
 - method ordering:   Array<T>(0x0000000800880a98)
 - default_methods:   Array<T>(0x0000000000000000)
 - local interfaces:  Array<T>(0x0000000800600858)
 - trans. interfaces: Array<T>(0x000000080087d4e8)
 - constants:         constant pool [69] {0x00000008008806c8} for 'java/util/concurrent/locks/ReentrantLock$NonfairSync' cache=0x00000008001d3b90
 - class loader data:  loader data: 0x0000600002d012c0 of 'bootstrap'
 - source file:       'ReentrantLock.java'
 - class annotations:       Array<T>(0x0000000000000000)
 - class type annotations:  Array<T>(0x0000000000000000)
 - field annotations:       Array<T>(0x0000000000000000)
 - field type annotations:  Array<T>(0x0000000000000000)
 - inner classes:     Array<T>(0x0000000800880a08)
 - nest members:     Array<T>(0x00000008006007e0)
 - permitted subclasses:     Array<T>(0x00000008006007e0)
 - java mirror:       a 'java/lang/Class'{0x00000007ffd18310} = 'java/util/concurrent/locks/ReentrantLock$NonfairSync'
 - vtable length      11  (start addr: 0x00000008001d2278)
 - itable length      2 (start addr: 0x00000008001d22d0)
 - ---- static fields (1 words):
 - private static final 'serialVersionUID' 'J' @112 
 - ---- non-static fields (4 words):
 - private transient 'exclusiveOwnerThread' 'Ljava/lang/Thread;' @12 
 - private volatile 'state' 'I' @16 
 - private volatile transient 'head' 'Ljava/util/concurrent/locks/AbstractQueuedSynchronizer$Node;' @20 
 - private volatile transient 'tail' 'Ljava/util/concurrent/locks/AbstractQueuedSynchronizer$Node;' @24 
 - non-static oop maps: 12-12 20-24 
 x8=0xb9b921c605a90094 is an unknown value
 x9=0xb9b921c605a90094 is an unknown value
x10=0x00000000000007fb is an unknown value
x11=0x00000000000007fd is an unknown value
x12=0x000000000000000d is an unknown value
x13=0x00000000ad3fa00c is an unknown value
x14=0x00000000ad5fa800 is an unknown value
x15=0x00000000000003f5 is an unknown value
x16=0x0000000080000000 is an unknown value
x17=